Fri 03 Nov 2023 00:09:54 INFO  
General Hyper Parameters:
gpu_id = 0
use_gpu = True
seed = 2020
state = INFO
reproducibility = True
data_path = dataset/gowalla-merged
checkpoint_dir = saved
show_progress = True
save_dataset = False
dataset_save_path = None
save_dataloaders = False
dataloaders_save_path = None
log_wandb = False

Training Hyper Parameters:
epochs = 300
train_batch_size = 4096
learner = adam
learning_rate = 0.002
train_neg_sample_args = {'distribution': 'uniform', 'sample_num': 1, 'alpha': 1.0, 'dynamic': False, 'candidate_num': 0}
eval_step = 1
stopping_step = 10
clip_grad_norm = None
weight_decay = 0.0
loss_decimal_place = 4

Evaluation Hyper Parameters:
eval_args = {'split': {'RS': [0.8, 0.1, 0.1]}, 'order': 'RO', 'group_by': 'user', 'mode': {'valid': 'full', 'test': 'full'}}
repeatable = False
metrics = ['Recall', 'NDCG']
topk = [10, 20, 50]
valid_metric = NDCG@10
valid_metric_bigger = True
eval_batch_size = 4096000
metric_decimal_place = 4

Dataset Hyper Parameters:
field_separator = 	
seq_separator =  
USER_ID_FIELD = user_id
ITEM_ID_FIELD = item_id
RATING_FIELD = rating
TIME_FIELD = timestamp
seq_len = None
LABEL_FIELD = label
threshold = None
NEG_PREFIX = neg_
load_col = {'inter': ['user_id', 'item_id']}
unload_col = None
unused_col = None
additional_feat_suffix = None
rm_dup_inter = None
val_interval = None
filter_inter_by_user_or_item = True
user_inter_num_interval = [10,inf)
item_inter_num_interval = [10,inf)
alias_of_user_id = None
alias_of_item_id = None
alias_of_entity_id = None
alias_of_relation_id = None
preload_weight = None
normalize_field = None
normalize_all = None
ITEM_LIST_LENGTH_FIELD = item_length
LIST_SUFFIX = _list
MAX_ITEM_LIST_LENGTH = 50
POSITION_FIELD = position_id
HEAD_ENTITY_ID_FIELD = head_id
TAIL_ENTITY_ID_FIELD = tail_id
RELATION_ID_FIELD = relation_id
ENTITY_ID_FIELD = entity_id
benchmark_filename = None

Other Hyper Parameters: 
worker = 0
wandb_project = recbole
shuffle = True
require_pow = False
enable_amp = False
enable_scaler = False
transform = None
embedding_size = 64
n_layers = 3
reg_weight = 0.0001
ssl_temp = 0.05
ssl_reg = 1e-06
hyper_layers = 1
alpha = 0.5
proto_reg = 5e-08
num_clusters = 10
m_step = 1
warm_up_step = 20
numerical_features = []
discretization = None
kg_reverse_r = False
entity_kg_num_interval = [0,inf)
relation_kg_num_interval = [0,inf)
MODEL_TYPE = ModelType.GENERAL
eval_setting = {'split': {'RS': [0.8, 0.1, 0.1]}, 'order': 'RO', 'group_by': 'user', 'mode': 'full'}
MODEL_INPUT_TYPE = InputType.PAIRWISE
eval_type = EvaluatorType.RANKING
single_spec = True
local_rank = 0
device = cuda
valid_neg_sample_args = {'distribution': 'uniform', 'sample_num': 'none'}
test_neg_sample_args = {'distribution': 'uniform', 'sample_num': 'none'}


Fri 03 Nov 2023 00:10:30 INFO  gowalla-merged
The number of users: 29859
Average actions of users: 34.411681961283406
The number of items: 40989
Average actions of items: 25.067434371035425
The number of inters: 1027464
The sparsity of the dataset: 99.91604935595258%
Remain Fields: ['user_id', 'item_id']
Fri 03 Nov 2023 00:10:34 INFO  [Training]: train_batch_size = [4096] train_neg_sample_args: [{'distribution': 'uniform', 'sample_num': 1, 'alpha': 1.0, 'dynamic': False, 'candidate_num': 0}]
Fri 03 Nov 2023 00:10:34 INFO  [Evaluation]: eval_batch_size = [4096000] eval_args: [{'split': {'RS': [0.8, 0.1, 0.1]}, 'order': 'RO', 'group_by': 'user', 'mode': {'valid': 'full', 'test': 'full'}}]
Fri 03 Nov 2023 00:10:44 INFO  NCL(
  (user_embedding): Embedding(29859, 64)
  (item_embedding): Embedding(40989, 64)
  (mf_loss): BPRLoss()
  (reg_loss): EmbLoss()
)
Trainable parameters: 4534272
Fri 03 Nov 2023 00:10:45 INFO  Running E-step ! 
Fri 03 Nov 2023 00:11:01 INFO  epoch 0 training [time: 12.31s, train_loss1: 143.4537, train_loss2: 0.3356]
Fri 03 Nov 2023 00:11:03 INFO  epoch 0 evaluating [time: 2.04s, valid_score: 0.003400]
Fri 03 Nov 2023 00:11:03 INFO  valid result: 
recall@10 : 0.0049    recall@20 : 0.0073    recall@50 : 0.0126    ndcg@10 : 0.0034    ndcg@20 : 0.0041    ndcg@50 : 0.0054
Fri 03 Nov 2023 00:11:03 INFO  Saving current: saved/NCL-Nov-03-2023_00-10-44.pth
Fri 03 Nov 2023 00:11:03 INFO  Saving current best: saved/NCL-Nov-03-2023_00-10-44.pth
Fri 03 Nov 2023 00:11:03 INFO  Running E-step ! 
Fri 03 Nov 2023 00:11:15 INFO  epoch 1 training [time: 12.25s, train_loss1: 143.4270, train_loss2: 0.0122]
Fri 03 Nov 2023 00:11:17 INFO  epoch 1 evaluating [time: 1.40s, valid_score: 0.009300]
Fri 03 Nov 2023 00:11:17 INFO  valid result: 
recall@10 : 0.0132    recall@20 : 0.0194    recall@50 : 0.0307    ndcg@10 : 0.0093    ndcg@20 : 0.0111    ndcg@50 : 0.0138
Fri 03 Nov 2023 00:11:17 INFO  Saving current: saved/NCL-Nov-03-2023_00-10-44.pth
Fri 03 Nov 2023 00:11:17 INFO  Saving current best: saved/NCL-Nov-03-2023_00-10-44.pth
Fri 03 Nov 2023 00:11:17 INFO  Running E-step ! 
Fri 03 Nov 2023 00:11:30 INFO  epoch 2 training [time: 12.21s, train_loss1: 143.3288, train_loss2: 0.0189]
Fri 03 Nov 2023 00:11:31 INFO  epoch 2 evaluating [time: 1.38s, valid_score: 0.022000]
Fri 03 Nov 2023 00:11:31 INFO  valid result: 
recall@10 : 0.0329    recall@20 : 0.05    recall@50 : 0.0762    ndcg@10 : 0.022    ndcg@20 : 0.027    ndcg@50 : 0.0335
Fri 03 Nov 2023 00:11:31 INFO  Saving current: saved/NCL-Nov-03-2023_00-10-44.pth
Fri 03 Nov 2023 00:11:31 INFO  Saving current best: saved/NCL-Nov-03-2023_00-10-44.pth
Fri 03 Nov 2023 00:11:31 INFO  Running E-step ! 
Fri 03 Nov 2023 00:11:44 INFO  epoch 3 training [time: 12.18s, train_loss1: 142.4698, train_loss2: 0.1462]
Fri 03 Nov 2023 00:11:45 INFO  epoch 3 evaluating [time: 1.35s, valid_score: 0.042300]
Fri 03 Nov 2023 00:11:45 INFO  valid result: 
recall@10 : 0.0642    recall@20 : 0.0958    recall@50 : 0.1573    ndcg@10 : 0.0423    ndcg@20 : 0.0515    ndcg@50 : 0.0665
Fri 03 Nov 2023 00:11:45 INFO  Saving current: saved/NCL-Nov-03-2023_00-10-44.pth
Fri 03 Nov 2023 00:11:45 INFO  Saving current best: saved/NCL-Nov-03-2023_00-10-44.pth
Fri 03 Nov 2023 00:11:45 INFO  Running E-step ! 
Fri 03 Nov 2023 00:11:58 INFO  epoch 4 training [time: 12.18s, train_loss1: 94.5187, train_loss2: 3.9022]
Fri 03 Nov 2023 00:11:59 INFO  epoch 4 evaluating [time: 1.33s, valid_score: 0.043900]
Fri 03 Nov 2023 00:11:59 INFO  valid result: 
recall@10 : 0.0628    recall@20 : 0.0924    recall@50 : 0.1581    ndcg@10 : 0.0439    ndcg@20 : 0.0526    ndcg@50 : 0.0685
Fri 03 Nov 2023 00:11:59 INFO  Saving current: saved/NCL-Nov-03-2023_00-10-44.pth
Fri 03 Nov 2023 00:11:59 INFO  Saving current best: saved/NCL-Nov-03-2023_00-10-44.pth
Fri 03 Nov 2023 00:11:59 INFO  Running E-step ! 
Fri 03 Nov 2023 00:12:12 INFO  epoch 5 training [time: 12.25s, train_loss1: 30.8288, train_loss2: 6.0692]
Fri 03 Nov 2023 00:12:13 INFO  epoch 5 evaluating [time: 1.38s, valid_score: 0.052700]
Fri 03 Nov 2023 00:12:13 INFO  valid result: 
recall@10 : 0.0749    recall@20 : 0.1093    recall@50 : 0.1815    ndcg@10 : 0.0527    ndcg@20 : 0.0625    ndcg@50 : 0.0802
Fri 03 Nov 2023 00:12:13 INFO  Saving current: saved/NCL-Nov-03-2023_00-10-44.pth
Fri 03 Nov 2023 00:12:13 INFO  Saving current best: saved/NCL-Nov-03-2023_00-10-44.pth
Fri 03 Nov 2023 00:12:13 INFO  Running E-step ! 
Fri 03 Nov 2023 00:12:26 INFO  epoch 6 training [time: 12.20s, train_loss1: 22.1339, train_loss2: 5.6856]
Fri 03 Nov 2023 00:12:27 INFO  epoch 6 evaluating [time: 1.36s, valid_score: 0.056600]
Fri 03 Nov 2023 00:12:27 INFO  valid result: 
recall@10 : 0.0803    recall@20 : 0.1184    recall@50 : 0.1941    ndcg@10 : 0.0566    ndcg@20 : 0.0676    ndcg@50 : 0.086
Fri 03 Nov 2023 00:12:27 INFO  Saving current: saved/NCL-Nov-03-2023_00-10-44.pth
Fri 03 Nov 2023 00:12:27 INFO  Saving current best: saved/NCL-Nov-03-2023_00-10-44.pth
Fri 03 Nov 2023 00:12:27 INFO  Running E-step ! 
Fri 03 Nov 2023 00:12:40 INFO  epoch 7 training [time: 12.51s, train_loss1: 18.7304, train_loss2: 5.3029]
Fri 03 Nov 2023 00:12:42 INFO  epoch 7 evaluating [time: 1.52s, valid_score: 0.059300]
Fri 03 Nov 2023 00:12:42 INFO  valid result: 
recall@10 : 0.0846    recall@20 : 0.1236    recall@50 : 0.2037    ndcg@10 : 0.0593    ndcg@20 : 0.0706    ndcg@50 : 0.0901
Fri 03 Nov 2023 00:12:42 INFO  Saving current: saved/NCL-Nov-03-2023_00-10-44.pth
Fri 03 Nov 2023 00:12:42 INFO  Saving current best: saved/NCL-Nov-03-2023_00-10-44.pth
Fri 03 Nov 2023 00:12:42 INFO  Running E-step ! 
Fri 03 Nov 2023 00:12:55 INFO  epoch 8 training [time: 12.24s, train_loss1: 16.7605, train_loss2: 4.9586]
Fri 03 Nov 2023 00:12:57 INFO  epoch 8 evaluating [time: 1.85s, valid_score: 0.061500]
Fri 03 Nov 2023 00:12:57 INFO  valid result: 
recall@10 : 0.088    recall@20 : 0.1283    recall@50 : 0.2109    ndcg@10 : 0.0615    ndcg@20 : 0.0731    ndcg@50 : 0.0933
Fri 03 Nov 2023 00:12:57 INFO  Saving current: saved/NCL-Nov-03-2023_00-10-44.pth
Fri 03 Nov 2023 00:12:57 INFO  Saving current best: saved/NCL-Nov-03-2023_00-10-44.pth
Fri 03 Nov 2023 00:12:57 INFO  Running E-step ! 
Fri 03 Nov 2023 00:13:09 INFO  epoch 9 training [time: 12.25s, train_loss1: 15.2471, train_loss2: 4.6506]
Fri 03 Nov 2023 00:13:11 INFO  epoch 9 evaluating [time: 1.33s, valid_score: 0.063400]
Fri 03 Nov 2023 00:13:11 INFO  valid result: 
recall@10 : 0.0911    recall@20 : 0.1332    recall@50 : 0.2196    ndcg@10 : 0.0634    ndcg@20 : 0.0756    ndcg@50 : 0.0965
Fri 03 Nov 2023 00:13:11 INFO  Saving current: saved/NCL-Nov-03-2023_00-10-44.pth
Fri 03 Nov 2023 00:13:11 INFO  Saving current best: saved/NCL-Nov-03-2023_00-10-44.pth
Fri 03 Nov 2023 00:13:11 INFO  Running E-step ! 
Fri 03 Nov 2023 00:13:23 INFO  epoch 10 training [time: 12.21s, train_loss1: 14.0410, train_loss2: 4.3764]
Fri 03 Nov 2023 00:13:25 INFO  epoch 10 evaluating [time: 1.36s, valid_score: 0.065300]
Fri 03 Nov 2023 00:13:25 INFO  valid result: 
recall@10 : 0.0939    recall@20 : 0.1369    recall@50 : 0.2261    ndcg@10 : 0.0653    ndcg@20 : 0.0778    ndcg@50 : 0.0993
Fri 03 Nov 2023 00:13:25 INFO  Saving current: saved/NCL-Nov-03-2023_00-10-44.pth
Fri 03 Nov 2023 00:13:25 INFO  Saving current best: saved/NCL-Nov-03-2023_00-10-44.pth
Fri 03 Nov 2023 00:13:25 INFO  Running E-step ! 
Fri 03 Nov 2023 00:13:37 INFO  epoch 11 training [time: 12.23s, train_loss1: 13.1548, train_loss2: 4.1290]
Fri 03 Nov 2023 00:13:39 INFO  epoch 11 evaluating [time: 1.34s, valid_score: 0.066800]
Fri 03 Nov 2023 00:13:39 INFO  valid result: 
recall@10 : 0.096    recall@20 : 0.1414    recall@50 : 0.2329    ndcg@10 : 0.0668    ndcg@20 : 0.0799    ndcg@50 : 0.1021
Fri 03 Nov 2023 00:13:39 INFO  Saving current: saved/NCL-Nov-03-2023_00-10-44.pth
Fri 03 Nov 2023 00:13:39 INFO  Saving current best: saved/NCL-Nov-03-2023_00-10-44.pth
Fri 03 Nov 2023 00:13:39 INFO  Running E-step ! 
Fri 03 Nov 2023 00:13:52 INFO  epoch 12 training [time: 12.26s, train_loss1: 12.2948, train_loss2: 3.9051]
Fri 03 Nov 2023 00:13:53 INFO  epoch 12 evaluating [time: 1.34s, valid_score: 0.068300]
Fri 03 Nov 2023 00:13:53 INFO  valid result: 
recall@10 : 0.098    recall@20 : 0.1452    recall@50 : 0.239    ndcg@10 : 0.0683    ndcg@20 : 0.082    ndcg@50 : 0.1046
Fri 03 Nov 2023 00:13:53 INFO  Saving current: saved/NCL-Nov-03-2023_00-10-44.pth
Fri 03 Nov 2023 00:13:53 INFO  Saving current best: saved/NCL-Nov-03-2023_00-10-44.pth
Fri 03 Nov 2023 00:13:53 INFO  Running E-step ! 
Fri 03 Nov 2023 00:14:06 INFO  epoch 13 training [time: 12.27s, train_loss1: 11.5904, train_loss2: 3.7029]
Fri 03 Nov 2023 00:14:07 INFO  epoch 13 evaluating [time: 1.37s, valid_score: 0.069400]
Fri 03 Nov 2023 00:14:07 INFO  valid result: 
recall@10 : 0.0997    recall@20 : 0.149    recall@50 : 0.2449    ndcg@10 : 0.0694    ndcg@20 : 0.0836    ndcg@50 : 0.1068
Fri 03 Nov 2023 00:14:07 INFO  Saving current: saved/NCL-Nov-03-2023_00-10-44.pth
Fri 03 Nov 2023 00:14:07 INFO  Saving current best: saved/NCL-Nov-03-2023_00-10-44.pth
Fri 03 Nov 2023 00:14:07 INFO  Running E-step ! 
Fri 03 Nov 2023 00:14:20 INFO  epoch 14 training [time: 12.30s, train_loss1: 10.9496, train_loss2: 3.5239]
Fri 03 Nov 2023 00:14:21 INFO  epoch 14 evaluating [time: 1.38s, valid_score: 0.070900]
Fri 03 Nov 2023 00:14:21 INFO  valid result: 
recall@10 : 0.1024    recall@20 : 0.1519    recall@50 : 0.2493    ndcg@10 : 0.0709    ndcg@20 : 0.0853    ndcg@50 : 0.1088
Fri 03 Nov 2023 00:14:21 INFO  Saving current: saved/NCL-Nov-03-2023_00-10-44.pth
Fri 03 Nov 2023 00:14:21 INFO  Saving current best: saved/NCL-Nov-03-2023_00-10-44.pth
Fri 03 Nov 2023 00:14:21 INFO  Running E-step ! 
Fri 03 Nov 2023 00:14:34 INFO  epoch 15 training [time: 12.21s, train_loss1: 10.2965, train_loss2: 3.3626]
Fri 03 Nov 2023 00:14:36 INFO  epoch 15 evaluating [time: 1.84s, valid_score: 0.072100]
Fri 03 Nov 2023 00:14:36 INFO  valid result: 
recall@10 : 0.1041    recall@20 : 0.1558    recall@50 : 0.2537    ndcg@10 : 0.0721    ndcg@20 : 0.0871    ndcg@50 : 0.1108
Fri 03 Nov 2023 00:14:36 INFO  Saving current: saved/NCL-Nov-03-2023_00-10-44.pth
Fri 03 Nov 2023 00:14:36 INFO  Saving current best: saved/NCL-Nov-03-2023_00-10-44.pth
Fri 03 Nov 2023 00:14:36 INFO  Running E-step ! 
Fri 03 Nov 2023 00:14:49 INFO  epoch 16 training [time: 12.21s, train_loss1: 9.8781, train_loss2: 3.2160]
Fri 03 Nov 2023 00:14:50 INFO  epoch 16 evaluating [time: 1.66s, valid_score: 0.073600]
Fri 03 Nov 2023 00:14:50 INFO  valid result: 
recall@10 : 0.1063    recall@20 : 0.1579    recall@50 : 0.2578    ndcg@10 : 0.0736    ndcg@20 : 0.0884    ndcg@50 : 0.1127
Fri 03 Nov 2023 00:14:51 INFO  Saving current: saved/NCL-Nov-03-2023_00-10-44.pth
Fri 03 Nov 2023 00:14:51 INFO  Saving current best: saved/NCL-Nov-03-2023_00-10-44.pth
Fri 03 Nov 2023 00:14:51 INFO  Running E-step ! 
Fri 03 Nov 2023 00:15:03 INFO  epoch 17 training [time: 12.23s, train_loss1: 9.5325, train_loss2: 3.0822]
Fri 03 Nov 2023 00:15:04 INFO  epoch 17 evaluating [time: 1.33s, valid_score: 0.074600]
Fri 03 Nov 2023 00:15:04 INFO  valid result: 
recall@10 : 0.1083    recall@20 : 0.1607    recall@50 : 0.2618    ndcg@10 : 0.0746    ndcg@20 : 0.0898    ndcg@50 : 0.1143
Fri 03 Nov 2023 00:15:05 INFO  Saving current: saved/NCL-Nov-03-2023_00-10-44.pth
Fri 03 Nov 2023 00:15:05 INFO  Saving current best: saved/NCL-Nov-03-2023_00-10-44.pth
Fri 03 Nov 2023 00:15:05 INFO  Running E-step ! 
Fri 03 Nov 2023 00:15:17 INFO  epoch 18 training [time: 12.23s, train_loss1: 9.1044, train_loss2: 2.9551]
Fri 03 Nov 2023 00:15:19 INFO  epoch 18 evaluating [time: 1.39s, valid_score: 0.075900]
Fri 03 Nov 2023 00:15:19 INFO  valid result: 
recall@10 : 0.1103    recall@20 : 0.1633    recall@50 : 0.2665    ndcg@10 : 0.0759    ndcg@20 : 0.0912    ndcg@50 : 0.1162
Fri 03 Nov 2023 00:15:19 INFO  Saving current: saved/NCL-Nov-03-2023_00-10-44.pth
Fri 03 Nov 2023 00:15:19 INFO  Saving current best: saved/NCL-Nov-03-2023_00-10-44.pth
Fri 03 Nov 2023 00:15:19 INFO  Running E-step ! 
Fri 03 Nov 2023 00:15:32 INFO  epoch 19 training [time: 12.45s, train_loss1: 8.7223, train_loss2: 2.8438]
Fri 03 Nov 2023 00:15:33 INFO  epoch 19 evaluating [time: 1.36s, valid_score: 0.076800]
Fri 03 Nov 2023 00:15:33 INFO  valid result: 
recall@10 : 0.1116    recall@20 : 0.166    recall@50 : 0.2693    ndcg@10 : 0.0768    ndcg@20 : 0.0925    ndcg@50 : 0.1176
Fri 03 Nov 2023 00:15:33 INFO  Saving current: saved/NCL-Nov-03-2023_00-10-44.pth
Fri 03 Nov 2023 00:15:33 INFO  Saving current best: saved/NCL-Nov-03-2023_00-10-44.pth
Fri 03 Nov 2023 00:15:33 INFO  Running E-step ! 
Fri 03 Nov 2023 00:15:46 INFO  epoch 20 training [time: 12.54s, train_loss1: 8.3669, train_loss2: 2.7440, train_loss3: 0.0169]
Fri 03 Nov 2023 00:15:47 INFO  epoch 20 evaluating [time: 1.34s, valid_score: 0.078000]
Fri 03 Nov 2023 00:15:47 INFO  valid result: 
recall@10 : 0.1134    recall@20 : 0.168    recall@50 : 0.2734    ndcg@10 : 0.078    ndcg@20 : 0.0938    ndcg@50 : 0.1193
Fri 03 Nov 2023 00:15:48 INFO  Saving current: saved/NCL-Nov-03-2023_00-10-44.pth
Fri 03 Nov 2023 00:15:48 INFO  Saving current best: saved/NCL-Nov-03-2023_00-10-44.pth
Fri 03 Nov 2023 00:15:48 INFO  Running E-step ! 
Fri 03 Nov 2023 00:16:00 INFO  epoch 21 training [time: 12.53s, train_loss1: 8.0174, train_loss2: 2.6527, train_loss3: 0.0169]
Fri 03 Nov 2023 00:16:02 INFO  epoch 21 evaluating [time: 1.36s, valid_score: 0.079200]
Fri 03 Nov 2023 00:16:02 INFO  valid result: 
recall@10 : 0.1149    recall@20 : 0.1694    recall@50 : 0.2775    ndcg@10 : 0.0792    ndcg@20 : 0.095    ndcg@50 : 0.1211
Fri 03 Nov 2023 00:16:02 INFO  Saving current: saved/NCL-Nov-03-2023_00-10-44.pth
Fri 03 Nov 2023 00:16:02 INFO  Saving current best: saved/NCL-Nov-03-2023_00-10-44.pth
Fri 03 Nov 2023 00:16:02 INFO  Running E-step ! 
Fri 03 Nov 2023 00:16:15 INFO  epoch 22 training [time: 12.52s, train_loss1: 7.6945, train_loss2: 2.5674, train_loss3: 0.0199]
Fri 03 Nov 2023 00:16:17 INFO  epoch 22 evaluating [time: 1.70s, valid_score: 0.080100]
Fri 03 Nov 2023 00:16:17 INFO  valid result: 
recall@10 : 0.1165    recall@20 : 0.1717    recall@50 : 0.2804    ndcg@10 : 0.0801    ndcg@20 : 0.0961    ndcg@50 : 0.1224
Fri 03 Nov 2023 00:16:17 INFO  Saving current: saved/NCL-Nov-03-2023_00-10-44.pth
Fri 03 Nov 2023 00:16:17 INFO  Saving current best: saved/NCL-Nov-03-2023_00-10-44.pth
Fri 03 Nov 2023 00:16:17 INFO  Running E-step ! 
Fri 03 Nov 2023 00:16:30 INFO  epoch 23 training [time: 12.49s, train_loss1: 7.3472, train_loss2: 2.4914, train_loss3: 0.0207]
Fri 03 Nov 2023 00:16:31 INFO  epoch 23 evaluating [time: 1.63s, valid_score: 0.081000]
Fri 03 Nov 2023 00:16:31 INFO  valid result: 
recall@10 : 0.1176    recall@20 : 0.1734    recall@50 : 0.2826    ndcg@10 : 0.081    ndcg@20 : 0.0971    ndcg@50 : 0.1236
Fri 03 Nov 2023 00:16:32 INFO  Saving current: saved/NCL-Nov-03-2023_00-10-44.pth
Fri 03 Nov 2023 00:16:32 INFO  Saving current best: saved/NCL-Nov-03-2023_00-10-44.pth
Fri 03 Nov 2023 00:16:32 INFO  Running E-step ! 
Fri 03 Nov 2023 00:16:44 INFO  epoch 24 training [time: 12.50s, train_loss1: 7.0987, train_loss2: 2.4192, train_loss3: 0.0200]
Fri 03 Nov 2023 00:16:46 INFO  epoch 24 evaluating [time: 1.36s, valid_score: 0.081800]
Fri 03 Nov 2023 00:16:46 INFO  valid result: 
recall@10 : 0.1191    recall@20 : 0.1755    recall@50 : 0.2849    ndcg@10 : 0.0818    ndcg@20 : 0.0982    ndcg@50 : 0.1248
Fri 03 Nov 2023 00:16:46 INFO  Saving current: saved/NCL-Nov-03-2023_00-10-44.pth
Fri 03 Nov 2023 00:16:46 INFO  Saving current best: saved/NCL-Nov-03-2023_00-10-44.pth
Fri 03 Nov 2023 00:16:46 INFO  Running E-step ! 
Fri 03 Nov 2023 00:16:59 INFO  epoch 25 training [time: 12.48s, train_loss1: 6.8624, train_loss2: 2.3489, train_loss3: 0.0216]
Fri 03 Nov 2023 00:17:00 INFO  epoch 25 evaluating [time: 1.38s, valid_score: 0.082900]
Fri 03 Nov 2023 00:17:00 INFO  valid result: 
recall@10 : 0.1206    recall@20 : 0.1775    recall@50 : 0.2883    ndcg@10 : 0.0829    ndcg@20 : 0.0993    ndcg@50 : 0.1262
Fri 03 Nov 2023 00:17:00 INFO  Saving current: saved/NCL-Nov-03-2023_00-10-44.pth
Fri 03 Nov 2023 00:17:00 INFO  Saving current best: saved/NCL-Nov-03-2023_00-10-44.pth
Fri 03 Nov 2023 00:17:00 INFO  Running E-step ! 
Fri 03 Nov 2023 00:17:13 INFO  epoch 26 training [time: 12.53s, train_loss1: 6.6023, train_loss2: 2.2850, train_loss3: 0.0214]
Fri 03 Nov 2023 00:17:14 INFO  epoch 26 evaluating [time: 1.37s, valid_score: 0.083800]
Fri 03 Nov 2023 00:17:14 INFO  valid result: 
recall@10 : 0.1221    recall@20 : 0.1796    recall@50 : 0.2913    ndcg@10 : 0.0838    ndcg@20 : 0.1004    ndcg@50 : 0.1275
Fri 03 Nov 2023 00:17:15 INFO  Saving current: saved/NCL-Nov-03-2023_00-10-44.pth
Fri 03 Nov 2023 00:17:15 INFO  Saving current best: saved/NCL-Nov-03-2023_00-10-44.pth
Fri 03 Nov 2023 00:17:15 INFO  Running E-step ! 
Fri 03 Nov 2023 00:17:28 INFO  epoch 27 training [time: 12.57s, train_loss1: 6.4412, train_loss2: 2.2252, train_loss3: 0.0186]
Fri 03 Nov 2023 00:17:29 INFO  epoch 27 evaluating [time: 1.33s, valid_score: 0.084300]
Fri 03 Nov 2023 00:17:29 INFO  valid result: 
recall@10 : 0.1228    recall@20 : 0.1811    recall@50 : 0.2941    ndcg@10 : 0.0843    ndcg@20 : 0.1012    ndcg@50 : 0.1286
Fri 03 Nov 2023 00:17:29 INFO  Saving current: saved/NCL-Nov-03-2023_00-10-44.pth
Fri 03 Nov 2023 00:17:29 INFO  Saving current best: saved/NCL-Nov-03-2023_00-10-44.pth
Fri 03 Nov 2023 00:17:29 INFO  Running E-step ! 
Fri 03 Nov 2023 00:17:42 INFO  epoch 28 training [time: 12.59s, train_loss1: 6.2655, train_loss2: 2.1684, train_loss3: 0.0187]
Fri 03 Nov 2023 00:17:43 INFO  epoch 28 evaluating [time: 1.35s, valid_score: 0.085100]
Fri 03 Nov 2023 00:17:43 INFO  valid result: 
recall@10 : 0.1238    recall@20 : 0.1824    recall@50 : 0.2962    ndcg@10 : 0.0851    ndcg@20 : 0.1021    ndcg@50 : 0.1297
Fri 03 Nov 2023 00:17:43 INFO  Saving current: saved/NCL-Nov-03-2023_00-10-44.pth
Fri 03 Nov 2023 00:17:43 INFO  Saving current best: saved/NCL-Nov-03-2023_00-10-44.pth
Fri 03 Nov 2023 00:17:43 INFO  Running E-step ! 
Fri 03 Nov 2023 00:17:56 INFO  epoch 29 training [time: 12.54s, train_loss1: 5.9763, train_loss2: 2.1163, train_loss3: 0.0200]
Fri 03 Nov 2023 00:17:58 INFO  epoch 29 evaluating [time: 2.03s, valid_score: 0.085700]
Fri 03 Nov 2023 00:17:58 INFO  valid result: 
recall@10 : 0.1249    recall@20 : 0.1843    recall@50 : 0.2981    ndcg@10 : 0.0857    ndcg@20 : 0.1029    ndcg@50 : 0.1305
Fri 03 Nov 2023 00:17:59 INFO  Saving current: saved/NCL-Nov-03-2023_00-10-44.pth
Fri 03 Nov 2023 00:17:59 INFO  Saving current best: saved/NCL-Nov-03-2023_00-10-44.pth
Fri 03 Nov 2023 00:17:59 INFO  Running E-step ! 
Fri 03 Nov 2023 00:18:12 INFO  epoch 30 training [time: 12.86s, train_loss1: 5.8768, train_loss2: 2.0675, train_loss3: 0.0206]
Fri 03 Nov 2023 00:18:13 INFO  epoch 30 evaluating [time: 1.33s, valid_score: 0.086500]
Fri 03 Nov 2023 00:18:13 INFO  valid result: 
recall@10 : 0.1258    recall@20 : 0.1857    recall@50 : 0.3001    ndcg@10 : 0.0865    ndcg@20 : 0.1038    ndcg@50 : 0.1315
Fri 03 Nov 2023 00:18:13 INFO  Saving current: saved/NCL-Nov-03-2023_00-10-44.pth
Fri 03 Nov 2023 00:18:13 INFO  Saving current best: saved/NCL-Nov-03-2023_00-10-44.pth
Fri 03 Nov 2023 00:18:13 INFO  Running E-step ! 
Fri 03 Nov 2023 00:18:26 INFO  epoch 31 training [time: 12.54s, train_loss1: 5.6291, train_loss2: 2.0193, train_loss3: 0.0227]
Fri 03 Nov 2023 00:18:28 INFO  epoch 31 evaluating [time: 1.32s, valid_score: 0.087500]
Fri 03 Nov 2023 00:18:28 INFO  valid result: 
recall@10 : 0.1277    recall@20 : 0.1869    recall@50 : 0.3018    ndcg@10 : 0.0875    ndcg@20 : 0.1046    ndcg@50 : 0.1324
Fri 03 Nov 2023 00:18:28 INFO  Saving current: saved/NCL-Nov-03-2023_00-10-44.pth
Fri 03 Nov 2023 00:18:28 INFO  Saving current best: saved/NCL-Nov-03-2023_00-10-44.pth
Fri 03 Nov 2023 00:18:28 INFO  Running E-step ! 
Fri 03 Nov 2023 00:18:41 INFO  epoch 32 training [time: 12.48s, train_loss1: 5.4685, train_loss2: 1.9767, train_loss3: 0.0203]
Fri 03 Nov 2023 00:18:42 INFO  epoch 32 evaluating [time: 1.32s, valid_score: 0.088000]
Fri 03 Nov 2023 00:18:42 INFO  valid result: 
recall@10 : 0.1279    recall@20 : 0.1888    recall@50 : 0.3036    ndcg@10 : 0.088    ndcg@20 : 0.1055    ndcg@50 : 0.1334
Fri 03 Nov 2023 00:18:42 INFO  Saving current: saved/NCL-Nov-03-2023_00-10-44.pth
Fri 03 Nov 2023 00:18:42 INFO  Saving current best: saved/NCL-Nov-03-2023_00-10-44.pth
Fri 03 Nov 2023 00:18:42 INFO  Running E-step ! 
Fri 03 Nov 2023 00:18:55 INFO  epoch 33 training [time: 12.49s, train_loss1: 5.3709, train_loss2: 1.9329, train_loss3: 0.0216]
Fri 03 Nov 2023 00:18:56 INFO  epoch 33 evaluating [time: 1.35s, valid_score: 0.088600]
Fri 03 Nov 2023 00:18:56 INFO  valid result: 
recall@10 : 0.1288    recall@20 : 0.19    recall@50 : 0.3054    ndcg@10 : 0.0886    ndcg@20 : 0.1063    ndcg@50 : 0.1344
Fri 03 Nov 2023 00:18:56 INFO  Saving current: saved/NCL-Nov-03-2023_00-10-44.pth
Fri 03 Nov 2023 00:18:56 INFO  Saving current best: saved/NCL-Nov-03-2023_00-10-44.pth
Fri 03 Nov 2023 00:18:56 INFO  Running E-step ! 
Fri 03 Nov 2023 00:19:09 INFO  epoch 34 training [time: 12.55s, train_loss1: 5.2512, train_loss2: 1.8907, train_loss3: 0.0232]
Fri 03 Nov 2023 00:19:11 INFO  epoch 34 evaluating [time: 1.35s, valid_score: 0.089200]
Fri 03 Nov 2023 00:19:11 INFO  valid result: 
recall@10 : 0.1295    recall@20 : 0.1918    recall@50 : 0.3069    ndcg@10 : 0.0892    ndcg@20 : 0.1073    ndcg@50 : 0.1352
Fri 03 Nov 2023 00:19:11 INFO  Saving current: saved/NCL-Nov-03-2023_00-10-44.pth
Fri 03 Nov 2023 00:19:11 INFO  Saving current best: saved/NCL-Nov-03-2023_00-10-44.pth
Fri 03 Nov 2023 00:19:11 INFO  Running E-step ! 
Fri 03 Nov 2023 00:19:24 INFO  epoch 35 training [time: 12.55s, train_loss1: 5.0527, train_loss2: 1.8514, train_loss3: 0.0226]
Fri 03 Nov 2023 00:19:25 INFO  epoch 35 evaluating [time: 1.52s, valid_score: 0.089800]
Fri 03 Nov 2023 00:19:25 INFO  valid result: 
recall@10 : 0.1305    recall@20 : 0.1925    recall@50 : 0.3083    ndcg@10 : 0.0898    ndcg@20 : 0.1077    ndcg@50 : 0.1359
Fri 03 Nov 2023 00:19:25 INFO  Saving current: saved/NCL-Nov-03-2023_00-10-44.pth
Fri 03 Nov 2023 00:19:25 INFO  Saving current best: saved/NCL-Nov-03-2023_00-10-44.pth
Fri 03 Nov 2023 00:19:25 INFO  Running E-step ! 
Fri 03 Nov 2023 00:19:38 INFO  epoch 36 training [time: 12.53s, train_loss1: 4.9032, train_loss2: 1.8147, train_loss3: 0.0230]
Fri 03 Nov 2023 00:19:40 INFO  epoch 36 evaluating [time: 1.86s, valid_score: 0.090500]
Fri 03 Nov 2023 00:19:40 INFO  valid result: 
recall@10 : 0.1316    recall@20 : 0.1931    recall@50 : 0.3093    ndcg@10 : 0.0905    ndcg@20 : 0.1083    ndcg@50 : 0.1366
Fri 03 Nov 2023 00:19:40 INFO  Saving current: saved/NCL-Nov-03-2023_00-10-44.pth
Fri 03 Nov 2023 00:19:40 INFO  Saving current best: saved/NCL-Nov-03-2023_00-10-44.pth
Fri 03 Nov 2023 00:19:40 INFO  Running E-step ! 
Fri 03 Nov 2023 00:19:53 INFO  epoch 37 training [time: 12.55s, train_loss1: 4.7474, train_loss2: 1.7794, train_loss3: 0.0235]
Fri 03 Nov 2023 00:19:55 INFO  epoch 37 evaluating [time: 1.39s, valid_score: 0.091100]
Fri 03 Nov 2023 00:19:55 INFO  valid result: 
recall@10 : 0.1321    recall@20 : 0.1939    recall@50 : 0.3099    ndcg@10 : 0.0911    ndcg@20 : 0.1089    ndcg@50 : 0.1371
Fri 03 Nov 2023 00:19:55 INFO  Saving current: saved/NCL-Nov-03-2023_00-10-44.pth
Fri 03 Nov 2023 00:19:55 INFO  Saving current best: saved/NCL-Nov-03-2023_00-10-44.pth
Fri 03 Nov 2023 00:19:55 INFO  Running E-step ! 
Fri 03 Nov 2023 00:20:08 INFO  epoch 38 training [time: 12.52s, train_loss1: 4.6887, train_loss2: 1.7437, train_loss3: 0.0234]
Fri 03 Nov 2023 00:20:09 INFO  epoch 38 evaluating [time: 1.36s, valid_score: 0.091800]
Fri 03 Nov 2023 00:20:09 INFO  valid result: 
recall@10 : 0.1331    recall@20 : 0.1954    recall@50 : 0.3105    ndcg@10 : 0.0918    ndcg@20 : 0.1097    ndcg@50 : 0.1378
Fri 03 Nov 2023 00:20:09 INFO  Saving current: saved/NCL-Nov-03-2023_00-10-44.pth
Fri 03 Nov 2023 00:20:09 INFO  Saving current best: saved/NCL-Nov-03-2023_00-10-44.pth
Fri 03 Nov 2023 00:20:09 INFO  Running E-step ! 
Fri 03 Nov 2023 00:20:22 INFO  epoch 39 training [time: 12.54s, train_loss1: 4.4813, train_loss2: 1.7094, train_loss3: 0.0234]
Fri 03 Nov 2023 00:20:23 INFO  epoch 39 evaluating [time: 1.33s, valid_score: 0.092200]
Fri 03 Nov 2023 00:20:23 INFO  valid result: 
recall@10 : 0.1338    recall@20 : 0.1959    recall@50 : 0.312    ndcg@10 : 0.0922    ndcg@20 : 0.1102    ndcg@50 : 0.1384
Fri 03 Nov 2023 00:20:24 INFO  Saving current: saved/NCL-Nov-03-2023_00-10-44.pth
Fri 03 Nov 2023 00:20:24 INFO  Saving current best: saved/NCL-Nov-03-2023_00-10-44.pth
Fri 03 Nov 2023 00:20:24 INFO  Running E-step ! 
Fri 03 Nov 2023 00:20:36 INFO  epoch 40 training [time: 12.55s, train_loss1: 4.4439, train_loss2: 1.6760, train_loss3: 0.0245]
Fri 03 Nov 2023 00:20:38 INFO  epoch 40 evaluating [time: 1.34s, valid_score: 0.092900]
Fri 03 Nov 2023 00:20:38 INFO  valid result: 
recall@10 : 0.1342    recall@20 : 0.1966    recall@50 : 0.3127    ndcg@10 : 0.0929    ndcg@20 : 0.1109    ndcg@50 : 0.1393
Fri 03 Nov 2023 00:20:38 INFO  Saving current: saved/NCL-Nov-03-2023_00-10-44.pth
Fri 03 Nov 2023 00:20:38 INFO  Saving current best: saved/NCL-Nov-03-2023_00-10-44.pth
Fri 03 Nov 2023 00:20:38 INFO  Running E-step ! 
Fri 03 Nov 2023 00:20:51 INFO  epoch 41 training [time: 12.54s, train_loss1: 4.2606, train_loss2: 1.6448, train_loss3: 0.0263]
Fri 03 Nov 2023 00:20:52 INFO  epoch 41 evaluating [time: 1.34s, valid_score: 0.093200]
Fri 03 Nov 2023 00:20:52 INFO  valid result: 
recall@10 : 0.1346    recall@20 : 0.1978    recall@50 : 0.3137    ndcg@10 : 0.0932    ndcg@20 : 0.1115    ndcg@50 : 0.1398
Fri 03 Nov 2023 00:20:52 INFO  Saving current: saved/NCL-Nov-03-2023_00-10-44.pth
Fri 03 Nov 2023 00:20:52 INFO  Saving current best: saved/NCL-Nov-03-2023_00-10-44.pth
Fri 03 Nov 2023 00:20:52 INFO  Running E-step ! 
Fri 03 Nov 2023 00:21:06 INFO  epoch 42 training [time: 12.89s, train_loss1: 4.2290, train_loss2: 1.6144, train_loss3: 0.0267]
Fri 03 Nov 2023 00:21:08 INFO  epoch 42 evaluating [time: 2.02s, valid_score: 0.093700]
Fri 03 Nov 2023 00:21:08 INFO  valid result: 
recall@10 : 0.1353    recall@20 : 0.1979    recall@50 : 0.3152    ndcg@10 : 0.0937    ndcg@20 : 0.1119    ndcg@50 : 0.1405
Fri 03 Nov 2023 00:21:08 INFO  Saving current: saved/NCL-Nov-03-2023_00-10-44.pth
Fri 03 Nov 2023 00:21:08 INFO  Saving current best: saved/NCL-Nov-03-2023_00-10-44.pth
Fri 03 Nov 2023 00:21:08 INFO  Running E-step ! 
Fri 03 Nov 2023 00:21:21 INFO  epoch 43 training [time: 12.58s, train_loss1: 4.1585, train_loss2: 1.5847, train_loss3: 0.0260]
Fri 03 Nov 2023 00:21:22 INFO  epoch 43 evaluating [time: 1.34s, valid_score: 0.094200]
Fri 03 Nov 2023 00:21:22 INFO  valid result: 
recall@10 : 0.1365    recall@20 : 0.1984    recall@50 : 0.316    ndcg@10 : 0.0942    ndcg@20 : 0.1122    ndcg@50 : 0.1409
Fri 03 Nov 2023 00:21:22 INFO  Saving current: saved/NCL-Nov-03-2023_00-10-44.pth
Fri 03 Nov 2023 00:21:22 INFO  Saving current best: saved/NCL-Nov-03-2023_00-10-44.pth
Fri 03 Nov 2023 00:21:22 INFO  Running E-step ! 
Fri 03 Nov 2023 00:21:35 INFO  epoch 44 training [time: 12.54s, train_loss1: 4.0645, train_loss2: 1.5552, train_loss3: 0.0260]
Fri 03 Nov 2023 00:21:37 INFO  epoch 44 evaluating [time: 1.36s, valid_score: 0.094600]
Fri 03 Nov 2023 00:21:37 INFO  valid result: 
recall@10 : 0.1366    recall@20 : 0.199    recall@50 : 0.3168    ndcg@10 : 0.0946    ndcg@20 : 0.1128    ndcg@50 : 0.1416
Fri 03 Nov 2023 00:21:37 INFO  Saving current: saved/NCL-Nov-03-2023_00-10-44.pth
Fri 03 Nov 2023 00:21:37 INFO  Saving current best: saved/NCL-Nov-03-2023_00-10-44.pth
Fri 03 Nov 2023 00:21:37 INFO  Running E-step ! 
Fri 03 Nov 2023 00:21:50 INFO  epoch 45 training [time: 12.55s, train_loss1: 3.8959, train_loss2: 1.5277, train_loss3: 0.0264]
Fri 03 Nov 2023 00:21:51 INFO  epoch 45 evaluating [time: 1.38s, valid_score: 0.095200]
Fri 03 Nov 2023 00:21:51 INFO  valid result: 
recall@10 : 0.1377    recall@20 : 0.1998    recall@50 : 0.3171    ndcg@10 : 0.0952    ndcg@20 : 0.1132    ndcg@50 : 0.142
Fri 03 Nov 2023 00:21:51 INFO  Saving current: saved/NCL-Nov-03-2023_00-10-44.pth
Fri 03 Nov 2023 00:21:51 INFO  Saving current best: saved/NCL-Nov-03-2023_00-10-44.pth
Fri 03 Nov 2023 00:21:51 INFO  Running E-step ! 
Fri 03 Nov 2023 00:22:04 INFO  epoch 46 training [time: 12.58s, train_loss1: 3.8114, train_loss2: 1.5001, train_loss3: 0.0262]
Fri 03 Nov 2023 00:22:05 INFO  epoch 46 evaluating [time: 1.39s, valid_score: 0.095600]
Fri 03 Nov 2023 00:22:05 INFO  valid result: 
recall@10 : 0.1382    recall@20 : 0.2015    recall@50 : 0.3174    ndcg@10 : 0.0956    ndcg@20 : 0.114    ndcg@50 : 0.1424
Fri 03 Nov 2023 00:22:06 INFO  Saving current: saved/NCL-Nov-03-2023_00-10-44.pth
Fri 03 Nov 2023 00:22:06 INFO  Saving current best: saved/NCL-Nov-03-2023_00-10-44.pth
Fri 03 Nov 2023 00:22:06 INFO  Running E-step ! 
Fri 03 Nov 2023 00:22:18 INFO  epoch 47 training [time: 12.56s, train_loss1: 3.7442, train_loss2: 1.4736, train_loss3: 0.0263]
Fri 03 Nov 2023 00:22:20 INFO  epoch 47 evaluating [time: 1.38s, valid_score: 0.096200]
Fri 03 Nov 2023 00:22:20 INFO  valid result: 
recall@10 : 0.1392    recall@20 : 0.2018    recall@50 : 0.3184    ndcg@10 : 0.0962    ndcg@20 : 0.1143    ndcg@50 : 0.1429
Fri 03 Nov 2023 00:22:20 INFO  Saving current: saved/NCL-Nov-03-2023_00-10-44.pth
Fri 03 Nov 2023 00:22:20 INFO  Saving current best: saved/NCL-Nov-03-2023_00-10-44.pth
Fri 03 Nov 2023 00:22:20 INFO  Running E-step ! 
Fri 03 Nov 2023 00:22:33 INFO  epoch 48 training [time: 12.58s, train_loss1: 3.6996, train_loss2: 1.4476, train_loss3: 0.0269]
Fri 03 Nov 2023 00:22:34 INFO  epoch 48 evaluating [time: 1.51s, valid_score: 0.096500]
Fri 03 Nov 2023 00:22:34 INFO  valid result: 
recall@10 : 0.1392    recall@20 : 0.2028    recall@50 : 0.3189    ndcg@10 : 0.0965    ndcg@20 : 0.115    ndcg@50 : 0.1434
Fri 03 Nov 2023 00:22:35 INFO  Saving current: saved/NCL-Nov-03-2023_00-10-44.pth
Fri 03 Nov 2023 00:22:35 INFO  Saving current best: saved/NCL-Nov-03-2023_00-10-44.pth
Fri 03 Nov 2023 00:22:35 INFO  Running E-step ! 
Fri 03 Nov 2023 00:22:48 INFO  epoch 49 training [time: 12.58s, train_loss1: 3.5868, train_loss2: 1.4212, train_loss3: 0.0272]
Fri 03 Nov 2023 00:22:50 INFO  epoch 49 evaluating [time: 1.96s, valid_score: 0.097000]
Fri 03 Nov 2023 00:22:50 INFO  valid result: 
recall@10 : 0.1404    recall@20 : 0.2035    recall@50 : 0.3207    ndcg@10 : 0.097    ndcg@20 : 0.1153    ndcg@50 : 0.1439
Fri 03 Nov 2023 00:22:50 INFO  Saving current: saved/NCL-Nov-03-2023_00-10-44.pth
Fri 03 Nov 2023 00:22:50 INFO  Saving current best: saved/NCL-Nov-03-2023_00-10-44.pth
Fri 03 Nov 2023 00:22:50 INFO  Running E-step ! 
Fri 03 Nov 2023 00:23:03 INFO  epoch 50 training [time: 12.55s, train_loss1: 3.5432, train_loss2: 1.3962, train_loss3: 0.0266]
Fri 03 Nov 2023 00:23:04 INFO  epoch 50 evaluating [time: 1.38s, valid_score: 0.097300]
Fri 03 Nov 2023 00:23:04 INFO  valid result: 
recall@10 : 0.1407    recall@20 : 0.2039    recall@50 : 0.3208    ndcg@10 : 0.0973    ndcg@20 : 0.1157    ndcg@50 : 0.1443
Fri 03 Nov 2023 00:23:04 INFO  Saving current: saved/NCL-Nov-03-2023_00-10-44.pth
Fri 03 Nov 2023 00:23:04 INFO  Saving current best: saved/NCL-Nov-03-2023_00-10-44.pth
Fri 03 Nov 2023 00:23:04 INFO  Running E-step ! 
Fri 03 Nov 2023 00:23:17 INFO  epoch 51 training [time: 12.52s, train_loss1: 3.4494, train_loss2: 1.3720, train_loss3: 0.0271]
Fri 03 Nov 2023 00:23:19 INFO  epoch 51 evaluating [time: 1.36s, valid_score: 0.097500]
Fri 03 Nov 2023 00:23:19 INFO  valid result: 
recall@10 : 0.1411    recall@20 : 0.2045    recall@50 : 0.3213    ndcg@10 : 0.0975    ndcg@20 : 0.1159    ndcg@50 : 0.1445
Fri 03 Nov 2023 00:23:19 INFO  Saving current: saved/NCL-Nov-03-2023_00-10-44.pth
Fri 03 Nov 2023 00:23:19 INFO  Saving current best: saved/NCL-Nov-03-2023_00-10-44.pth
Fri 03 Nov 2023 00:23:19 INFO  Running E-step ! 
Fri 03 Nov 2023 00:23:32 INFO  epoch 52 training [time: 12.51s, train_loss1: 3.3946, train_loss2: 1.3481, train_loss3: 0.0273]
Fri 03 Nov 2023 00:23:33 INFO  epoch 52 evaluating [time: 1.38s, valid_score: 0.097700]
Fri 03 Nov 2023 00:23:33 INFO  valid result: 
recall@10 : 0.1411    recall@20 : 0.2046    recall@50 : 0.3223    ndcg@10 : 0.0977    ndcg@20 : 0.1162    ndcg@50 : 0.1449
Fri 03 Nov 2023 00:23:33 INFO  Saving current: saved/NCL-Nov-03-2023_00-10-44.pth
Fri 03 Nov 2023 00:23:33 INFO  Saving current best: saved/NCL-Nov-03-2023_00-10-44.pth
Fri 03 Nov 2023 00:23:33 INFO  Running E-step ! 
Fri 03 Nov 2023 00:23:46 INFO  epoch 53 training [time: 12.48s, train_loss1: 3.2887, train_loss2: 1.3248, train_loss3: 0.0276]
Fri 03 Nov 2023 00:23:47 INFO  epoch 53 evaluating [time: 1.37s, valid_score: 0.097700]
Fri 03 Nov 2023 00:23:47 INFO  valid result: 
recall@10 : 0.141    recall@20 : 0.2042    recall@50 : 0.3221    ndcg@10 : 0.0977    ndcg@20 : 0.1161    ndcg@50 : 0.145
Fri 03 Nov 2023 00:23:47 INFO  Saving current: saved/NCL-Nov-03-2023_00-10-44.pth
Fri 03 Nov 2023 00:23:47 INFO  Saving current best: saved/NCL-Nov-03-2023_00-10-44.pth
Fri 03 Nov 2023 00:23:47 INFO  Running E-step ! 
Fri 03 Nov 2023 00:24:01 INFO  epoch 54 training [time: 12.90s, train_loss1: 3.2556, train_loss2: 1.3022, train_loss3: 0.0277]
Fri 03 Nov 2023 00:24:02 INFO  epoch 54 evaluating [time: 1.36s, valid_score: 0.098300]
Fri 03 Nov 2023 00:24:02 INFO  valid result: 
recall@10 : 0.1416    recall@20 : 0.2057    recall@50 : 0.3227    ndcg@10 : 0.0983    ndcg@20 : 0.1168    ndcg@50 : 0.1455
Fri 03 Nov 2023 00:24:02 INFO  Saving current: saved/NCL-Nov-03-2023_00-10-44.pth
Fri 03 Nov 2023 00:24:02 INFO  Saving current best: saved/NCL-Nov-03-2023_00-10-44.pth
Fri 03 Nov 2023 00:24:02 INFO  Running E-step ! 
Fri 03 Nov 2023 00:24:15 INFO  epoch 55 training [time: 12.57s, train_loss1: 3.1516, train_loss2: 1.2803, train_loss3: 0.0275]
Fri 03 Nov 2023 00:24:16 INFO  epoch 55 evaluating [time: 1.37s, valid_score: 0.098500]
Fri 03 Nov 2023 00:24:16 INFO  valid result: 
recall@10 : 0.142    recall@20 : 0.2061    recall@50 : 0.3233    ndcg@10 : 0.0985    ndcg@20 : 0.117    ndcg@50 : 0.1457
Fri 03 Nov 2023 00:24:17 INFO  Saving current: saved/NCL-Nov-03-2023_00-10-44.pth
Fri 03 Nov 2023 00:24:17 INFO  Saving current best: saved/NCL-Nov-03-2023_00-10-44.pth
Fri 03 Nov 2023 00:24:17 INFO  Running E-step ! 
Fri 03 Nov 2023 00:24:29 INFO  epoch 56 training [time: 12.51s, train_loss1: 3.1122, train_loss2: 1.2581, train_loss3: 0.0285]
Fri 03 Nov 2023 00:24:31 INFO  epoch 56 evaluating [time: 1.58s, valid_score: 0.098800]
Fri 03 Nov 2023 00:24:31 INFO  valid result: 
recall@10 : 0.1427    recall@20 : 0.2066    recall@50 : 0.3238    ndcg@10 : 0.0988    ndcg@20 : 0.1172    ndcg@50 : 0.1459
Fri 03 Nov 2023 00:24:31 INFO  Saving current: saved/NCL-Nov-03-2023_00-10-44.pth
Fri 03 Nov 2023 00:24:31 INFO  Saving current best: saved/NCL-Nov-03-2023_00-10-44.pth
Fri 03 Nov 2023 00:24:31 INFO  Running E-step ! 
Fri 03 Nov 2023 00:24:44 INFO  epoch 57 training [time: 12.50s, train_loss1: 3.1491, train_loss2: 1.2349, train_loss3: 0.0280]
Fri 03 Nov 2023 00:24:46 INFO  epoch 57 evaluating [time: 1.83s, valid_score: 0.098900]
Fri 03 Nov 2023 00:24:46 INFO  valid result: 
recall@10 : 0.1424    recall@20 : 0.2068    recall@50 : 0.3239    ndcg@10 : 0.0989    ndcg@20 : 0.1175    ndcg@50 : 0.1462
Fri 03 Nov 2023 00:24:46 INFO  Saving current: saved/NCL-Nov-03-2023_00-10-44.pth
Fri 03 Nov 2023 00:24:46 INFO  Saving current best: saved/NCL-Nov-03-2023_00-10-44.pth
Fri 03 Nov 2023 00:24:46 INFO  Running E-step ! 
Fri 03 Nov 2023 00:24:59 INFO  epoch 58 training [time: 12.51s, train_loss1: 3.0353, train_loss2: 1.2135, train_loss3: 0.0272]
Fri 03 Nov 2023 00:25:00 INFO  epoch 58 evaluating [time: 1.36s, valid_score: 0.098800]
Fri 03 Nov 2023 00:25:00 INFO  valid result: 
recall@10 : 0.1427    recall@20 : 0.2071    recall@50 : 0.3244    ndcg@10 : 0.0988    ndcg@20 : 0.1176    ndcg@50 : 0.1463
Fri 03 Nov 2023 00:25:00 INFO  Running E-step ! 
Fri 03 Nov 2023 00:25:13 INFO  epoch 59 training [time: 12.56s, train_loss1: 2.9655, train_loss2: 1.1931, train_loss3: 0.0271]
Fri 03 Nov 2023 00:25:15 INFO  epoch 59 evaluating [time: 1.36s, valid_score: 0.099200]
Fri 03 Nov 2023 00:25:15 INFO  valid result: 
recall@10 : 0.1424    recall@20 : 0.2072    recall@50 : 0.3246    ndcg@10 : 0.0992    ndcg@20 : 0.118    ndcg@50 : 0.1467
Fri 03 Nov 2023 00:25:15 INFO  Saving current: saved/NCL-Nov-03-2023_00-10-44.pth
Fri 03 Nov 2023 00:25:15 INFO  Saving current best: saved/NCL-Nov-03-2023_00-10-44.pth
Fri 03 Nov 2023 00:25:15 INFO  Running E-step ! 
Fri 03 Nov 2023 00:25:28 INFO  epoch 60 training [time: 12.56s, train_loss1: 2.8929, train_loss2: 1.1729, train_loss3: 0.0273]
Fri 03 Nov 2023 00:25:29 INFO  epoch 60 evaluating [time: 1.36s, valid_score: 0.099500]
Fri 03 Nov 2023 00:25:29 INFO  valid result: 
recall@10 : 0.1433    recall@20 : 0.2078    recall@50 : 0.3241    ndcg@10 : 0.0995    ndcg@20 : 0.1183    ndcg@50 : 0.1467
Fri 03 Nov 2023 00:25:29 INFO  Saving current: saved/NCL-Nov-03-2023_00-10-44.pth
Fri 03 Nov 2023 00:25:29 INFO  Saving current best: saved/NCL-Nov-03-2023_00-10-44.pth
Fri 03 Nov 2023 00:25:29 INFO  Running E-step ! 
Fri 03 Nov 2023 00:25:42 INFO  epoch 61 training [time: 12.58s, train_loss1: 2.9023, train_loss2: 1.1522, train_loss3: 0.0277]
Fri 03 Nov 2023 00:25:43 INFO  epoch 61 evaluating [time: 1.35s, valid_score: 0.100200]
Fri 03 Nov 2023 00:25:43 INFO  valid result: 
recall@10 : 0.1441    recall@20 : 0.2076    recall@50 : 0.3241    ndcg@10 : 0.1002    ndcg@20 : 0.1186    ndcg@50 : 0.1471
Fri 03 Nov 2023 00:25:44 INFO  Saving current: saved/NCL-Nov-03-2023_00-10-44.pth
Fri 03 Nov 2023 00:25:44 INFO  Saving current best: saved/NCL-Nov-03-2023_00-10-44.pth
Fri 03 Nov 2023 00:25:44 INFO  Running E-step ! 
Fri 03 Nov 2023 00:25:57 INFO  epoch 62 training [time: 12.58s, train_loss1: 2.7624, train_loss2: 1.1317, train_loss3: 0.0287]
Fri 03 Nov 2023 00:25:58 INFO  epoch 62 evaluating [time: 1.42s, valid_score: 0.100400]
Fri 03 Nov 2023 00:25:58 INFO  valid result: 
recall@10 : 0.1445    recall@20 : 0.2078    recall@50 : 0.3251    ndcg@10 : 0.1004    ndcg@20 : 0.1188    ndcg@50 : 0.1475
Fri 03 Nov 2023 00:25:58 INFO  Saving current: saved/NCL-Nov-03-2023_00-10-44.pth
Fri 03 Nov 2023 00:25:58 INFO  Saving current best: saved/NCL-Nov-03-2023_00-10-44.pth
Fri 03 Nov 2023 00:25:58 INFO  Running E-step ! 
Fri 03 Nov 2023 00:26:11 INFO  epoch 63 training [time: 12.58s, train_loss1: 2.7224, train_loss2: 1.1126, train_loss3: 0.0291]
Fri 03 Nov 2023 00:26:13 INFO  epoch 63 evaluating [time: 1.69s, valid_score: 0.100400]
Fri 03 Nov 2023 00:26:13 INFO  valid result: 
recall@10 : 0.1445    recall@20 : 0.2079    recall@50 : 0.3249    ndcg@10 : 0.1004    ndcg@20 : 0.1188    ndcg@50 : 0.1474
Fri 03 Nov 2023 00:26:13 INFO  Saving current: saved/NCL-Nov-03-2023_00-10-44.pth
Fri 03 Nov 2023 00:26:13 INFO  Saving current best: saved/NCL-Nov-03-2023_00-10-44.pth
Fri 03 Nov 2023 00:26:13 INFO  Running E-step ! 
Fri 03 Nov 2023 00:26:26 INFO  epoch 64 training [time: 12.56s, train_loss1: 2.6470, train_loss2: 1.0933, train_loss3: 0.0286]
Fri 03 Nov 2023 00:26:28 INFO  epoch 64 evaluating [time: 1.66s, valid_score: 0.100900]
Fri 03 Nov 2023 00:26:28 INFO  valid result: 
recall@10 : 0.145    recall@20 : 0.2084    recall@50 : 0.3249    ndcg@10 : 0.1009    ndcg@20 : 0.1192    ndcg@50 : 0.1478
Fri 03 Nov 2023 00:26:28 INFO  Saving current: saved/NCL-Nov-03-2023_00-10-44.pth
Fri 03 Nov 2023 00:26:28 INFO  Saving current best: saved/NCL-Nov-03-2023_00-10-44.pth
Fri 03 Nov 2023 00:26:28 INFO  Running E-step ! 
Fri 03 Nov 2023 00:26:41 INFO  epoch 65 training [time: 12.85s, train_loss1: 2.7423, train_loss2: 1.0748, train_loss3: 0.0284]
Fri 03 Nov 2023 00:26:43 INFO  epoch 65 evaluating [time: 1.73s, valid_score: 0.101000]
Fri 03 Nov 2023 00:26:43 INFO  valid result: 
recall@10 : 0.1453    recall@20 : 0.2089    recall@50 : 0.325    ndcg@10 : 0.101    ndcg@20 : 0.1194    ndcg@50 : 0.1479
Fri 03 Nov 2023 00:26:43 INFO  Saving current: saved/NCL-Nov-03-2023_00-10-44.pth
Fri 03 Nov 2023 00:26:43 INFO  Saving current best: saved/NCL-Nov-03-2023_00-10-44.pth
Fri 03 Nov 2023 00:26:43 INFO  Running E-step ! 
Fri 03 Nov 2023 00:26:56 INFO  epoch 66 training [time: 12.46s, train_loss1: 2.6018, train_loss2: 1.0558, train_loss3: 0.0285]
Fri 03 Nov 2023 00:26:57 INFO  epoch 66 evaluating [time: 1.41s, valid_score: 0.101200]
Fri 03 Nov 2023 00:26:57 INFO  valid result: 
recall@10 : 0.1456    recall@20 : 0.2089    recall@50 : 0.325    ndcg@10 : 0.1012    ndcg@20 : 0.1195    ndcg@50 : 0.148
Fri 03 Nov 2023 00:26:57 INFO  Saving current: saved/NCL-Nov-03-2023_00-10-44.pth
Fri 03 Nov 2023 00:26:57 INFO  Saving current best: saved/NCL-Nov-03-2023_00-10-44.pth
Fri 03 Nov 2023 00:26:57 INFO  Running E-step ! 
Fri 03 Nov 2023 00:27:10 INFO  epoch 67 training [time: 12.55s, train_loss1: 2.5697, train_loss2: 1.0367, train_loss3: 0.0278]
Fri 03 Nov 2023 00:27:11 INFO  epoch 67 evaluating [time: 1.36s, valid_score: 0.101400]
Fri 03 Nov 2023 00:27:11 INFO  valid result: 
recall@10 : 0.1458    recall@20 : 0.2082    recall@50 : 0.3244    ndcg@10 : 0.1014    ndcg@20 : 0.1195    ndcg@50 : 0.1481
Fri 03 Nov 2023 00:27:12 INFO  Saving current: saved/NCL-Nov-03-2023_00-10-44.pth
Fri 03 Nov 2023 00:27:12 INFO  Saving current best: saved/NCL-Nov-03-2023_00-10-44.pth
Fri 03 Nov 2023 00:27:12 INFO  Running E-step ! 
Fri 03 Nov 2023 00:27:25 INFO  epoch 68 training [time: 12.56s, train_loss1: 2.4947, train_loss2: 1.0183, train_loss3: 0.0279]
Fri 03 Nov 2023 00:27:26 INFO  epoch 68 evaluating [time: 1.36s, valid_score: 0.101400]
Fri 03 Nov 2023 00:27:26 INFO  valid result: 
recall@10 : 0.1455    recall@20 : 0.2083    recall@50 : 0.3242    ndcg@10 : 0.1014    ndcg@20 : 0.1196    ndcg@50 : 0.1481
Fri 03 Nov 2023 00:27:26 INFO  Saving current: saved/NCL-Nov-03-2023_00-10-44.pth
Fri 03 Nov 2023 00:27:26 INFO  Saving current best: saved/NCL-Nov-03-2023_00-10-44.pth
Fri 03 Nov 2023 00:27:26 INFO  Running E-step ! 
Fri 03 Nov 2023 00:27:39 INFO  epoch 69 training [time: 12.55s, train_loss1: 2.5141, train_loss2: 1.0006, train_loss3: 0.0278]
Fri 03 Nov 2023 00:27:40 INFO  epoch 69 evaluating [time: 1.33s, valid_score: 0.101400]
Fri 03 Nov 2023 00:27:40 INFO  valid result: 
recall@10 : 0.1452    recall@20 : 0.2092    recall@50 : 0.3247    ndcg@10 : 0.1014    ndcg@20 : 0.1199    ndcg@50 : 0.1483
Fri 03 Nov 2023 00:27:40 INFO  Saving current: saved/NCL-Nov-03-2023_00-10-44.pth
Fri 03 Nov 2023 00:27:40 INFO  Saving current best: saved/NCL-Nov-03-2023_00-10-44.pth
Fri 03 Nov 2023 00:27:40 INFO  Running E-step ! 
Fri 03 Nov 2023 00:27:53 INFO  epoch 70 training [time: 12.51s, train_loss1: 2.4298, train_loss2: 0.9827, train_loss3: 0.0273]
Fri 03 Nov 2023 00:27:55 INFO  epoch 70 evaluating [time: 1.72s, valid_score: 0.101300]
Fri 03 Nov 2023 00:27:55 INFO  valid result: 
recall@10 : 0.1449    recall@20 : 0.2095    recall@50 : 0.3243    ndcg@10 : 0.1013    ndcg@20 : 0.1201    ndcg@50 : 0.1482
Fri 03 Nov 2023 00:27:55 INFO  Running E-step ! 
Fri 03 Nov 2023 00:28:08 INFO  epoch 71 training [time: 12.57s, train_loss1: 2.3814, train_loss2: 0.9644, train_loss3: 0.0282]
Fri 03 Nov 2023 00:28:10 INFO  epoch 71 evaluating [time: 1.67s, valid_score: 0.101400]
Fri 03 Nov 2023 00:28:10 INFO  valid result: 
recall@10 : 0.1447    recall@20 : 0.2094    recall@50 : 0.3246    ndcg@10 : 0.1014    ndcg@20 : 0.1201    ndcg@50 : 0.1484
Fri 03 Nov 2023 00:28:10 INFO  Saving current: saved/NCL-Nov-03-2023_00-10-44.pth
Fri 03 Nov 2023 00:28:10 INFO  Saving current best: saved/NCL-Nov-03-2023_00-10-44.pth
Fri 03 Nov 2023 00:28:10 INFO  Running E-step ! 
Fri 03 Nov 2023 00:28:23 INFO  epoch 72 training [time: 12.57s, train_loss1: 2.4297, train_loss2: 0.9485, train_loss3: 0.0286]
Fri 03 Nov 2023 00:28:24 INFO  epoch 72 evaluating [time: 1.39s, valid_score: 0.101600]
Fri 03 Nov 2023 00:28:24 INFO  valid result: 
recall@10 : 0.1451    recall@20 : 0.2097    recall@50 : 0.3249    ndcg@10 : 0.1016    ndcg@20 : 0.1202    ndcg@50 : 0.1485
Fri 03 Nov 2023 00:28:24 INFO  Saving current: saved/NCL-Nov-03-2023_00-10-44.pth
Fri 03 Nov 2023 00:28:24 INFO  Saving current best: saved/NCL-Nov-03-2023_00-10-44.pth
Fri 03 Nov 2023 00:28:24 INFO  Running E-step ! 
Fri 03 Nov 2023 00:28:37 INFO  epoch 73 training [time: 12.61s, train_loss1: 2.3626, train_loss2: 0.9318, train_loss3: 0.0280]
Fri 03 Nov 2023 00:28:39 INFO  epoch 73 evaluating [time: 1.42s, valid_score: 0.101600]
Fri 03 Nov 2023 00:28:39 INFO  valid result: 
recall@10 : 0.1453    recall@20 : 0.2096    recall@50 : 0.3248    ndcg@10 : 0.1016    ndcg@20 : 0.1202    ndcg@50 : 0.1485
Fri 03 Nov 2023 00:28:39 INFO  Saving current: saved/NCL-Nov-03-2023_00-10-44.pth
Fri 03 Nov 2023 00:28:39 INFO  Saving current best: saved/NCL-Nov-03-2023_00-10-44.pth
Fri 03 Nov 2023 00:28:39 INFO  Running E-step ! 
Fri 03 Nov 2023 00:28:52 INFO  epoch 74 training [time: 12.55s, train_loss1: 2.3252, train_loss2: 0.9164, train_loss3: 0.0287]
Fri 03 Nov 2023 00:28:53 INFO  epoch 74 evaluating [time: 1.40s, valid_score: 0.101700]
Fri 03 Nov 2023 00:28:53 INFO  valid result: 
recall@10 : 0.1447    recall@20 : 0.2096    recall@50 : 0.3245    ndcg@10 : 0.1017    ndcg@20 : 0.1205    ndcg@50 : 0.1487
Fri 03 Nov 2023 00:28:53 INFO  Saving current: saved/NCL-Nov-03-2023_00-10-44.pth
Fri 03 Nov 2023 00:28:53 INFO  Saving current best: saved/NCL-Nov-03-2023_00-10-44.pth
Fri 03 Nov 2023 00:28:53 INFO  Running E-step ! 
Fri 03 Nov 2023 00:29:06 INFO  epoch 75 training [time: 12.55s, train_loss1: 2.2691, train_loss2: 0.9012, train_loss3: 0.0295]
Fri 03 Nov 2023 00:29:08 INFO  epoch 75 evaluating [time: 1.41s, valid_score: 0.101700]
Fri 03 Nov 2023 00:29:08 INFO  valid result: 
recall@10 : 0.145    recall@20 : 0.2098    recall@50 : 0.3243    ndcg@10 : 0.1017    ndcg@20 : 0.1205    ndcg@50 : 0.1486
Fri 03 Nov 2023 00:29:08 INFO  Saving current: saved/NCL-Nov-03-2023_00-10-44.pth
Fri 03 Nov 2023 00:29:08 INFO  Saving current best: saved/NCL-Nov-03-2023_00-10-44.pth
Fri 03 Nov 2023 00:29:08 INFO  Running E-step ! 
Fri 03 Nov 2023 00:29:21 INFO  epoch 76 training [time: 12.57s, train_loss1: 2.2153, train_loss2: 0.8836, train_loss3: 0.0298]
Fri 03 Nov 2023 00:29:22 INFO  epoch 76 evaluating [time: 1.39s, valid_score: 0.102100]
Fri 03 Nov 2023 00:29:22 INFO  valid result: 
recall@10 : 0.1456    recall@20 : 0.2102    recall@50 : 0.3237    ndcg@10 : 0.1021    ndcg@20 : 0.1207    ndcg@50 : 0.1487
Fri 03 Nov 2023 00:29:22 INFO  Saving current: saved/NCL-Nov-03-2023_00-10-44.pth
Fri 03 Nov 2023 00:29:22 INFO  Saving current best: saved/NCL-Nov-03-2023_00-10-44.pth
Fri 03 Nov 2023 00:29:22 INFO  Running E-step ! 
Fri 03 Nov 2023 00:29:36 INFO  epoch 77 training [time: 12.85s, train_loss1: 2.1858, train_loss2: 0.8683, train_loss3: 0.0300]
Fri 03 Nov 2023 00:29:38 INFO  epoch 77 evaluating [time: 1.93s, valid_score: 0.102000]
Fri 03 Nov 2023 00:29:38 INFO  valid result: 
recall@10 : 0.1454    recall@20 : 0.2098    recall@50 : 0.3238    ndcg@10 : 0.102    ndcg@20 : 0.1206    ndcg@50 : 0.1487
Fri 03 Nov 2023 00:29:38 INFO  Running E-step ! 
Fri 03 Nov 2023 00:29:50 INFO  epoch 78 training [time: 12.56s, train_loss1: 2.1695, train_loss2: 0.8536, train_loss3: 0.0299]
Fri 03 Nov 2023 00:29:52 INFO  epoch 78 evaluating [time: 1.37s, valid_score: 0.102100]
Fri 03 Nov 2023 00:29:52 INFO  valid result: 
recall@10 : 0.146    recall@20 : 0.2095    recall@50 : 0.3238    ndcg@10 : 0.1021    ndcg@20 : 0.1205    ndcg@50 : 0.1486
Fri 03 Nov 2023 00:29:52 INFO  Saving current: saved/NCL-Nov-03-2023_00-10-44.pth
Fri 03 Nov 2023 00:29:52 INFO  Saving current best: saved/NCL-Nov-03-2023_00-10-44.pth
Fri 03 Nov 2023 00:29:52 INFO  Running E-step ! 
Fri 03 Nov 2023 00:30:05 INFO  epoch 79 training [time: 12.58s, train_loss1: 2.1446, train_loss2: 0.8384, train_loss3: 0.0298]
Fri 03 Nov 2023 00:30:06 INFO  epoch 79 evaluating [time: 1.33s, valid_score: 0.102100]
Fri 03 Nov 2023 00:30:06 INFO  valid result: 
recall@10 : 0.1452    recall@20 : 0.2093    recall@50 : 0.3235    ndcg@10 : 0.1021    ndcg@20 : 0.1207    ndcg@50 : 0.1487
Fri 03 Nov 2023 00:30:06 INFO  Saving current: saved/NCL-Nov-03-2023_00-10-44.pth
Fri 03 Nov 2023 00:30:06 INFO  Saving current best: saved/NCL-Nov-03-2023_00-10-44.pth
Fri 03 Nov 2023 00:30:06 INFO  Running E-step ! 
Fri 03 Nov 2023 00:30:19 INFO  epoch 80 training [time: 12.55s, train_loss1: 2.1102, train_loss2: 0.8242, train_loss3: 0.0299]
Fri 03 Nov 2023 00:30:21 INFO  epoch 80 evaluating [time: 1.32s, valid_score: 0.102300]
Fri 03 Nov 2023 00:30:21 INFO  valid result: 
recall@10 : 0.1453    recall@20 : 0.2095    recall@50 : 0.3231    ndcg@10 : 0.1023    ndcg@20 : 0.1209    ndcg@50 : 0.1488
Fri 03 Nov 2023 00:30:21 INFO  Saving current: saved/NCL-Nov-03-2023_00-10-44.pth
Fri 03 Nov 2023 00:30:21 INFO  Saving current best: saved/NCL-Nov-03-2023_00-10-44.pth
Fri 03 Nov 2023 00:30:21 INFO  Running E-step ! 
Fri 03 Nov 2023 00:30:34 INFO  epoch 81 training [time: 12.54s, train_loss1: 2.0160, train_loss2: 0.8094, train_loss3: 0.0299]
Fri 03 Nov 2023 00:30:35 INFO  epoch 81 evaluating [time: 1.36s, valid_score: 0.102100]
Fri 03 Nov 2023 00:30:35 INFO  valid result: 
recall@10 : 0.145    recall@20 : 0.2101    recall@50 : 0.3228    ndcg@10 : 0.1021    ndcg@20 : 0.121    ndcg@50 : 0.1487
Fri 03 Nov 2023 00:30:35 INFO  Running E-step ! 
Fri 03 Nov 2023 00:30:48 INFO  epoch 82 training [time: 12.54s, train_loss1: 2.0323, train_loss2: 0.7958, train_loss3: 0.0300]
Fri 03 Nov 2023 00:30:49 INFO  epoch 82 evaluating [time: 1.38s, valid_score: 0.102200]
Fri 03 Nov 2023 00:30:49 INFO  valid result: 
recall@10 : 0.145    recall@20 : 0.2094    recall@50 : 0.3228    ndcg@10 : 0.1022    ndcg@20 : 0.1209    ndcg@50 : 0.1488
Fri 03 Nov 2023 00:30:49 INFO  Running E-step ! 
Fri 03 Nov 2023 00:31:02 INFO  epoch 83 training [time: 12.54s, train_loss1: 2.0393, train_loss2: 0.7820, train_loss3: 0.0296]
Fri 03 Nov 2023 00:31:04 INFO  epoch 83 evaluating [time: 1.41s, valid_score: 0.102300]
Fri 03 Nov 2023 00:31:04 INFO  valid result: 
recall@10 : 0.1449    recall@20 : 0.2092    recall@50 : 0.3231    ndcg@10 : 0.1023    ndcg@20 : 0.1209    ndcg@50 : 0.1489
Fri 03 Nov 2023 00:31:04 INFO  Saving current: saved/NCL-Nov-03-2023_00-10-44.pth
Fri 03 Nov 2023 00:31:04 INFO  Saving current best: saved/NCL-Nov-03-2023_00-10-44.pth
Fri 03 Nov 2023 00:31:04 INFO  Running E-step ! 
Fri 03 Nov 2023 00:31:17 INFO  epoch 84 training [time: 12.62s, train_loss1: 2.0330, train_loss2: 0.7677, train_loss3: 0.0294]
Fri 03 Nov 2023 00:31:19 INFO  epoch 84 evaluating [time: 1.89s, valid_score: 0.102200]
Fri 03 Nov 2023 00:31:19 INFO  valid result: 
recall@10 : 0.1444    recall@20 : 0.2096    recall@50 : 0.323    ndcg@10 : 0.1022    ndcg@20 : 0.121    ndcg@50 : 0.1489
Fri 03 Nov 2023 00:31:19 INFO  Running E-step ! 
Fri 03 Nov 2023 00:31:32 INFO  epoch 85 training [time: 12.57s, train_loss1: 1.9720, train_loss2: 0.7545, train_loss3: 0.0296]
Fri 03 Nov 2023 00:31:33 INFO  epoch 85 evaluating [time: 1.38s, valid_score: 0.102200]
Fri 03 Nov 2023 00:31:33 INFO  valid result: 
recall@10 : 0.1444    recall@20 : 0.2096    recall@50 : 0.3232    ndcg@10 : 0.1022    ndcg@20 : 0.1211    ndcg@50 : 0.1489
Fri 03 Nov 2023 00:31:33 INFO  Running E-step ! 
Fri 03 Nov 2023 00:31:46 INFO  epoch 86 training [time: 12.51s, train_loss1: 1.9253, train_loss2: 0.7424, train_loss3: 0.0292]
Fri 03 Nov 2023 00:31:47 INFO  epoch 86 evaluating [time: 1.40s, valid_score: 0.102200]
Fri 03 Nov 2023 00:31:47 INFO  valid result: 
recall@10 : 0.1443    recall@20 : 0.2094    recall@50 : 0.3224    ndcg@10 : 0.1022    ndcg@20 : 0.121    ndcg@50 : 0.1488
Fri 03 Nov 2023 00:31:47 INFO  Running E-step ! 
Fri 03 Nov 2023 00:32:00 INFO  epoch 87 training [time: 12.51s, train_loss1: 1.9461, train_loss2: 0.7301, train_loss3: 0.0290]
Fri 03 Nov 2023 00:32:02 INFO  epoch 87 evaluating [time: 1.42s, valid_score: 0.102400]
Fri 03 Nov 2023 00:32:02 INFO  valid result: 
recall@10 : 0.1446    recall@20 : 0.2087    recall@50 : 0.3223    ndcg@10 : 0.1024    ndcg@20 : 0.1209    ndcg@50 : 0.1488
Fri 03 Nov 2023 00:32:02 INFO  Saving current: saved/NCL-Nov-03-2023_00-10-44.pth
Fri 03 Nov 2023 00:32:02 INFO  Saving current best: saved/NCL-Nov-03-2023_00-10-44.pth
Fri 03 Nov 2023 00:32:02 INFO  Running E-step ! 
Fri 03 Nov 2023 00:32:15 INFO  epoch 88 training [time: 12.54s, train_loss1: 1.8971, train_loss2: 0.7184, train_loss3: 0.0300]
Fri 03 Nov 2023 00:32:16 INFO  epoch 88 evaluating [time: 1.35s, valid_score: 0.102100]
Fri 03 Nov 2023 00:32:16 INFO  valid result: 
recall@10 : 0.144    recall@20 : 0.2093    recall@50 : 0.3222    ndcg@10 : 0.1021    ndcg@20 : 0.1209    ndcg@50 : 0.1486
Fri 03 Nov 2023 00:32:16 INFO  Running E-step ! 
Fri 03 Nov 2023 00:32:29 INFO  epoch 89 training [time: 12.82s, train_loss1: 1.8471, train_loss2: 0.7060, train_loss3: 0.0294]
Fri 03 Nov 2023 00:32:31 INFO  epoch 89 evaluating [time: 1.38s, valid_score: 0.102200]
Fri 03 Nov 2023 00:32:31 INFO  valid result: 
recall@10 : 0.1446    recall@20 : 0.2082    recall@50 : 0.3219    ndcg@10 : 0.1022    ndcg@20 : 0.1206    ndcg@50 : 0.1485
Fri 03 Nov 2023 00:32:31 INFO  Running E-step ! 
Fri 03 Nov 2023 00:32:44 INFO  epoch 90 training [time: 12.77s, train_loss1: 1.8467, train_loss2: 0.6937, train_loss3: 0.0308]
Fri 03 Nov 2023 00:32:46 INFO  epoch 90 evaluating [time: 1.76s, valid_score: 0.102100]
Fri 03 Nov 2023 00:32:46 INFO  valid result: 
recall@10 : 0.1444    recall@20 : 0.2087    recall@50 : 0.3215    ndcg@10 : 0.1021    ndcg@20 : 0.1207    ndcg@50 : 0.1485
Fri 03 Nov 2023 00:32:46 INFO  Running E-step ! 
Fri 03 Nov 2023 00:32:59 INFO  epoch 91 training [time: 12.68s, train_loss1: 1.8570, train_loss2: 0.6816, train_loss3: 0.0313]
Fri 03 Nov 2023 00:33:01 INFO  epoch 91 evaluating [time: 1.85s, valid_score: 0.102000]
Fri 03 Nov 2023 00:33:01 INFO  valid result: 
recall@10 : 0.1438    recall@20 : 0.2086    recall@50 : 0.3206    ndcg@10 : 0.102    ndcg@20 : 0.1207    ndcg@50 : 0.1483
Fri 03 Nov 2023 00:33:01 INFO  Running E-step ! 
Fri 03 Nov 2023 00:33:14 INFO  epoch 92 training [time: 12.64s, train_loss1: 1.7973, train_loss2: 0.6698, train_loss3: 0.0310]
Fri 03 Nov 2023 00:33:15 INFO  epoch 92 evaluating [time: 1.37s, valid_score: 0.101800]
Fri 03 Nov 2023 00:33:15 INFO  valid result: 
recall@10 : 0.1438    recall@20 : 0.2088    recall@50 : 0.32    ndcg@10 : 0.1018    ndcg@20 : 0.1206    ndcg@50 : 0.148
Fri 03 Nov 2023 00:33:15 INFO  Running E-step ! 
Fri 03 Nov 2023 00:33:28 INFO  epoch 93 training [time: 12.57s, train_loss1: 1.8076, train_loss2: 0.6600, train_loss3: 0.0306]
Fri 03 Nov 2023 00:33:29 INFO  epoch 93 evaluating [time: 1.35s, valid_score: 0.101900]
Fri 03 Nov 2023 00:33:29 INFO  valid result: 
recall@10 : 0.1434    recall@20 : 0.2091    recall@50 : 0.3195    ndcg@10 : 0.1019    ndcg@20 : 0.1209    ndcg@50 : 0.1481
Fri 03 Nov 2023 00:33:29 INFO  Running E-step ! 
Fri 03 Nov 2023 00:33:42 INFO  epoch 94 training [time: 12.55s, train_loss1: 1.7338, train_loss2: 0.6494, train_loss3: 0.0313]
Fri 03 Nov 2023 00:33:44 INFO  epoch 94 evaluating [time: 1.36s, valid_score: 0.101800]
Fri 03 Nov 2023 00:33:44 INFO  valid result: 
recall@10 : 0.1432    recall@20 : 0.2086    recall@50 : 0.32    ndcg@10 : 0.1018    ndcg@20 : 0.1206    ndcg@50 : 0.1481
Fri 03 Nov 2023 00:33:44 INFO  Running E-step ! 
Fri 03 Nov 2023 00:33:56 INFO  epoch 95 training [time: 12.51s, train_loss1: 1.7340, train_loss2: 0.6397, train_loss3: 0.0307]
Fri 03 Nov 2023 00:33:58 INFO  epoch 95 evaluating [time: 1.33s, valid_score: 0.101900]
Fri 03 Nov 2023 00:33:58 INFO  valid result: 
recall@10 : 0.1435    recall@20 : 0.2086    recall@50 : 0.3197    ndcg@10 : 0.1019    ndcg@20 : 0.1207    ndcg@50 : 0.1481
Fri 03 Nov 2023 00:33:58 INFO  Running E-step ! 
Fri 03 Nov 2023 00:34:11 INFO  epoch 96 training [time: 12.58s, train_loss1: 1.7105, train_loss2: 0.6287, train_loss3: 0.0303]
Fri 03 Nov 2023 00:34:12 INFO  epoch 96 evaluating [time: 1.37s, valid_score: 0.101900]
Fri 03 Nov 2023 00:34:12 INFO  valid result: 
recall@10 : 0.1435    recall@20 : 0.2079    recall@50 : 0.3196    ndcg@10 : 0.1019    ndcg@20 : 0.1205    ndcg@50 : 0.148
Fri 03 Nov 2023 00:34:12 INFO  Running E-step ! 
Fri 03 Nov 2023 00:34:25 INFO  epoch 97 training [time: 12.57s, train_loss1: 1.7294, train_loss2: 0.6174, train_loss3: 0.0303]
Fri 03 Nov 2023 00:34:26 INFO  epoch 97 evaluating [time: 1.38s, valid_score: 0.101900]
Fri 03 Nov 2023 00:34:26 INFO  valid result: 
recall@10 : 0.1435    recall@20 : 0.2073    recall@50 : 0.3195    ndcg@10 : 0.1019    ndcg@20 : 0.1203    ndcg@50 : 0.148
Fri 03 Nov 2023 00:34:26 INFO  Running E-step ! 
Fri 03 Nov 2023 00:34:40 INFO  epoch 98 training [time: 12.61s, train_loss1: 1.6669, train_loss2: 0.6075, train_loss3: 0.0305]
Fri 03 Nov 2023 00:34:42 INFO  epoch 98 evaluating [time: 1.99s, valid_score: 0.101900]
Fri 03 Nov 2023 00:34:42 INFO  valid result: 
recall@10 : 0.1439    recall@20 : 0.2078    recall@50 : 0.3189    ndcg@10 : 0.1019    ndcg@20 : 0.1204    ndcg@50 : 0.1477
Fri 03 Nov 2023 00:34:42 INFO  Finished training, best eval result in epoch 87
Fri 03 Nov 2023 00:34:42 INFO  Loading model structure and parameters from saved/NCL-Nov-03-2023_00-10-44.pth
Fri 03 Nov 2023 00:34:43 INFO  best valid : OrderedDict([('recall@10', 0.1446), ('recall@20', 0.2087), ('recall@50', 0.3223), ('ndcg@10', 0.1024), ('ndcg@20', 0.1209), ('ndcg@50', 0.1488)])
Fri 03 Nov 2023 00:34:43 INFO  test result: OrderedDict([('recall@10', 0.1496), ('recall@20', 0.2126), ('recall@50', 0.3253), ('ndcg@10', 0.1076), ('ndcg@20', 0.1256), ('ndcg@50', 0.1533)])
