Fri 03 Nov 2023 00:52:15 INFO  
General Hyper Parameters:
gpu_id = 0
use_gpu = True
seed = 2020
state = INFO
reproducibility = True
data_path = dataset/amazon-books
checkpoint_dir = saved
show_progress = True
save_dataset = False
dataset_save_path = None
save_dataloaders = False
dataloaders_save_path = None
log_wandb = False

Training Hyper Parameters:
epochs = 300
train_batch_size = 4096
learner = adam
learning_rate = 0.001
train_neg_sample_args = {'distribution': 'uniform', 'sample_num': 1, 'alpha': 1.0, 'dynamic': False, 'candidate_num': 0}
eval_step = 1
stopping_step = 10
clip_grad_norm = None
weight_decay = 0.0
loss_decimal_place = 4

Evaluation Hyper Parameters:
eval_args = {'split': {'RS': [0.8, 0.1, 0.1]}, 'order': 'RO', 'group_by': 'user', 'mode': {'valid': 'full', 'test': 'full'}}
repeatable = False
metrics = ['Recall', 'NDCG']
topk = [10, 20, 50]
valid_metric = NDCG@10
valid_metric_bigger = True
eval_batch_size = 4096000
metric_decimal_place = 4

Dataset Hyper Parameters:
field_separator = 	
seq_separator =  
USER_ID_FIELD = user_id
ITEM_ID_FIELD = item_id
RATING_FIELD = rating
TIME_FIELD = timestamp
seq_len = None
LABEL_FIELD = label
threshold = None
NEG_PREFIX = neg_
load_col = {'inter': ['user_id', 'item_id', 'rating']}
unload_col = None
unused_col = None
additional_feat_suffix = None
rm_dup_inter = None
val_interval = {'rating': '[3,inf)'}
filter_inter_by_user_or_item = True
user_inter_num_interval = [15,inf)
item_inter_num_interval = [15,inf)
alias_of_user_id = None
alias_of_item_id = None
alias_of_entity_id = None
alias_of_relation_id = None
preload_weight = None
normalize_field = None
normalize_all = None
ITEM_LIST_LENGTH_FIELD = item_length
LIST_SUFFIX = _list
MAX_ITEM_LIST_LENGTH = 50
POSITION_FIELD = position_id
HEAD_ENTITY_ID_FIELD = head_id
TAIL_ENTITY_ID_FIELD = tail_id
RELATION_ID_FIELD = relation_id
ENTITY_ID_FIELD = entity_id
benchmark_filename = None

Other Hyper Parameters: 
worker = 0
wandb_project = recbole
shuffle = True
require_pow = False
enable_amp = False
enable_scaler = False
transform = None
embedding_size = 64
n_layers = 3
reg_weight = 1e-06
ssl_temp = 0.05
ssl_reg = 1e-06
hyper_layers = 1
alpha = 0.8
proto_reg = 1e-07
num_clusters = 2000
m_step = 1
warm_up_step = 20
numerical_features = []
discretization = None
kg_reverse_r = False
entity_kg_num_interval = [0,inf)
relation_kg_num_interval = [0,inf)
MODEL_TYPE = ModelType.GENERAL
eval_setting = {'split': {'RS': [0.8, 0.1, 0.1]}, 'order': 'RO', 'group_by': 'user', 'mode': 'full'}
MODEL_INPUT_TYPE = InputType.PAIRWISE
eval_type = EvaluatorType.RANKING
single_spec = True
local_rank = 0
device = cuda
valid_neg_sample_args = {'distribution': 'uniform', 'sample_num': 'none'}
test_neg_sample_args = {'distribution': 'uniform', 'sample_num': 'none'}


Fri 03 Nov 2023 00:55:56 INFO  amazon-books
The number of users: 58145
Average actions of users: 43.296591221794166
The number of items: 58052
Average actions of items: 43.36595407486521
The number of inters: 2517437
The sparsity of the dataset: 99.9254188544918%
Remain Fields: ['user_id', 'item_id', 'rating']
Fri 03 Nov 2023 00:56:08 INFO  [Training]: train_batch_size = [4096] train_neg_sample_args: [{'distribution': 'uniform', 'sample_num': 1, 'alpha': 1.0, 'dynamic': False, 'candidate_num': 0}]
Fri 03 Nov 2023 00:56:08 INFO  [Evaluation]: eval_batch_size = [4096000] eval_args: [{'split': {'RS': [0.8, 0.1, 0.1]}, 'order': 'RO', 'group_by': 'user', 'mode': {'valid': 'full', 'test': 'full'}}]
Fri 03 Nov 2023 00:56:23 INFO  NCL(
  (user_embedding): Embedding(58145, 64)
  (item_embedding): Embedding(58052, 64)
  (mf_loss): BPRLoss()
  (reg_loss): EmbLoss()
)
Trainable parameters: 7436608
Fri 03 Nov 2023 00:56:24 INFO  Running E-step ! 
Fri 03 Nov 2023 00:57:22 INFO  epoch 0 training [time: 54.03s, train_loss1: 350.7218, train_loss2: 0.6240]
Fri 03 Nov 2023 00:57:27 INFO  epoch 0 evaluating [time: 4.62s, valid_score: 0.000400]
Fri 03 Nov 2023 00:57:27 INFO  valid result: 
recall@10 : 0.0005    recall@20 : 0.0011    recall@50 : 0.0023    ndcg@10 : 0.0004    ndcg@20 : 0.0005    ndcg@50 : 0.0008
Fri 03 Nov 2023 00:57:27 INFO  Saving current: saved/NCL-Nov-03-2023_00-56-23.pth
Fri 03 Nov 2023 00:57:27 INFO  Saving current best: saved/NCL-Nov-03-2023_00-56-23.pth
Fri 03 Nov 2023 00:57:27 INFO  Running E-step ! 
Fri 03 Nov 2023 00:58:22 INFO  epoch 1 training [time: 54.01s, train_loss1: 350.7176, train_loss2: 0.0257]
Fri 03 Nov 2023 00:58:27 INFO  epoch 1 evaluating [time: 4.23s, valid_score: 0.000400]
Fri 03 Nov 2023 00:58:27 INFO  valid result: 
recall@10 : 0.0007    recall@20 : 0.0014    recall@50 : 0.0028    ndcg@10 : 0.0004    ndcg@20 : 0.0007    ndcg@50 : 0.001
Fri 03 Nov 2023 00:58:27 INFO  Saving current: saved/NCL-Nov-03-2023_00-56-23.pth
Fri 03 Nov 2023 00:58:27 INFO  Saving current best: saved/NCL-Nov-03-2023_00-56-23.pth
Fri 03 Nov 2023 00:58:27 INFO  Running E-step ! 
Fri 03 Nov 2023 00:59:22 INFO  epoch 2 training [time: 54.10s, train_loss1: 350.7102, train_loss2: 0.0190]
Fri 03 Nov 2023 00:59:27 INFO  epoch 2 evaluating [time: 4.95s, valid_score: 0.000700]
Fri 03 Nov 2023 00:59:27 INFO  valid result: 
recall@10 : 0.0012    recall@20 : 0.0018    recall@50 : 0.0036    ndcg@10 : 0.0007    ndcg@20 : 0.0009    ndcg@50 : 0.0014
Fri 03 Nov 2023 00:59:27 INFO  Saving current: saved/NCL-Nov-03-2023_00-56-23.pth
Fri 03 Nov 2023 00:59:27 INFO  Saving current best: saved/NCL-Nov-03-2023_00-56-23.pth
Fri 03 Nov 2023 00:59:27 INFO  Running E-step ! 
Fri 03 Nov 2023 01:00:21 INFO  epoch 3 training [time: 53.73s, train_loss1: 350.6954, train_loss2: 0.0166]
Fri 03 Nov 2023 01:00:26 INFO  epoch 3 evaluating [time: 4.57s, valid_score: 0.001000]
Fri 03 Nov 2023 01:00:26 INFO  valid result: 
recall@10 : 0.0015    recall@20 : 0.0028    recall@50 : 0.0052    ndcg@10 : 0.001    ndcg@20 : 0.0014    ndcg@50 : 0.002
Fri 03 Nov 2023 01:00:26 INFO  Saving current: saved/NCL-Nov-03-2023_00-56-23.pth
Fri 03 Nov 2023 01:00:26 INFO  Saving current best: saved/NCL-Nov-03-2023_00-56-23.pth
Fri 03 Nov 2023 01:00:26 INFO  Running E-step ! 
Fri 03 Nov 2023 01:01:21 INFO  epoch 4 training [time: 53.80s, train_loss1: 350.6605, train_loss2: 0.0168]
Fri 03 Nov 2023 01:01:25 INFO  epoch 4 evaluating [time: 4.37s, valid_score: 0.001800]
Fri 03 Nov 2023 01:01:25 INFO  valid result: 
recall@10 : 0.0028    recall@20 : 0.0043    recall@50 : 0.0076    ndcg@10 : 0.0018    ndcg@20 : 0.0022    ndcg@50 : 0.003
Fri 03 Nov 2023 01:01:25 INFO  Saving current: saved/NCL-Nov-03-2023_00-56-23.pth
Fri 03 Nov 2023 01:01:25 INFO  Saving current best: saved/NCL-Nov-03-2023_00-56-23.pth
Fri 03 Nov 2023 01:01:25 INFO  Running E-step ! 
Fri 03 Nov 2023 01:02:21 INFO  epoch 5 training [time: 54.37s, train_loss1: 350.5542, train_loss2: 0.0206]
Fri 03 Nov 2023 01:02:25 INFO  epoch 5 evaluating [time: 4.52s, valid_score: 0.003300]
Fri 03 Nov 2023 01:02:25 INFO  valid result: 
recall@10 : 0.0049    recall@20 : 0.0074    recall@50 : 0.013    ndcg@10 : 0.0033    ndcg@20 : 0.004    ndcg@50 : 0.0054
Fri 03 Nov 2023 01:02:25 INFO  Saving current: saved/NCL-Nov-03-2023_00-56-23.pth
Fri 03 Nov 2023 01:02:25 INFO  Saving current best: saved/NCL-Nov-03-2023_00-56-23.pth
Fri 03 Nov 2023 01:02:25 INFO  Running E-step ! 
Fri 03 Nov 2023 01:03:20 INFO  epoch 6 training [time: 53.91s, train_loss1: 350.0895, train_loss2: 0.0427]
Fri 03 Nov 2023 01:03:25 INFO  epoch 6 evaluating [time: 4.70s, valid_score: 0.006900]
Fri 03 Nov 2023 01:03:25 INFO  valid result: 
recall@10 : 0.0099    recall@20 : 0.0154    recall@50 : 0.0264    ndcg@10 : 0.0069    ndcg@20 : 0.0085    ndcg@50 : 0.0113
Fri 03 Nov 2023 01:03:25 INFO  Saving current: saved/NCL-Nov-03-2023_00-56-23.pth
Fri 03 Nov 2023 01:03:25 INFO  Saving current best: saved/NCL-Nov-03-2023_00-56-23.pth
Fri 03 Nov 2023 01:03:25 INFO  Running E-step ! 
Fri 03 Nov 2023 01:04:19 INFO  epoch 7 training [time: 53.78s, train_loss1: 346.8965, train_loss2: 0.2929]
Fri 03 Nov 2023 01:04:24 INFO  epoch 7 evaluating [time: 4.32s, valid_score: 0.017500]
Fri 03 Nov 2023 01:04:24 INFO  valid result: 
recall@10 : 0.0258    recall@20 : 0.0408    recall@50 : 0.07    ndcg@10 : 0.0175    ndcg@20 : 0.0221    ndcg@50 : 0.0296
Fri 03 Nov 2023 01:04:24 INFO  Saving current: saved/NCL-Nov-03-2023_00-56-23.pth
Fri 03 Nov 2023 01:04:24 INFO  Saving current best: saved/NCL-Nov-03-2023_00-56-23.pth
Fri 03 Nov 2023 01:04:24 INFO  Running E-step ! 
Fri 03 Nov 2023 01:05:19 INFO  epoch 8 training [time: 54.31s, train_loss1: 296.3747, train_loss2: 6.6670]
Fri 03 Nov 2023 01:05:24 INFO  epoch 8 evaluating [time: 4.46s, valid_score: 0.022500]
Fri 03 Nov 2023 01:05:24 INFO  valid result: 
recall@10 : 0.0319    recall@20 : 0.0501    recall@50 : 0.0904    ndcg@10 : 0.0225    ndcg@20 : 0.0279    ndcg@50 : 0.0382
Fri 03 Nov 2023 01:05:24 INFO  Saving current: saved/NCL-Nov-03-2023_00-56-23.pth
Fri 03 Nov 2023 01:05:24 INFO  Saving current best: saved/NCL-Nov-03-2023_00-56-23.pth
Fri 03 Nov 2023 01:05:24 INFO  Running E-step ! 
Fri 03 Nov 2023 01:06:18 INFO  epoch 9 training [time: 53.84s, train_loss1: 127.5170, train_loss2: 17.7466]
Fri 03 Nov 2023 01:06:23 INFO  epoch 9 evaluating [time: 4.87s, valid_score: 0.022500]
Fri 03 Nov 2023 01:06:23 INFO  valid result: 
recall@10 : 0.0322    recall@20 : 0.051    recall@50 : 0.0936    ndcg@10 : 0.0225    ndcg@20 : 0.0281    ndcg@50 : 0.039
Fri 03 Nov 2023 01:06:24 INFO  Saving current: saved/NCL-Nov-03-2023_00-56-23.pth
Fri 03 Nov 2023 01:06:24 INFO  Saving current best: saved/NCL-Nov-03-2023_00-56-23.pth
Fri 03 Nov 2023 01:06:24 INFO  Running E-step ! 
Fri 03 Nov 2023 01:07:18 INFO  epoch 10 training [time: 53.80s, train_loss1: 86.6943, train_loss2: 17.2717]
Fri 03 Nov 2023 01:07:22 INFO  epoch 10 evaluating [time: 4.14s, valid_score: 0.024500]
Fri 03 Nov 2023 01:07:22 INFO  valid result: 
recall@10 : 0.0351    recall@20 : 0.0554    recall@50 : 0.1021    ndcg@10 : 0.0245    ndcg@20 : 0.0306    ndcg@50 : 0.0426
Fri 03 Nov 2023 01:07:22 INFO  Saving current: saved/NCL-Nov-03-2023_00-56-23.pth
Fri 03 Nov 2023 01:07:22 INFO  Saving current best: saved/NCL-Nov-03-2023_00-56-23.pth
Fri 03 Nov 2023 01:07:22 INFO  Running E-step ! 
Fri 03 Nov 2023 01:08:17 INFO  epoch 11 training [time: 54.06s, train_loss1: 72.8652, train_loss2: 16.3912]
Fri 03 Nov 2023 01:08:22 INFO  epoch 11 evaluating [time: 4.41s, valid_score: 0.026100]
Fri 03 Nov 2023 01:08:22 INFO  valid result: 
recall@10 : 0.0373    recall@20 : 0.0594    recall@50 : 0.1089    ndcg@10 : 0.0261    ndcg@20 : 0.0328    ndcg@50 : 0.0455
Fri 03 Nov 2023 01:08:22 INFO  Saving current: saved/NCL-Nov-03-2023_00-56-23.pth
Fri 03 Nov 2023 01:08:22 INFO  Saving current best: saved/NCL-Nov-03-2023_00-56-23.pth
Fri 03 Nov 2023 01:08:22 INFO  Running E-step ! 
Fri 03 Nov 2023 01:09:16 INFO  epoch 12 training [time: 53.70s, train_loss1: 64.7131, train_loss2: 15.6091]
Fri 03 Nov 2023 01:09:21 INFO  epoch 12 evaluating [time: 4.69s, valid_score: 0.027400]
Fri 03 Nov 2023 01:09:21 INFO  valid result: 
recall@10 : 0.0392    recall@20 : 0.063    recall@50 : 0.114    ndcg@10 : 0.0274    ndcg@20 : 0.0346    ndcg@50 : 0.0478
Fri 03 Nov 2023 01:09:21 INFO  Saving current: saved/NCL-Nov-03-2023_00-56-23.pth
Fri 03 Nov 2023 01:09:21 INFO  Saving current best: saved/NCL-Nov-03-2023_00-56-23.pth
Fri 03 Nov 2023 01:09:21 INFO  Running E-step ! 
Fri 03 Nov 2023 01:10:16 INFO  epoch 13 training [time: 53.65s, train_loss1: 59.2322, train_loss2: 14.9097]
Fri 03 Nov 2023 01:10:20 INFO  epoch 13 evaluating [time: 4.17s, valid_score: 0.028600]
Fri 03 Nov 2023 01:10:20 INFO  valid result: 
recall@10 : 0.0408    recall@20 : 0.0661    recall@50 : 0.1189    ndcg@10 : 0.0286    ndcg@20 : 0.0362    ndcg@50 : 0.0499
Fri 03 Nov 2023 01:10:20 INFO  Saving current: saved/NCL-Nov-03-2023_00-56-23.pth
Fri 03 Nov 2023 01:10:20 INFO  Saving current best: saved/NCL-Nov-03-2023_00-56-23.pth
Fri 03 Nov 2023 01:10:20 INFO  Running E-step ! 
Fri 03 Nov 2023 01:11:15 INFO  epoch 14 training [time: 54.00s, train_loss1: 55.0415, train_loss2: 14.2732]
Fri 03 Nov 2023 01:11:19 INFO  epoch 14 evaluating [time: 4.27s, valid_score: 0.030000]
Fri 03 Nov 2023 01:11:19 INFO  valid result: 
recall@10 : 0.043    recall@20 : 0.0689    recall@50 : 0.1235    ndcg@10 : 0.03    ndcg@20 : 0.0378    ndcg@50 : 0.0519
Fri 03 Nov 2023 01:11:20 INFO  Saving current: saved/NCL-Nov-03-2023_00-56-23.pth
Fri 03 Nov 2023 01:11:20 INFO  Saving current best: saved/NCL-Nov-03-2023_00-56-23.pth
Fri 03 Nov 2023 01:11:20 INFO  Running E-step ! 
Fri 03 Nov 2023 01:12:14 INFO  epoch 15 training [time: 53.74s, train_loss1: 51.4913, train_loss2: 13.6976]
Fri 03 Nov 2023 01:12:19 INFO  epoch 15 evaluating [time: 4.57s, valid_score: 0.031100]
Fri 03 Nov 2023 01:12:19 INFO  valid result: 
recall@10 : 0.0449    recall@20 : 0.0714    recall@50 : 0.1282    ndcg@10 : 0.0311    ndcg@20 : 0.0392    ndcg@50 : 0.0538
Fri 03 Nov 2023 01:12:19 INFO  Saving current: saved/NCL-Nov-03-2023_00-56-23.pth
Fri 03 Nov 2023 01:12:19 INFO  Saving current best: saved/NCL-Nov-03-2023_00-56-23.pth
Fri 03 Nov 2023 01:12:19 INFO  Running E-step ! 
Fri 03 Nov 2023 01:13:13 INFO  epoch 16 training [time: 53.61s, train_loss1: 48.6756, train_loss2: 13.1658]
Fri 03 Nov 2023 01:13:18 INFO  epoch 16 evaluating [time: 4.71s, valid_score: 0.032300]
Fri 03 Nov 2023 01:13:18 INFO  valid result: 
recall@10 : 0.0468    recall@20 : 0.0738    recall@50 : 0.1324    ndcg@10 : 0.0323    ndcg@20 : 0.0406    ndcg@50 : 0.0556
Fri 03 Nov 2023 01:13:19 INFO  Saving current: saved/NCL-Nov-03-2023_00-56-23.pth
Fri 03 Nov 2023 01:13:19 INFO  Saving current best: saved/NCL-Nov-03-2023_00-56-23.pth
Fri 03 Nov 2023 01:13:19 INFO  Running E-step ! 
Fri 03 Nov 2023 01:14:13 INFO  epoch 17 training [time: 53.91s, train_loss1: 45.9359, train_loss2: 12.6747]
Fri 03 Nov 2023 01:14:18 INFO  epoch 17 evaluating [time: 4.08s, valid_score: 0.033200]
Fri 03 Nov 2023 01:14:18 INFO  valid result: 
recall@10 : 0.0482    recall@20 : 0.0758    recall@50 : 0.1361    ndcg@10 : 0.0332    ndcg@20 : 0.0417    ndcg@50 : 0.0572
Fri 03 Nov 2023 01:14:18 INFO  Saving current: saved/NCL-Nov-03-2023_00-56-23.pth
Fri 03 Nov 2023 01:14:18 INFO  Saving current best: saved/NCL-Nov-03-2023_00-56-23.pth
Fri 03 Nov 2023 01:14:18 INFO  Running E-step ! 
Fri 03 Nov 2023 01:15:12 INFO  epoch 18 training [time: 53.75s, train_loss1: 43.8865, train_loss2: 12.2114]
Fri 03 Nov 2023 01:15:17 INFO  epoch 18 evaluating [time: 4.42s, valid_score: 0.034100]
Fri 03 Nov 2023 01:15:17 INFO  valid result: 
recall@10 : 0.0495    recall@20 : 0.0782    recall@50 : 0.1399    ndcg@10 : 0.0341    ndcg@20 : 0.0428    ndcg@50 : 0.0587
Fri 03 Nov 2023 01:15:17 INFO  Saving current: saved/NCL-Nov-03-2023_00-56-23.pth
Fri 03 Nov 2023 01:15:17 INFO  Saving current best: saved/NCL-Nov-03-2023_00-56-23.pth
Fri 03 Nov 2023 01:15:17 INFO  Running E-step ! 
Fri 03 Nov 2023 01:16:12 INFO  epoch 19 training [time: 53.83s, train_loss1: 41.7393, train_loss2: 11.7793]
Fri 03 Nov 2023 01:16:16 INFO  epoch 19 evaluating [time: 4.61s, valid_score: 0.035000]
Fri 03 Nov 2023 01:16:16 INFO  valid result: 
recall@10 : 0.0507    recall@20 : 0.0799    recall@50 : 0.1434    ndcg@10 : 0.035    ndcg@20 : 0.044    ndcg@50 : 0.0604
Fri 03 Nov 2023 01:16:16 INFO  Saving current: saved/NCL-Nov-03-2023_00-56-23.pth
Fri 03 Nov 2023 01:16:16 INFO  Saving current best: saved/NCL-Nov-03-2023_00-56-23.pth
Fri 03 Nov 2023 01:16:16 INFO  Running E-step ! 
Fri 03 Nov 2023 01:17:12 INFO  epoch 20 training [time: 54.65s, train_loss1: 40.0711, train_loss2: 11.3729, train_loss3: 0.4141]
Fri 03 Nov 2023 01:17:16 INFO  epoch 20 evaluating [time: 4.17s, valid_score: 0.036000]
Fri 03 Nov 2023 01:17:16 INFO  valid result: 
recall@10 : 0.0521    recall@20 : 0.0823    recall@50 : 0.147    ndcg@10 : 0.036    ndcg@20 : 0.0452    ndcg@50 : 0.0619
Fri 03 Nov 2023 01:17:16 INFO  Saving current: saved/NCL-Nov-03-2023_00-56-23.pth
Fri 03 Nov 2023 01:17:16 INFO  Saving current best: saved/NCL-Nov-03-2023_00-56-23.pth
Fri 03 Nov 2023 01:17:16 INFO  Running E-step ! 
Fri 03 Nov 2023 01:18:12 INFO  epoch 21 training [time: 54.72s, train_loss1: 38.4644, train_loss2: 10.9872, train_loss3: 0.3999]
Fri 03 Nov 2023 01:18:16 INFO  epoch 21 evaluating [time: 4.37s, valid_score: 0.036900]
Fri 03 Nov 2023 01:18:16 INFO  valid result: 
recall@10 : 0.0531    recall@20 : 0.0845    recall@50 : 0.1506    ndcg@10 : 0.0369    ndcg@20 : 0.0464    ndcg@50 : 0.0635
Fri 03 Nov 2023 01:18:16 INFO  Saving current: saved/NCL-Nov-03-2023_00-56-23.pth
Fri 03 Nov 2023 01:18:16 INFO  Saving current best: saved/NCL-Nov-03-2023_00-56-23.pth
Fri 03 Nov 2023 01:18:16 INFO  Running E-step ! 
Fri 03 Nov 2023 01:19:12 INFO  epoch 22 training [time: 54.65s, train_loss1: 37.0180, train_loss2: 10.6182, train_loss3: 0.3867]
Fri 03 Nov 2023 01:19:16 INFO  epoch 22 evaluating [time: 4.61s, valid_score: 0.037800]
Fri 03 Nov 2023 01:19:16 INFO  valid result: 
recall@10 : 0.0545    recall@20 : 0.0865    recall@50 : 0.1539    ndcg@10 : 0.0378    ndcg@20 : 0.0475    ndcg@50 : 0.065
Fri 03 Nov 2023 01:19:17 INFO  Saving current: saved/NCL-Nov-03-2023_00-56-23.pth
Fri 03 Nov 2023 01:19:17 INFO  Saving current best: saved/NCL-Nov-03-2023_00-56-23.pth
Fri 03 Nov 2023 01:19:17 INFO  Running E-step ! 
Fri 03 Nov 2023 01:20:12 INFO  epoch 23 training [time: 54.61s, train_loss1: 35.5154, train_loss2: 10.2732, train_loss3: 0.3753]
Fri 03 Nov 2023 01:20:17 INFO  epoch 23 evaluating [time: 5.26s, valid_score: 0.038600]
Fri 03 Nov 2023 01:20:17 INFO  valid result: 
recall@10 : 0.0558    recall@20 : 0.0885    recall@50 : 0.1572    ndcg@10 : 0.0386    ndcg@20 : 0.0486    ndcg@50 : 0.0663
Fri 03 Nov 2023 01:20:18 INFO  Saving current: saved/NCL-Nov-03-2023_00-56-23.pth
Fri 03 Nov 2023 01:20:18 INFO  Saving current best: saved/NCL-Nov-03-2023_00-56-23.pth
Fri 03 Nov 2023 01:20:18 INFO  Running E-step ! 
Fri 03 Nov 2023 01:21:13 INFO  epoch 24 training [time: 54.63s, train_loss1: 34.2439, train_loss2: 9.9527, train_loss3: 0.3646]
Fri 03 Nov 2023 01:21:17 INFO  epoch 24 evaluating [time: 4.18s, valid_score: 0.039300]
Fri 03 Nov 2023 01:21:17 INFO  valid result: 
recall@10 : 0.0567    recall@20 : 0.0905    recall@50 : 0.1604    ndcg@10 : 0.0393    ndcg@20 : 0.0496    ndcg@50 : 0.0677
Fri 03 Nov 2023 01:21:17 INFO  Saving current: saved/NCL-Nov-03-2023_00-56-23.pth
Fri 03 Nov 2023 01:21:17 INFO  Saving current best: saved/NCL-Nov-03-2023_00-56-23.pth
Fri 03 Nov 2023 01:21:17 INFO  Running E-step ! 
Fri 03 Nov 2023 01:22:13 INFO  epoch 25 training [time: 55.08s, train_loss1: 33.1041, train_loss2: 9.6411, train_loss3: 0.3560]
Fri 03 Nov 2023 01:22:18 INFO  epoch 25 evaluating [time: 4.23s, valid_score: 0.040200]
Fri 03 Nov 2023 01:22:18 INFO  valid result: 
recall@10 : 0.058    recall@20 : 0.0921    recall@50 : 0.1631    ndcg@10 : 0.0402    ndcg@20 : 0.0506    ndcg@50 : 0.069
Fri 03 Nov 2023 01:22:18 INFO  Saving current: saved/NCL-Nov-03-2023_00-56-23.pth
Fri 03 Nov 2023 01:22:18 INFO  Saving current best: saved/NCL-Nov-03-2023_00-56-23.pth
Fri 03 Nov 2023 01:22:18 INFO  Running E-step ! 
Fri 03 Nov 2023 01:23:13 INFO  epoch 26 training [time: 54.69s, train_loss1: 32.0092, train_loss2: 9.3499, train_loss3: 0.3488]
Fri 03 Nov 2023 01:23:19 INFO  epoch 26 evaluating [time: 5.21s, valid_score: 0.041000]
Fri 03 Nov 2023 01:23:19 INFO  valid result: 
recall@10 : 0.0592    recall@20 : 0.0935    recall@50 : 0.1659    ndcg@10 : 0.041    ndcg@20 : 0.0514    ndcg@50 : 0.0701
Fri 03 Nov 2023 01:23:19 INFO  Saving current: saved/NCL-Nov-03-2023_00-56-23.pth
Fri 03 Nov 2023 01:23:19 INFO  Saving current best: saved/NCL-Nov-03-2023_00-56-23.pth
Fri 03 Nov 2023 01:23:19 INFO  Running E-step ! 
Fri 03 Nov 2023 01:24:14 INFO  epoch 27 training [time: 54.48s, train_loss1: 30.8193, train_loss2: 9.0702, train_loss3: 0.3402]
Fri 03 Nov 2023 01:24:19 INFO  epoch 27 evaluating [time: 5.00s, valid_score: 0.041600]
Fri 03 Nov 2023 01:24:19 INFO  valid result: 
recall@10 : 0.0601    recall@20 : 0.0954    recall@50 : 0.1688    ndcg@10 : 0.0416    ndcg@20 : 0.0524    ndcg@50 : 0.0714
Fri 03 Nov 2023 01:24:19 INFO  Saving current: saved/NCL-Nov-03-2023_00-56-23.pth
Fri 03 Nov 2023 01:24:19 INFO  Saving current best: saved/NCL-Nov-03-2023_00-56-23.pth
Fri 03 Nov 2023 01:24:19 INFO  Running E-step ! 
Fri 03 Nov 2023 01:25:14 INFO  epoch 28 training [time: 54.54s, train_loss1: 29.9806, train_loss2: 8.8027, train_loss3: 0.3334]
Fri 03 Nov 2023 01:25:19 INFO  epoch 28 evaluating [time: 4.35s, valid_score: 0.042400]
Fri 03 Nov 2023 01:25:19 INFO  valid result: 
recall@10 : 0.0613    recall@20 : 0.0969    recall@50 : 0.1714    ndcg@10 : 0.0424    ndcg@20 : 0.0533    ndcg@50 : 0.0725
Fri 03 Nov 2023 01:25:19 INFO  Saving current: saved/NCL-Nov-03-2023_00-56-23.pth
Fri 03 Nov 2023 01:25:19 INFO  Saving current best: saved/NCL-Nov-03-2023_00-56-23.pth
Fri 03 Nov 2023 01:25:19 INFO  Running E-step ! 
Fri 03 Nov 2023 01:26:15 INFO  epoch 29 training [time: 54.50s, train_loss1: 29.0402, train_loss2: 8.5472, train_loss3: 0.3274]
Fri 03 Nov 2023 01:26:19 INFO  epoch 29 evaluating [time: 4.27s, valid_score: 0.043100]
Fri 03 Nov 2023 01:26:19 INFO  valid result: 
recall@10 : 0.0625    recall@20 : 0.0986    recall@50 : 0.1739    ndcg@10 : 0.0431    ndcg@20 : 0.0542    ndcg@50 : 0.0737
Fri 03 Nov 2023 01:26:19 INFO  Saving current: saved/NCL-Nov-03-2023_00-56-23.pth
Fri 03 Nov 2023 01:26:19 INFO  Saving current best: saved/NCL-Nov-03-2023_00-56-23.pth
Fri 03 Nov 2023 01:26:19 INFO  Running E-step ! 
Fri 03 Nov 2023 01:27:15 INFO  epoch 30 training [time: 54.68s, train_loss1: 28.1228, train_loss2: 8.3089, train_loss3: 0.3222]
Fri 03 Nov 2023 01:27:19 INFO  epoch 30 evaluating [time: 4.66s, valid_score: 0.043800]
Fri 03 Nov 2023 01:27:19 INFO  valid result: 
recall@10 : 0.0633    recall@20 : 0.1002    recall@50 : 0.1762    ndcg@10 : 0.0438    ndcg@20 : 0.0551    ndcg@50 : 0.0748
Fri 03 Nov 2023 01:27:20 INFO  Saving current: saved/NCL-Nov-03-2023_00-56-23.pth
Fri 03 Nov 2023 01:27:20 INFO  Saving current best: saved/NCL-Nov-03-2023_00-56-23.pth
Fri 03 Nov 2023 01:27:20 INFO  Running E-step ! 
Fri 03 Nov 2023 01:28:15 INFO  epoch 31 training [time: 54.33s, train_loss1: 27.2956, train_loss2: 8.0753, train_loss3: 0.3168]
Fri 03 Nov 2023 01:28:19 INFO  epoch 31 evaluating [time: 4.63s, valid_score: 0.044600]
Fri 03 Nov 2023 01:28:19 INFO  valid result: 
recall@10 : 0.0644    recall@20 : 0.1013    recall@50 : 0.179    ndcg@10 : 0.0446    ndcg@20 : 0.0559    ndcg@50 : 0.076
Fri 03 Nov 2023 01:28:19 INFO  Saving current: saved/NCL-Nov-03-2023_00-56-23.pth
Fri 03 Nov 2023 01:28:19 INFO  Saving current best: saved/NCL-Nov-03-2023_00-56-23.pth
Fri 03 Nov 2023 01:28:19 INFO  Running E-step ! 
Fri 03 Nov 2023 01:29:15 INFO  epoch 32 training [time: 54.37s, train_loss1: 26.5681, train_loss2: 7.8541, train_loss3: 0.3126]
Fri 03 Nov 2023 01:29:19 INFO  epoch 32 evaluating [time: 4.21s, valid_score: 0.045200]
Fri 03 Nov 2023 01:29:19 INFO  valid result: 
recall@10 : 0.0654    recall@20 : 0.1029    recall@50 : 0.1809    ndcg@10 : 0.0452    ndcg@20 : 0.0568    ndcg@50 : 0.077
Fri 03 Nov 2023 01:29:19 INFO  Saving current: saved/NCL-Nov-03-2023_00-56-23.pth
Fri 03 Nov 2023 01:29:19 INFO  Saving current best: saved/NCL-Nov-03-2023_00-56-23.pth
Fri 03 Nov 2023 01:29:19 INFO  Running E-step ! 
Fri 03 Nov 2023 01:30:15 INFO  epoch 33 training [time: 54.74s, train_loss1: 25.8788, train_loss2: 7.6437, train_loss3: 0.3082]
Fri 03 Nov 2023 01:30:19 INFO  epoch 33 evaluating [time: 4.11s, valid_score: 0.045900]
Fri 03 Nov 2023 01:30:19 INFO  valid result: 
recall@10 : 0.0663    recall@20 : 0.1041    recall@50 : 0.1831    ndcg@10 : 0.0459    ndcg@20 : 0.0575    ndcg@50 : 0.078
Fri 03 Nov 2023 01:30:19 INFO  Saving current: saved/NCL-Nov-03-2023_00-56-23.pth
Fri 03 Nov 2023 01:30:19 INFO  Saving current best: saved/NCL-Nov-03-2023_00-56-23.pth
Fri 03 Nov 2023 01:30:19 INFO  Running E-step ! 
Fri 03 Nov 2023 01:31:14 INFO  epoch 34 training [time: 54.64s, train_loss1: 25.1021, train_loss2: 7.4427, train_loss3: 0.3041]
Fri 03 Nov 2023 01:31:20 INFO  epoch 34 evaluating [time: 5.13s, valid_score: 0.046600]
Fri 03 Nov 2023 01:31:20 INFO  valid result: 
recall@10 : 0.0672    recall@20 : 0.1055    recall@50 : 0.1851    ndcg@10 : 0.0466    ndcg@20 : 0.0583    ndcg@50 : 0.079
Fri 03 Nov 2023 01:31:20 INFO  Saving current: saved/NCL-Nov-03-2023_00-56-23.pth
Fri 03 Nov 2023 01:31:20 INFO  Saving current best: saved/NCL-Nov-03-2023_00-56-23.pth
Fri 03 Nov 2023 01:31:20 INFO  Running E-step ! 
Fri 03 Nov 2023 01:32:15 INFO  epoch 35 training [time: 54.38s, train_loss1: 24.3027, train_loss2: 7.2552, train_loss3: 0.3003]
Fri 03 Nov 2023 01:32:20 INFO  epoch 35 evaluating [time: 4.89s, valid_score: 0.047100]
Fri 03 Nov 2023 01:32:20 INFO  valid result: 
recall@10 : 0.068    recall@20 : 0.107    recall@50 : 0.1868    ndcg@10 : 0.0471    ndcg@20 : 0.0591    ndcg@50 : 0.0797
Fri 03 Nov 2023 01:32:20 INFO  Saving current: saved/NCL-Nov-03-2023_00-56-23.pth
Fri 03 Nov 2023 01:32:20 INFO  Saving current best: saved/NCL-Nov-03-2023_00-56-23.pth
Fri 03 Nov 2023 01:32:20 INFO  Running E-step ! 
Fri 03 Nov 2023 01:33:16 INFO  epoch 36 training [time: 54.69s, train_loss1: 23.7850, train_loss2: 7.0712, train_loss3: 0.2966]
Fri 03 Nov 2023 01:33:20 INFO  epoch 36 evaluating [time: 4.62s, valid_score: 0.047700]
Fri 03 Nov 2023 01:33:20 INFO  valid result: 
recall@10 : 0.069    recall@20 : 0.1085    recall@50 : 0.1886    ndcg@10 : 0.0477    ndcg@20 : 0.0599    ndcg@50 : 0.0807
Fri 03 Nov 2023 01:33:21 INFO  Saving current: saved/NCL-Nov-03-2023_00-56-23.pth
Fri 03 Nov 2023 01:33:21 INFO  Saving current best: saved/NCL-Nov-03-2023_00-56-23.pth
Fri 03 Nov 2023 01:33:21 INFO  Running E-step ! 
Fri 03 Nov 2023 01:34:16 INFO  epoch 37 training [time: 54.47s, train_loss1: 23.2253, train_loss2: 6.8900, train_loss3: 0.2934]
Fri 03 Nov 2023 01:34:20 INFO  epoch 37 evaluating [time: 4.19s, valid_score: 0.048300]
Fri 03 Nov 2023 01:34:20 INFO  valid result: 
recall@10 : 0.0697    recall@20 : 0.1096    recall@50 : 0.1903    ndcg@10 : 0.0483    ndcg@20 : 0.0606    ndcg@50 : 0.0815
Fri 03 Nov 2023 01:34:20 INFO  Saving current: saved/NCL-Nov-03-2023_00-56-23.pth
Fri 03 Nov 2023 01:34:20 INFO  Saving current best: saved/NCL-Nov-03-2023_00-56-23.pth
Fri 03 Nov 2023 01:34:20 INFO  Running E-step ! 
Fri 03 Nov 2023 01:35:16 INFO  epoch 38 training [time: 54.75s, train_loss1: 22.5701, train_loss2: 6.7157, train_loss3: 0.2905]
Fri 03 Nov 2023 01:35:20 INFO  epoch 38 evaluating [time: 4.41s, valid_score: 0.048900]
Fri 03 Nov 2023 01:35:20 INFO  valid result: 
recall@10 : 0.0706    recall@20 : 0.1108    recall@50 : 0.1921    ndcg@10 : 0.0489    ndcg@20 : 0.0613    ndcg@50 : 0.0824
Fri 03 Nov 2023 01:35:20 INFO  Saving current: saved/NCL-Nov-03-2023_00-56-23.pth
Fri 03 Nov 2023 01:35:20 INFO  Saving current best: saved/NCL-Nov-03-2023_00-56-23.pth
Fri 03 Nov 2023 01:35:20 INFO  Running E-step ! 
Fri 03 Nov 2023 01:36:16 INFO  epoch 39 training [time: 54.97s, train_loss1: 22.1518, train_loss2: 6.5506, train_loss3: 0.2887]
Fri 03 Nov 2023 01:36:21 INFO  epoch 39 evaluating [time: 4.78s, valid_score: 0.049700]
Fri 03 Nov 2023 01:36:21 INFO  valid result: 
recall@10 : 0.0719    recall@20 : 0.1123    recall@50 : 0.194    ndcg@10 : 0.0497    ndcg@20 : 0.0621    ndcg@50 : 0.0833
Fri 03 Nov 2023 01:36:21 INFO  Saving current: saved/NCL-Nov-03-2023_00-56-23.pth
Fri 03 Nov 2023 01:36:21 INFO  Saving current best: saved/NCL-Nov-03-2023_00-56-23.pth
Fri 03 Nov 2023 01:36:21 INFO  Running E-step ! 
Fri 03 Nov 2023 01:37:17 INFO  epoch 40 training [time: 54.76s, train_loss1: 21.5722, train_loss2: 6.3915, train_loss3: 0.2858]
Fri 03 Nov 2023 01:37:22 INFO  epoch 40 evaluating [time: 5.25s, valid_score: 0.050300]
Fri 03 Nov 2023 01:37:22 INFO  valid result: 
recall@10 : 0.0728    recall@20 : 0.1135    recall@50 : 0.1955    ndcg@10 : 0.0503    ndcg@20 : 0.0628    ndcg@50 : 0.0841
Fri 03 Nov 2023 01:37:22 INFO  Saving current: saved/NCL-Nov-03-2023_00-56-23.pth
Fri 03 Nov 2023 01:37:22 INFO  Saving current best: saved/NCL-Nov-03-2023_00-56-23.pth
Fri 03 Nov 2023 01:37:22 INFO  Running E-step ! 
Fri 03 Nov 2023 01:38:18 INFO  epoch 41 training [time: 55.09s, train_loss1: 21.0119, train_loss2: 6.2426, train_loss3: 0.2835]
Fri 03 Nov 2023 01:38:23 INFO  epoch 41 evaluating [time: 4.66s, valid_score: 0.050900]
Fri 03 Nov 2023 01:38:23 INFO  valid result: 
recall@10 : 0.0736    recall@20 : 0.1147    recall@50 : 0.1968    ndcg@10 : 0.0509    ndcg@20 : 0.0635    ndcg@50 : 0.0848
Fri 03 Nov 2023 01:38:23 INFO  Saving current: saved/NCL-Nov-03-2023_00-56-23.pth
Fri 03 Nov 2023 01:38:23 INFO  Saving current best: saved/NCL-Nov-03-2023_00-56-23.pth
Fri 03 Nov 2023 01:38:23 INFO  Running E-step ! 
Fri 03 Nov 2023 01:39:19 INFO  epoch 42 training [time: 55.11s, train_loss1: 20.4364, train_loss2: 6.0965, train_loss3: 0.2818]
Fri 03 Nov 2023 01:39:23 INFO  epoch 42 evaluating [time: 4.16s, valid_score: 0.051300]
Fri 03 Nov 2023 01:39:23 INFO  valid result: 
recall@10 : 0.0743    recall@20 : 0.116    recall@50 : 0.1979    ndcg@10 : 0.0513    ndcg@20 : 0.0641    ndcg@50 : 0.0854
Fri 03 Nov 2023 01:39:24 INFO  Saving current: saved/NCL-Nov-03-2023_00-56-23.pth
Fri 03 Nov 2023 01:39:24 INFO  Saving current best: saved/NCL-Nov-03-2023_00-56-23.pth
Fri 03 Nov 2023 01:39:24 INFO  Running E-step ! 
Fri 03 Nov 2023 01:40:19 INFO  epoch 43 training [time: 54.79s, train_loss1: 20.1042, train_loss2: 5.9584, train_loss3: 0.2805]
Fri 03 Nov 2023 01:40:23 INFO  epoch 43 evaluating [time: 4.11s, valid_score: 0.051900]
Fri 03 Nov 2023 01:40:23 INFO  valid result: 
recall@10 : 0.0748    recall@20 : 0.117    recall@50 : 0.1991    ndcg@10 : 0.0519    ndcg@20 : 0.0648    ndcg@50 : 0.0862
Fri 03 Nov 2023 01:40:24 INFO  Saving current: saved/NCL-Nov-03-2023_00-56-23.pth
Fri 03 Nov 2023 01:40:24 INFO  Saving current best: saved/NCL-Nov-03-2023_00-56-23.pth
Fri 03 Nov 2023 01:40:24 INFO  Running E-step ! 
Fri 03 Nov 2023 01:41:19 INFO  epoch 44 training [time: 54.89s, train_loss1: 19.8036, train_loss2: 5.8229, train_loss3: 0.2790]
Fri 03 Nov 2023 01:41:24 INFO  epoch 44 evaluating [time: 5.03s, valid_score: 0.052300]
Fri 03 Nov 2023 01:41:24 INFO  valid result: 
recall@10 : 0.0755    recall@20 : 0.1175    recall@50 : 0.2005    ndcg@10 : 0.0523    ndcg@20 : 0.0652    ndcg@50 : 0.0868
Fri 03 Nov 2023 01:41:25 INFO  Saving current: saved/NCL-Nov-03-2023_00-56-23.pth
Fri 03 Nov 2023 01:41:25 INFO  Saving current best: saved/NCL-Nov-03-2023_00-56-23.pth
Fri 03 Nov 2023 01:41:25 INFO  Running E-step ! 
Fri 03 Nov 2023 01:42:20 INFO  epoch 45 training [time: 54.85s, train_loss1: 19.3175, train_loss2: 5.6884, train_loss3: 0.2786]
Fri 03 Nov 2023 01:42:25 INFO  epoch 45 evaluating [time: 4.86s, valid_score: 0.052800]
Fri 03 Nov 2023 01:42:25 INFO  valid result: 
recall@10 : 0.0763    recall@20 : 0.1184    recall@50 : 0.2018    ndcg@10 : 0.0528    ndcg@20 : 0.0658    ndcg@50 : 0.0874
Fri 03 Nov 2023 01:42:25 INFO  Saving current: saved/NCL-Nov-03-2023_00-56-23.pth
Fri 03 Nov 2023 01:42:25 INFO  Saving current best: saved/NCL-Nov-03-2023_00-56-23.pth
Fri 03 Nov 2023 01:42:25 INFO  Running E-step ! 
Fri 03 Nov 2023 01:43:21 INFO  epoch 46 training [time: 54.60s, train_loss1: 18.9044, train_loss2: 5.5639, train_loss3: 0.2767]
Fri 03 Nov 2023 01:43:25 INFO  epoch 46 evaluating [time: 3.97s, valid_score: 0.053200]
Fri 03 Nov 2023 01:43:25 INFO  valid result: 
recall@10 : 0.077    recall@20 : 0.1194    recall@50 : 0.203    ndcg@10 : 0.0532    ndcg@20 : 0.0663    ndcg@50 : 0.088
Fri 03 Nov 2023 01:43:25 INFO  Saving current: saved/NCL-Nov-03-2023_00-56-23.pth
Fri 03 Nov 2023 01:43:25 INFO  Saving current best: saved/NCL-Nov-03-2023_00-56-23.pth
Fri 03 Nov 2023 01:43:25 INFO  Running E-step ! 
Fri 03 Nov 2023 01:44:20 INFO  epoch 47 training [time: 54.70s, train_loss1: 18.2312, train_loss2: 5.4409, train_loss3: 0.2758]
Fri 03 Nov 2023 01:44:25 INFO  epoch 47 evaluating [time: 4.07s, valid_score: 0.053600]
Fri 03 Nov 2023 01:44:25 INFO  valid result: 
recall@10 : 0.0777    recall@20 : 0.1205    recall@50 : 0.2038    ndcg@10 : 0.0536    ndcg@20 : 0.0668    ndcg@50 : 0.0884
Fri 03 Nov 2023 01:44:25 INFO  Saving current: saved/NCL-Nov-03-2023_00-56-23.pth
Fri 03 Nov 2023 01:44:25 INFO  Saving current best: saved/NCL-Nov-03-2023_00-56-23.pth
Fri 03 Nov 2023 01:44:25 INFO  Running E-step ! 
Fri 03 Nov 2023 01:45:20 INFO  epoch 48 training [time: 54.64s, train_loss1: 18.0779, train_loss2: 5.3251, train_loss3: 0.2740]
Fri 03 Nov 2023 01:45:25 INFO  epoch 48 evaluating [time: 4.95s, valid_score: 0.054000]
Fri 03 Nov 2023 01:45:25 INFO  valid result: 
recall@10 : 0.078    recall@20 : 0.1212    recall@50 : 0.2048    ndcg@10 : 0.054    ndcg@20 : 0.0673    ndcg@50 : 0.0891
Fri 03 Nov 2023 01:45:25 INFO  Saving current: saved/NCL-Nov-03-2023_00-56-23.pth
Fri 03 Nov 2023 01:45:25 INFO  Saving current best: saved/NCL-Nov-03-2023_00-56-23.pth
Fri 03 Nov 2023 01:45:25 INFO  Running E-step ! 
Fri 03 Nov 2023 01:46:21 INFO  epoch 49 training [time: 54.54s, train_loss1: 17.7777, train_loss2: 5.2091, train_loss3: 0.2731]
Fri 03 Nov 2023 01:46:26 INFO  epoch 49 evaluating [time: 4.88s, valid_score: 0.054600]
Fri 03 Nov 2023 01:46:26 INFO  valid result: 
recall@10 : 0.0789    recall@20 : 0.1224    recall@50 : 0.2054    ndcg@10 : 0.0546    ndcg@20 : 0.068    ndcg@50 : 0.0896
Fri 03 Nov 2023 01:46:26 INFO  Saving current: saved/NCL-Nov-03-2023_00-56-23.pth
Fri 03 Nov 2023 01:46:26 INFO  Saving current best: saved/NCL-Nov-03-2023_00-56-23.pth
Fri 03 Nov 2023 01:46:26 INFO  Running E-step ! 
Fri 03 Nov 2023 01:47:21 INFO  epoch 50 training [time: 54.47s, train_loss1: 17.4631, train_loss2: 5.1003, train_loss3: 0.2739]
Fri 03 Nov 2023 01:47:26 INFO  epoch 50 evaluating [time: 4.54s, valid_score: 0.055100]
Fri 03 Nov 2023 01:47:26 INFO  valid result: 
recall@10 : 0.0794    recall@20 : 0.1228    recall@50 : 0.2064    ndcg@10 : 0.0551    ndcg@20 : 0.0684    ndcg@50 : 0.0902
Fri 03 Nov 2023 01:47:26 INFO  Saving current: saved/NCL-Nov-03-2023_00-56-23.pth
Fri 03 Nov 2023 01:47:26 INFO  Saving current best: saved/NCL-Nov-03-2023_00-56-23.pth
Fri 03 Nov 2023 01:47:26 INFO  Running E-step ! 
Fri 03 Nov 2023 01:48:22 INFO  epoch 51 training [time: 54.65s, train_loss1: 16.9832, train_loss2: 4.9919, train_loss3: 0.2720]
Fri 03 Nov 2023 01:48:26 INFO  epoch 51 evaluating [time: 4.55s, valid_score: 0.055400]
Fri 03 Nov 2023 01:48:26 INFO  valid result: 
recall@10 : 0.0798    recall@20 : 0.1239    recall@50 : 0.2075    ndcg@10 : 0.0554    ndcg@20 : 0.069    ndcg@50 : 0.0907
Fri 03 Nov 2023 01:48:27 INFO  Saving current: saved/NCL-Nov-03-2023_00-56-23.pth
Fri 03 Nov 2023 01:48:27 INFO  Saving current best: saved/NCL-Nov-03-2023_00-56-23.pth
Fri 03 Nov 2023 01:48:27 INFO  Running E-step ! 
Fri 03 Nov 2023 01:49:22 INFO  epoch 52 training [time: 54.85s, train_loss1: 16.5824, train_loss2: 4.8928, train_loss3: 0.2712]
Fri 03 Nov 2023 01:49:27 INFO  epoch 52 evaluating [time: 4.35s, valid_score: 0.055900]
Fri 03 Nov 2023 01:49:27 INFO  valid result: 
recall@10 : 0.0807    recall@20 : 0.1245    recall@50 : 0.208    ndcg@10 : 0.0559    ndcg@20 : 0.0693    ndcg@50 : 0.0911
Fri 03 Nov 2023 01:49:27 INFO  Saving current: saved/NCL-Nov-03-2023_00-56-23.pth
Fri 03 Nov 2023 01:49:27 INFO  Saving current best: saved/NCL-Nov-03-2023_00-56-23.pth
Fri 03 Nov 2023 01:49:27 INFO  Running E-step ! 
Fri 03 Nov 2023 01:50:22 INFO  epoch 53 training [time: 54.37s, train_loss1: 16.3479, train_loss2: 4.7961, train_loss3: 0.2707]
Fri 03 Nov 2023 01:50:27 INFO  epoch 53 evaluating [time: 5.08s, valid_score: 0.056300]
Fri 03 Nov 2023 01:50:27 INFO  valid result: 
recall@10 : 0.0811    recall@20 : 0.1251    recall@50 : 0.2087    ndcg@10 : 0.0563    ndcg@20 : 0.0698    ndcg@50 : 0.0916
Fri 03 Nov 2023 01:50:27 INFO  Saving current: saved/NCL-Nov-03-2023_00-56-23.pth
Fri 03 Nov 2023 01:50:27 INFO  Saving current best: saved/NCL-Nov-03-2023_00-56-23.pth
Fri 03 Nov 2023 01:50:27 INFO  Running E-step ! 
Fri 03 Nov 2023 01:51:22 INFO  epoch 54 training [time: 54.42s, train_loss1: 16.1241, train_loss2: 4.6967, train_loss3: 0.2708]
Fri 03 Nov 2023 01:51:27 INFO  epoch 54 evaluating [time: 4.45s, valid_score: 0.056700]
Fri 03 Nov 2023 01:51:27 INFO  valid result: 
recall@10 : 0.0816    recall@20 : 0.1259    recall@50 : 0.2096    ndcg@10 : 0.0567    ndcg@20 : 0.0703    ndcg@50 : 0.0921
Fri 03 Nov 2023 01:51:27 INFO  Saving current: saved/NCL-Nov-03-2023_00-56-23.pth
Fri 03 Nov 2023 01:51:27 INFO  Saving current best: saved/NCL-Nov-03-2023_00-56-23.pth
Fri 03 Nov 2023 01:51:27 INFO  Running E-step ! 
Fri 03 Nov 2023 01:52:23 INFO  epoch 55 training [time: 54.71s, train_loss1: 15.9764, train_loss2: 4.6018, train_loss3: 0.2705]
Fri 03 Nov 2023 01:52:27 INFO  epoch 55 evaluating [time: 4.23s, valid_score: 0.057100]
Fri 03 Nov 2023 01:52:27 INFO  valid result: 
recall@10 : 0.0823    recall@20 : 0.1265    recall@50 : 0.2105    ndcg@10 : 0.0571    ndcg@20 : 0.0707    ndcg@50 : 0.0926
Fri 03 Nov 2023 01:52:27 INFO  Saving current: saved/NCL-Nov-03-2023_00-56-23.pth
Fri 03 Nov 2023 01:52:27 INFO  Saving current best: saved/NCL-Nov-03-2023_00-56-23.pth
Fri 03 Nov 2023 01:52:27 INFO  Running E-step ! 
Fri 03 Nov 2023 01:53:23 INFO  epoch 56 training [time: 54.74s, train_loss1: 15.5066, train_loss2: 4.5127, train_loss3: 0.2695]
Fri 03 Nov 2023 01:53:27 INFO  epoch 56 evaluating [time: 4.29s, valid_score: 0.057400]
Fri 03 Nov 2023 01:53:27 INFO  valid result: 
recall@10 : 0.0824    recall@20 : 0.1273    recall@50 : 0.2111    ndcg@10 : 0.0574    ndcg@20 : 0.0711    ndcg@50 : 0.093
Fri 03 Nov 2023 01:53:27 INFO  Saving current: saved/NCL-Nov-03-2023_00-56-23.pth
Fri 03 Nov 2023 01:53:27 INFO  Saving current best: saved/NCL-Nov-03-2023_00-56-23.pth
Fri 03 Nov 2023 01:53:27 INFO  Running E-step ! 
Fri 03 Nov 2023 01:54:23 INFO  epoch 57 training [time: 54.63s, train_loss1: 15.1559, train_loss2: 4.4287, train_loss3: 0.2686]
Fri 03 Nov 2023 01:54:27 INFO  epoch 57 evaluating [time: 4.73s, valid_score: 0.057700]
Fri 03 Nov 2023 01:54:27 INFO  valid result: 
recall@10 : 0.0829    recall@20 : 0.1278    recall@50 : 0.2116    ndcg@10 : 0.0577    ndcg@20 : 0.0715    ndcg@50 : 0.0934
Fri 03 Nov 2023 01:54:28 INFO  Saving current: saved/NCL-Nov-03-2023_00-56-23.pth
Fri 03 Nov 2023 01:54:28 INFO  Saving current best: saved/NCL-Nov-03-2023_00-56-23.pth
Fri 03 Nov 2023 01:54:28 INFO  Running E-step ! 
Fri 03 Nov 2023 01:55:23 INFO  epoch 58 training [time: 54.71s, train_loss1: 15.0179, train_loss2: 4.3397, train_loss3: 0.2682]
Fri 03 Nov 2023 01:55:27 INFO  epoch 58 evaluating [time: 4.20s, valid_score: 0.058100]
Fri 03 Nov 2023 01:55:27 INFO  valid result: 
recall@10 : 0.0834    recall@20 : 0.1285    recall@50 : 0.2122    ndcg@10 : 0.0581    ndcg@20 : 0.0719    ndcg@50 : 0.0938
Fri 03 Nov 2023 01:55:28 INFO  Saving current: saved/NCL-Nov-03-2023_00-56-23.pth
Fri 03 Nov 2023 01:55:28 INFO  Saving current best: saved/NCL-Nov-03-2023_00-56-23.pth
Fri 03 Nov 2023 01:55:28 INFO  Running E-step ! 
Fri 03 Nov 2023 01:56:23 INFO  epoch 59 training [time: 54.56s, train_loss1: 14.7676, train_loss2: 4.2547, train_loss3: 0.2676]
Fri 03 Nov 2023 01:56:27 INFO  epoch 59 evaluating [time: 4.18s, valid_score: 0.058300]
Fri 03 Nov 2023 01:56:27 INFO  valid result: 
recall@10 : 0.0836    recall@20 : 0.1289    recall@50 : 0.2126    ndcg@10 : 0.0583    ndcg@20 : 0.0722    ndcg@50 : 0.0941
Fri 03 Nov 2023 01:56:28 INFO  Saving current: saved/NCL-Nov-03-2023_00-56-23.pth
Fri 03 Nov 2023 01:56:28 INFO  Saving current best: saved/NCL-Nov-03-2023_00-56-23.pth
Fri 03 Nov 2023 01:56:28 INFO  Running E-step ! 
Fri 03 Nov 2023 01:57:23 INFO  epoch 60 training [time: 54.60s, train_loss1: 14.4398, train_loss2: 4.1742, train_loss3: 0.2671]
Fri 03 Nov 2023 01:57:28 INFO  epoch 60 evaluating [time: 4.62s, valid_score: 0.058600]
Fri 03 Nov 2023 01:57:28 INFO  valid result: 
recall@10 : 0.0839    recall@20 : 0.129    recall@50 : 0.2133    ndcg@10 : 0.0586    ndcg@20 : 0.0725    ndcg@50 : 0.0945
Fri 03 Nov 2023 01:57:28 INFO  Saving current: saved/NCL-Nov-03-2023_00-56-23.pth
Fri 03 Nov 2023 01:57:28 INFO  Saving current best: saved/NCL-Nov-03-2023_00-56-23.pth
Fri 03 Nov 2023 01:57:28 INFO  Running E-step ! 
Fri 03 Nov 2023 01:58:23 INFO  epoch 61 training [time: 54.39s, train_loss1: 14.3303, train_loss2: 4.0989, train_loss3: 0.2680]
Fri 03 Nov 2023 01:58:28 INFO  epoch 61 evaluating [time: 4.81s, valid_score: 0.058800]
Fri 03 Nov 2023 01:58:28 INFO  valid result: 
recall@10 : 0.0841    recall@20 : 0.1297    recall@50 : 0.2139    ndcg@10 : 0.0588    ndcg@20 : 0.0728    ndcg@50 : 0.0948
Fri 03 Nov 2023 01:58:28 INFO  Saving current: saved/NCL-Nov-03-2023_00-56-23.pth
Fri 03 Nov 2023 01:58:28 INFO  Saving current best: saved/NCL-Nov-03-2023_00-56-23.pth
Fri 03 Nov 2023 01:58:28 INFO  Running E-step ! 
Fri 03 Nov 2023 01:59:24 INFO  epoch 62 training [time: 54.61s, train_loss1: 14.1030, train_loss2: 4.0237, train_loss3: 0.2665]
Fri 03 Nov 2023 01:59:29 INFO  epoch 62 evaluating [time: 5.01s, valid_score: 0.059200]
Fri 03 Nov 2023 01:59:29 INFO  valid result: 
recall@10 : 0.0844    recall@20 : 0.13    recall@50 : 0.214    ndcg@10 : 0.0592    ndcg@20 : 0.0731    ndcg@50 : 0.0951
Fri 03 Nov 2023 01:59:29 INFO  Saving current: saved/NCL-Nov-03-2023_00-56-23.pth
Fri 03 Nov 2023 01:59:29 INFO  Saving current best: saved/NCL-Nov-03-2023_00-56-23.pth
Fri 03 Nov 2023 01:59:29 INFO  Running E-step ! 
Fri 03 Nov 2023 02:00:24 INFO  epoch 63 training [time: 54.39s, train_loss1: 13.8166, train_loss2: 3.9522, train_loss3: 0.2661]
Fri 03 Nov 2023 02:00:28 INFO  epoch 63 evaluating [time: 4.26s, valid_score: 0.059400]
Fri 03 Nov 2023 02:00:28 INFO  valid result: 
recall@10 : 0.0849    recall@20 : 0.1304    recall@50 : 0.2147    ndcg@10 : 0.0594    ndcg@20 : 0.0734    ndcg@50 : 0.0954
Fri 03 Nov 2023 02:00:29 INFO  Saving current: saved/NCL-Nov-03-2023_00-56-23.pth
Fri 03 Nov 2023 02:00:29 INFO  Saving current best: saved/NCL-Nov-03-2023_00-56-23.pth
Fri 03 Nov 2023 02:00:29 INFO  Running E-step ! 
Fri 03 Nov 2023 02:01:24 INFO  epoch 64 training [time: 54.72s, train_loss1: 13.6714, train_loss2: 3.8825, train_loss3: 0.2664]
Fri 03 Nov 2023 02:01:29 INFO  epoch 64 evaluating [time: 4.59s, valid_score: 0.059900]
Fri 03 Nov 2023 02:01:29 INFO  valid result: 
recall@10 : 0.0856    recall@20 : 0.1309    recall@50 : 0.2151    ndcg@10 : 0.0599    ndcg@20 : 0.0737    ndcg@50 : 0.0957
Fri 03 Nov 2023 02:01:29 INFO  Saving current: saved/NCL-Nov-03-2023_00-56-23.pth
Fri 03 Nov 2023 02:01:29 INFO  Saving current best: saved/NCL-Nov-03-2023_00-56-23.pth
Fri 03 Nov 2023 02:01:29 INFO  Running E-step ! 
Fri 03 Nov 2023 02:02:24 INFO  epoch 65 training [time: 54.83s, train_loss1: 13.4717, train_loss2: 3.8136, train_loss3: 0.2664]
Fri 03 Nov 2023 02:02:29 INFO  epoch 65 evaluating [time: 4.76s, valid_score: 0.060100]
Fri 03 Nov 2023 02:02:29 INFO  valid result: 
recall@10 : 0.0858    recall@20 : 0.1311    recall@50 : 0.2155    ndcg@10 : 0.0601    ndcg@20 : 0.074    ndcg@50 : 0.0961
Fri 03 Nov 2023 02:02:29 INFO  Saving current: saved/NCL-Nov-03-2023_00-56-23.pth
Fri 03 Nov 2023 02:02:29 INFO  Saving current best: saved/NCL-Nov-03-2023_00-56-23.pth
Fri 03 Nov 2023 02:02:29 INFO  Running E-step ! 
Fri 03 Nov 2023 02:03:25 INFO  epoch 66 training [time: 54.93s, train_loss1: 13.1669, train_loss2: 3.7481, train_loss3: 0.2656]
Fri 03 Nov 2023 02:03:30 INFO  epoch 66 evaluating [time: 4.94s, valid_score: 0.060400]
Fri 03 Nov 2023 02:03:30 INFO  valid result: 
recall@10 : 0.0861    recall@20 : 0.1315    recall@50 : 0.2161    ndcg@10 : 0.0604    ndcg@20 : 0.0743    ndcg@50 : 0.0964
Fri 03 Nov 2023 02:03:30 INFO  Saving current: saved/NCL-Nov-03-2023_00-56-23.pth
Fri 03 Nov 2023 02:03:30 INFO  Saving current best: saved/NCL-Nov-03-2023_00-56-23.pth
Fri 03 Nov 2023 02:03:30 INFO  Running E-step ! 
Fri 03 Nov 2023 02:04:26 INFO  epoch 67 training [time: 54.72s, train_loss1: 12.9891, train_loss2: 3.6830, train_loss3: 0.2664]
Fri 03 Nov 2023 02:04:30 INFO  epoch 67 evaluating [time: 4.22s, valid_score: 0.060700]
Fri 03 Nov 2023 02:04:30 INFO  valid result: 
recall@10 : 0.0867    recall@20 : 0.1324    recall@50 : 0.2166    ndcg@10 : 0.0607    ndcg@20 : 0.0746    ndcg@50 : 0.0967
Fri 03 Nov 2023 02:04:31 INFO  Saving current: saved/NCL-Nov-03-2023_00-56-23.pth
Fri 03 Nov 2023 02:04:31 INFO  Saving current best: saved/NCL-Nov-03-2023_00-56-23.pth
Fri 03 Nov 2023 02:04:31 INFO  Running E-step ! 
Fri 03 Nov 2023 02:05:26 INFO  epoch 68 training [time: 54.94s, train_loss1: 12.7093, train_loss2: 3.6217, train_loss3: 0.2662]
Fri 03 Nov 2023 02:05:31 INFO  epoch 68 evaluating [time: 4.21s, valid_score: 0.061000]
Fri 03 Nov 2023 02:05:31 INFO  valid result: 
recall@10 : 0.0872    recall@20 : 0.1326    recall@50 : 0.2168    ndcg@10 : 0.061    ndcg@20 : 0.0749    ndcg@50 : 0.097
Fri 03 Nov 2023 02:05:31 INFO  Saving current: saved/NCL-Nov-03-2023_00-56-23.pth
Fri 03 Nov 2023 02:05:31 INFO  Saving current best: saved/NCL-Nov-03-2023_00-56-23.pth
Fri 03 Nov 2023 02:05:31 INFO  Running E-step ! 
Fri 03 Nov 2023 02:06:26 INFO  epoch 69 training [time: 54.69s, train_loss1: 12.6814, train_loss2: 3.5591, train_loss3: 0.2657]
Fri 03 Nov 2023 02:06:31 INFO  epoch 69 evaluating [time: 4.97s, valid_score: 0.061200]
Fri 03 Nov 2023 02:06:31 INFO  valid result: 
recall@10 : 0.0875    recall@20 : 0.1328    recall@50 : 0.2172    ndcg@10 : 0.0612    ndcg@20 : 0.0751    ndcg@50 : 0.0972
Fri 03 Nov 2023 02:06:31 INFO  Saving current: saved/NCL-Nov-03-2023_00-56-23.pth
Fri 03 Nov 2023 02:06:31 INFO  Saving current best: saved/NCL-Nov-03-2023_00-56-23.pth
Fri 03 Nov 2023 02:06:31 INFO  Running E-step ! 
Fri 03 Nov 2023 02:07:27 INFO  epoch 70 training [time: 55.08s, train_loss1: 12.4847, train_loss2: 3.4989, train_loss3: 0.2665]
Fri 03 Nov 2023 02:07:32 INFO  epoch 70 evaluating [time: 4.90s, valid_score: 0.061600]
Fri 03 Nov 2023 02:07:32 INFO  valid result: 
recall@10 : 0.088    recall@20 : 0.133    recall@50 : 0.2175    ndcg@10 : 0.0616    ndcg@20 : 0.0753    ndcg@50 : 0.0975
Fri 03 Nov 2023 02:07:33 INFO  Saving current: saved/NCL-Nov-03-2023_00-56-23.pth
Fri 03 Nov 2023 02:07:33 INFO  Saving current best: saved/NCL-Nov-03-2023_00-56-23.pth
Fri 03 Nov 2023 02:07:33 INFO  Running E-step ! 
Fri 03 Nov 2023 02:08:29 INFO  epoch 71 training [time: 55.69s, train_loss1: 12.2660, train_loss2: 3.4438, train_loss3: 0.2661]
Fri 03 Nov 2023 02:08:34 INFO  epoch 71 evaluating [time: 4.47s, valid_score: 0.061700]
Fri 03 Nov 2023 02:08:34 INFO  valid result: 
recall@10 : 0.0883    recall@20 : 0.1335    recall@50 : 0.2181    ndcg@10 : 0.0617    ndcg@20 : 0.0755    ndcg@50 : 0.0976
Fri 03 Nov 2023 02:08:34 INFO  Saving current: saved/NCL-Nov-03-2023_00-56-23.pth
Fri 03 Nov 2023 02:08:34 INFO  Saving current best: saved/NCL-Nov-03-2023_00-56-23.pth
Fri 03 Nov 2023 02:08:34 INFO  Running E-step ! 
Fri 03 Nov 2023 02:09:30 INFO  epoch 72 training [time: 55.62s, train_loss1: 12.1727, train_loss2: 3.3887, train_loss3: 0.2661]
Fri 03 Nov 2023 02:09:35 INFO  epoch 72 evaluating [time: 4.51s, valid_score: 0.061900]
Fri 03 Nov 2023 02:09:35 INFO  valid result: 
recall@10 : 0.0886    recall@20 : 0.1335    recall@50 : 0.2182    ndcg@10 : 0.0619    ndcg@20 : 0.0757    ndcg@50 : 0.0979
Fri 03 Nov 2023 02:09:35 INFO  Saving current: saved/NCL-Nov-03-2023_00-56-23.pth
Fri 03 Nov 2023 02:09:35 INFO  Saving current best: saved/NCL-Nov-03-2023_00-56-23.pth
Fri 03 Nov 2023 02:09:35 INFO  Running E-step ! 
Fri 03 Nov 2023 02:10:31 INFO  epoch 73 training [time: 55.50s, train_loss1: 11.8596, train_loss2: 3.3347, train_loss3: 0.2671]
Fri 03 Nov 2023 02:10:37 INFO  epoch 73 evaluating [time: 5.24s, valid_score: 0.062100]
Fri 03 Nov 2023 02:10:37 INFO  valid result: 
recall@10 : 0.0888    recall@20 : 0.1339    recall@50 : 0.2182    ndcg@10 : 0.0621    ndcg@20 : 0.0759    ndcg@50 : 0.098
Fri 03 Nov 2023 02:10:37 INFO  Saving current: saved/NCL-Nov-03-2023_00-56-23.pth
Fri 03 Nov 2023 02:10:37 INFO  Saving current best: saved/NCL-Nov-03-2023_00-56-23.pth
Fri 03 Nov 2023 02:10:37 INFO  Running E-step ! 
Fri 03 Nov 2023 02:11:33 INFO  epoch 74 training [time: 55.11s, train_loss1: 11.7638, train_loss2: 3.2827, train_loss3: 0.2665]
Fri 03 Nov 2023 02:11:38 INFO  epoch 74 evaluating [time: 5.63s, valid_score: 0.062300]
Fri 03 Nov 2023 02:11:38 INFO  valid result: 
recall@10 : 0.089    recall@20 : 0.1344    recall@50 : 0.2183    ndcg@10 : 0.0623    ndcg@20 : 0.0762    ndcg@50 : 0.0982
Fri 03 Nov 2023 02:11:39 INFO  Saving current: saved/NCL-Nov-03-2023_00-56-23.pth
Fri 03 Nov 2023 02:11:39 INFO  Saving current best: saved/NCL-Nov-03-2023_00-56-23.pth
Fri 03 Nov 2023 02:11:39 INFO  Running E-step ! 
Fri 03 Nov 2023 02:12:35 INFO  epoch 75 training [time: 54.92s, train_loss1: 11.5934, train_loss2: 3.2315, train_loss3: 0.2665]
Fri 03 Nov 2023 02:12:40 INFO  epoch 75 evaluating [time: 4.86s, valid_score: 0.062300]
Fri 03 Nov 2023 02:12:40 INFO  valid result: 
recall@10 : 0.0889    recall@20 : 0.135    recall@50 : 0.2186    ndcg@10 : 0.0623    ndcg@20 : 0.0764    ndcg@50 : 0.0983
Fri 03 Nov 2023 02:12:40 INFO  Saving current: saved/NCL-Nov-03-2023_00-56-23.pth
Fri 03 Nov 2023 02:12:40 INFO  Saving current best: saved/NCL-Nov-03-2023_00-56-23.pth
Fri 03 Nov 2023 02:12:40 INFO  Running E-step ! 
Fri 03 Nov 2023 02:13:36 INFO  epoch 76 training [time: 54.97s, train_loss1: 11.5449, train_loss2: 3.1802, train_loss3: 0.2670]
Fri 03 Nov 2023 02:13:40 INFO  epoch 76 evaluating [time: 4.25s, valid_score: 0.062500]
Fri 03 Nov 2023 02:13:40 INFO  valid result: 
recall@10 : 0.0892    recall@20 : 0.135    recall@50 : 0.219    ndcg@10 : 0.0625    ndcg@20 : 0.0765    ndcg@50 : 0.0985
Fri 03 Nov 2023 02:13:40 INFO  Saving current: saved/NCL-Nov-03-2023_00-56-23.pth
Fri 03 Nov 2023 02:13:40 INFO  Saving current best: saved/NCL-Nov-03-2023_00-56-23.pth
Fri 03 Nov 2023 02:13:40 INFO  Running E-step ! 
Fri 03 Nov 2023 02:14:36 INFO  epoch 77 training [time: 55.07s, train_loss1: 11.3811, train_loss2: 3.1304, train_loss3: 0.2684]
Fri 03 Nov 2023 02:14:40 INFO  epoch 77 evaluating [time: 4.30s, valid_score: 0.062600]
Fri 03 Nov 2023 02:14:40 INFO  valid result: 
recall@10 : 0.0892    recall@20 : 0.1352    recall@50 : 0.2191    ndcg@10 : 0.0626    ndcg@20 : 0.0767    ndcg@50 : 0.0987
Fri 03 Nov 2023 02:14:41 INFO  Saving current: saved/NCL-Nov-03-2023_00-56-23.pth
Fri 03 Nov 2023 02:14:41 INFO  Saving current best: saved/NCL-Nov-03-2023_00-56-23.pth
Fri 03 Nov 2023 02:14:41 INFO  Running E-step ! 
Fri 03 Nov 2023 02:15:37 INFO  epoch 78 training [time: 55.57s, train_loss1: 11.3095, train_loss2: 3.0827, train_loss3: 0.2676]
Fri 03 Nov 2023 02:15:43 INFO  epoch 78 evaluating [time: 5.76s, valid_score: 0.062800]
Fri 03 Nov 2023 02:15:43 INFO  valid result: 
recall@10 : 0.0893    recall@20 : 0.1355    recall@50 : 0.2195    ndcg@10 : 0.0628    ndcg@20 : 0.0769    ndcg@50 : 0.0989
Fri 03 Nov 2023 02:15:43 INFO  Saving current: saved/NCL-Nov-03-2023_00-56-23.pth
Fri 03 Nov 2023 02:15:43 INFO  Saving current best: saved/NCL-Nov-03-2023_00-56-23.pth
Fri 03 Nov 2023 02:15:43 INFO  Running E-step ! 
Fri 03 Nov 2023 02:16:39 INFO  epoch 79 training [time: 55.00s, train_loss1: 11.0605, train_loss2: 3.0366, train_loss3: 0.2687]
Fri 03 Nov 2023 02:16:44 INFO  epoch 79 evaluating [time: 5.32s, valid_score: 0.063000]
Fri 03 Nov 2023 02:16:44 INFO  valid result: 
recall@10 : 0.0896    recall@20 : 0.1358    recall@50 : 0.2197    ndcg@10 : 0.063    ndcg@20 : 0.0771    ndcg@50 : 0.0991
Fri 03 Nov 2023 02:16:44 INFO  Saving current: saved/NCL-Nov-03-2023_00-56-23.pth
Fri 03 Nov 2023 02:16:44 INFO  Saving current best: saved/NCL-Nov-03-2023_00-56-23.pth
Fri 03 Nov 2023 02:16:44 INFO  Running E-step ! 
Fri 03 Nov 2023 02:17:40 INFO  epoch 80 training [time: 54.91s, train_loss1: 10.9075, train_loss2: 2.9938, train_loss3: 0.2678]
Fri 03 Nov 2023 02:17:45 INFO  epoch 80 evaluating [time: 4.95s, valid_score: 0.063100]
Fri 03 Nov 2023 02:17:45 INFO  valid result: 
recall@10 : 0.09    recall@20 : 0.136    recall@50 : 0.2197    ndcg@10 : 0.0631    ndcg@20 : 0.0772    ndcg@50 : 0.0991
Fri 03 Nov 2023 02:17:45 INFO  Saving current: saved/NCL-Nov-03-2023_00-56-23.pth
Fri 03 Nov 2023 02:17:45 INFO  Saving current best: saved/NCL-Nov-03-2023_00-56-23.pth
Fri 03 Nov 2023 02:17:45 INFO  Running E-step ! 
Fri 03 Nov 2023 02:18:41 INFO  epoch 81 training [time: 55.11s, train_loss1: 10.7276, train_loss2: 2.9531, train_loss3: 0.2698]
Fri 03 Nov 2023 02:18:46 INFO  epoch 81 evaluating [time: 4.38s, valid_score: 0.063200]
Fri 03 Nov 2023 02:18:46 INFO  valid result: 
recall@10 : 0.09    recall@20 : 0.1362    recall@50 : 0.2199    ndcg@10 : 0.0632    ndcg@20 : 0.0773    ndcg@50 : 0.0993
Fri 03 Nov 2023 02:18:46 INFO  Saving current: saved/NCL-Nov-03-2023_00-56-23.pth
Fri 03 Nov 2023 02:18:46 INFO  Saving current best: saved/NCL-Nov-03-2023_00-56-23.pth
Fri 03 Nov 2023 02:18:46 INFO  Running E-step ! 
Fri 03 Nov 2023 02:19:41 INFO  epoch 82 training [time: 54.80s, train_loss1: 10.6743, train_loss2: 2.9107, train_loss3: 0.2697]
Fri 03 Nov 2023 02:19:46 INFO  epoch 82 evaluating [time: 4.25s, valid_score: 0.063500]
Fri 03 Nov 2023 02:19:46 INFO  valid result: 
recall@10 : 0.0903    recall@20 : 0.1365    recall@50 : 0.22    ndcg@10 : 0.0635    ndcg@20 : 0.0776    ndcg@50 : 0.0995
Fri 03 Nov 2023 02:19:46 INFO  Saving current: saved/NCL-Nov-03-2023_00-56-23.pth
Fri 03 Nov 2023 02:19:46 INFO  Saving current best: saved/NCL-Nov-03-2023_00-56-23.pth
Fri 03 Nov 2023 02:19:46 INFO  Running E-step ! 
Fri 03 Nov 2023 02:20:41 INFO  epoch 83 training [time: 54.73s, train_loss1: 10.5005, train_loss2: 2.8690, train_loss3: 0.2697]
Fri 03 Nov 2023 02:20:46 INFO  epoch 83 evaluating [time: 4.74s, valid_score: 0.063600]
Fri 03 Nov 2023 02:20:46 INFO  valid result: 
recall@10 : 0.0902    recall@20 : 0.1369    recall@50 : 0.2203    ndcg@10 : 0.0636    ndcg@20 : 0.0778    ndcg@50 : 0.0997
Fri 03 Nov 2023 02:20:46 INFO  Saving current: saved/NCL-Nov-03-2023_00-56-23.pth
Fri 03 Nov 2023 02:20:46 INFO  Saving current best: saved/NCL-Nov-03-2023_00-56-23.pth
Fri 03 Nov 2023 02:20:46 INFO  Running E-step ! 
Fri 03 Nov 2023 02:21:42 INFO  epoch 84 training [time: 55.00s, train_loss1: 10.3143, train_loss2: 2.8274, train_loss3: 0.2696]
Fri 03 Nov 2023 02:21:47 INFO  epoch 84 evaluating [time: 4.95s, valid_score: 0.063700]
Fri 03 Nov 2023 02:21:47 INFO  valid result: 
recall@10 : 0.0904    recall@20 : 0.1368    recall@50 : 0.2204    ndcg@10 : 0.0637    ndcg@20 : 0.0778    ndcg@50 : 0.0998
Fri 03 Nov 2023 02:21:47 INFO  Saving current: saved/NCL-Nov-03-2023_00-56-23.pth
Fri 03 Nov 2023 02:21:47 INFO  Saving current best: saved/NCL-Nov-03-2023_00-56-23.pth
Fri 03 Nov 2023 02:21:47 INFO  Running E-step ! 
Fri 03 Nov 2023 02:22:44 INFO  epoch 85 training [time: 55.45s, train_loss1: 10.2004, train_loss2: 2.7908, train_loss3: 0.2703]
Fri 03 Nov 2023 02:22:48 INFO  epoch 85 evaluating [time: 4.55s, valid_score: 0.063800]
Fri 03 Nov 2023 02:22:48 INFO  valid result: 
recall@10 : 0.0906    recall@20 : 0.1367    recall@50 : 0.2206    ndcg@10 : 0.0638    ndcg@20 : 0.0778    ndcg@50 : 0.0999
Fri 03 Nov 2023 02:22:49 INFO  Saving current: saved/NCL-Nov-03-2023_00-56-23.pth
Fri 03 Nov 2023 02:22:49 INFO  Saving current best: saved/NCL-Nov-03-2023_00-56-23.pth
Fri 03 Nov 2023 02:22:49 INFO  Running E-step ! 
Fri 03 Nov 2023 02:23:45 INFO  epoch 86 training [time: 55.29s, train_loss1: 10.0984, train_loss2: 2.7538, train_loss3: 0.2700]
Fri 03 Nov 2023 02:23:50 INFO  epoch 86 evaluating [time: 4.68s, valid_score: 0.063900]
Fri 03 Nov 2023 02:23:50 INFO  valid result: 
recall@10 : 0.0907    recall@20 : 0.1371    recall@50 : 0.2204    ndcg@10 : 0.0639    ndcg@20 : 0.0781    ndcg@50 : 0.0999
Fri 03 Nov 2023 02:23:50 INFO  Saving current: saved/NCL-Nov-03-2023_00-56-23.pth
Fri 03 Nov 2023 02:23:50 INFO  Saving current best: saved/NCL-Nov-03-2023_00-56-23.pth
Fri 03 Nov 2023 02:23:50 INFO  Running E-step ! 
Fri 03 Nov 2023 02:24:46 INFO  epoch 87 training [time: 55.38s, train_loss1: 9.9951, train_loss2: 2.7152, train_loss3: 0.2726]
Fri 03 Nov 2023 02:24:50 INFO  epoch 87 evaluating [time: 4.41s, valid_score: 0.064000]
Fri 03 Nov 2023 02:24:50 INFO  valid result: 
recall@10 : 0.0907    recall@20 : 0.137    recall@50 : 0.2206    ndcg@10 : 0.064    ndcg@20 : 0.0781    ndcg@50 : 0.1001
Fri 03 Nov 2023 02:24:51 INFO  Saving current: saved/NCL-Nov-03-2023_00-56-23.pth
Fri 03 Nov 2023 02:24:51 INFO  Saving current best: saved/NCL-Nov-03-2023_00-56-23.pth
Fri 03 Nov 2023 02:24:51 INFO  Running E-step ! 
Fri 03 Nov 2023 02:25:47 INFO  epoch 88 training [time: 55.20s, train_loss1: 9.8102, train_loss2: 2.6817, train_loss3: 0.2718]
Fri 03 Nov 2023 02:25:52 INFO  epoch 88 evaluating [time: 5.30s, valid_score: 0.064100]
Fri 03 Nov 2023 02:25:52 INFO  valid result: 
recall@10 : 0.0908    recall@20 : 0.137    recall@50 : 0.2207    ndcg@10 : 0.0641    ndcg@20 : 0.0782    ndcg@50 : 0.1002
Fri 03 Nov 2023 02:25:52 INFO  Saving current: saved/NCL-Nov-03-2023_00-56-23.pth
Fri 03 Nov 2023 02:25:52 INFO  Saving current best: saved/NCL-Nov-03-2023_00-56-23.pth
Fri 03 Nov 2023 02:25:52 INFO  Running E-step ! 
Fri 03 Nov 2023 02:26:48 INFO  epoch 89 training [time: 55.07s, train_loss1: 9.8134, train_loss2: 2.6456, train_loss3: 0.2720]
Fri 03 Nov 2023 02:26:53 INFO  epoch 89 evaluating [time: 4.81s, valid_score: 0.064300]
Fri 03 Nov 2023 02:26:53 INFO  valid result: 
recall@10 : 0.0913    recall@20 : 0.1373    recall@50 : 0.2211    ndcg@10 : 0.0643    ndcg@20 : 0.0783    ndcg@50 : 0.1003
Fri 03 Nov 2023 02:26:53 INFO  Saving current: saved/NCL-Nov-03-2023_00-56-23.pth
Fri 03 Nov 2023 02:26:53 INFO  Saving current best: saved/NCL-Nov-03-2023_00-56-23.pth
Fri 03 Nov 2023 02:26:53 INFO  Running E-step ! 
Fri 03 Nov 2023 02:27:49 INFO  epoch 90 training [time: 55.08s, train_loss1: 9.7472, train_loss2: 2.6108, train_loss3: 0.2737]
Fri 03 Nov 2023 02:27:53 INFO  epoch 90 evaluating [time: 4.45s, valid_score: 0.064500]
Fri 03 Nov 2023 02:27:53 INFO  valid result: 
recall@10 : 0.0915    recall@20 : 0.1376    recall@50 : 0.2213    ndcg@10 : 0.0645    ndcg@20 : 0.0786    ndcg@50 : 0.1005
Fri 03 Nov 2023 02:27:54 INFO  Saving current: saved/NCL-Nov-03-2023_00-56-23.pth
Fri 03 Nov 2023 02:27:54 INFO  Saving current best: saved/NCL-Nov-03-2023_00-56-23.pth
Fri 03 Nov 2023 02:27:54 INFO  Running E-step ! 
Fri 03 Nov 2023 02:28:50 INFO  epoch 91 training [time: 55.44s, train_loss1: 9.6543, train_loss2: 2.5761, train_loss3: 0.2745]
Fri 03 Nov 2023 02:28:55 INFO  epoch 91 evaluating [time: 4.67s, valid_score: 0.064600]
Fri 03 Nov 2023 02:28:55 INFO  valid result: 
recall@10 : 0.0916    recall@20 : 0.1376    recall@50 : 0.2215    ndcg@10 : 0.0646    ndcg@20 : 0.0787    ndcg@50 : 0.1007
Fri 03 Nov 2023 02:28:55 INFO  Saving current: saved/NCL-Nov-03-2023_00-56-23.pth
Fri 03 Nov 2023 02:28:55 INFO  Saving current best: saved/NCL-Nov-03-2023_00-56-23.pth
Fri 03 Nov 2023 02:28:55 INFO  Running E-step ! 
Fri 03 Nov 2023 02:29:51 INFO  epoch 92 training [time: 55.40s, train_loss1: 9.4081, train_loss2: 2.5458, train_loss3: 0.2733]
Fri 03 Nov 2023 02:29:56 INFO  epoch 92 evaluating [time: 4.44s, valid_score: 0.064700]
Fri 03 Nov 2023 02:29:56 INFO  valid result: 
recall@10 : 0.0916    recall@20 : 0.1375    recall@50 : 0.2215    ndcg@10 : 0.0647    ndcg@20 : 0.0787    ndcg@50 : 0.1007
Fri 03 Nov 2023 02:29:56 INFO  Saving current: saved/NCL-Nov-03-2023_00-56-23.pth
Fri 03 Nov 2023 02:29:56 INFO  Saving current best: saved/NCL-Nov-03-2023_00-56-23.pth
Fri 03 Nov 2023 02:29:56 INFO  Running E-step ! 
Fri 03 Nov 2023 02:30:52 INFO  epoch 93 training [time: 55.11s, train_loss1: 9.4115, train_loss2: 2.5118, train_loss3: 0.2742]
Fri 03 Nov 2023 02:30:57 INFO  epoch 93 evaluating [time: 4.99s, valid_score: 0.064600]
Fri 03 Nov 2023 02:30:57 INFO  valid result: 
recall@10 : 0.0917    recall@20 : 0.1376    recall@50 : 0.2214    ndcg@10 : 0.0646    ndcg@20 : 0.0787    ndcg@50 : 0.1007
Fri 03 Nov 2023 02:30:57 INFO  Running E-step ! 
Fri 03 Nov 2023 02:31:53 INFO  epoch 94 training [time: 55.35s, train_loss1: 9.2619, train_loss2: 2.4828, train_loss3: 0.2751]
Fri 03 Nov 2023 02:31:58 INFO  epoch 94 evaluating [time: 5.48s, valid_score: 0.064800]
Fri 03 Nov 2023 02:31:58 INFO  valid result: 
recall@10 : 0.0919    recall@20 : 0.1376    recall@50 : 0.2214    ndcg@10 : 0.0648    ndcg@20 : 0.0788    ndcg@50 : 0.1007
Fri 03 Nov 2023 02:31:59 INFO  Saving current: saved/NCL-Nov-03-2023_00-56-23.pth
Fri 03 Nov 2023 02:31:59 INFO  Saving current best: saved/NCL-Nov-03-2023_00-56-23.pth
Fri 03 Nov 2023 02:31:59 INFO  Running E-step ! 
Fri 03 Nov 2023 02:32:55 INFO  epoch 95 training [time: 55.13s, train_loss1: 9.2239, train_loss2: 2.4533, train_loss3: 0.2765]
Fri 03 Nov 2023 02:32:59 INFO  epoch 95 evaluating [time: 4.37s, valid_score: 0.064800]
Fri 03 Nov 2023 02:32:59 INFO  valid result: 
recall@10 : 0.0918    recall@20 : 0.1378    recall@50 : 0.2219    ndcg@10 : 0.0648    ndcg@20 : 0.0789    ndcg@50 : 0.1009
Fri 03 Nov 2023 02:32:59 INFO  Saving current: saved/NCL-Nov-03-2023_00-56-23.pth
Fri 03 Nov 2023 02:32:59 INFO  Saving current best: saved/NCL-Nov-03-2023_00-56-23.pth
Fri 03 Nov 2023 02:32:59 INFO  Running E-step ! 
Fri 03 Nov 2023 02:33:55 INFO  epoch 96 training [time: 55.19s, train_loss1: 9.1341, train_loss2: 2.4244, train_loss3: 0.2763]
Fri 03 Nov 2023 02:34:00 INFO  epoch 96 evaluating [time: 4.26s, valid_score: 0.064900]
Fri 03 Nov 2023 02:34:00 INFO  valid result: 
recall@10 : 0.0919    recall@20 : 0.1379    recall@50 : 0.222    ndcg@10 : 0.0649    ndcg@20 : 0.079    ndcg@50 : 0.101
Fri 03 Nov 2023 02:34:00 INFO  Saving current: saved/NCL-Nov-03-2023_00-56-23.pth
Fri 03 Nov 2023 02:34:00 INFO  Saving current best: saved/NCL-Nov-03-2023_00-56-23.pth
Fri 03 Nov 2023 02:34:00 INFO  Running E-step ! 
Fri 03 Nov 2023 02:34:55 INFO  epoch 97 training [time: 54.49s, train_loss1: 9.0990, train_loss2: 2.3932, train_loss3: 0.2775]
Fri 03 Nov 2023 02:35:00 INFO  epoch 97 evaluating [time: 4.47s, valid_score: 0.065000]
Fri 03 Nov 2023 02:35:00 INFO  valid result: 
recall@10 : 0.092    recall@20 : 0.138    recall@50 : 0.2218    ndcg@10 : 0.065    ndcg@20 : 0.0791    ndcg@50 : 0.1011
Fri 03 Nov 2023 02:35:00 INFO  Saving current: saved/NCL-Nov-03-2023_00-56-23.pth
Fri 03 Nov 2023 02:35:00 INFO  Saving current best: saved/NCL-Nov-03-2023_00-56-23.pth
Fri 03 Nov 2023 02:35:00 INFO  Running E-step ! 
Fri 03 Nov 2023 02:35:55 INFO  epoch 98 training [time: 54.65s, train_loss1: 8.9387, train_loss2: 2.3615, train_loss3: 0.2786]
Fri 03 Nov 2023 02:36:00 INFO  epoch 98 evaluating [time: 4.37s, valid_score: 0.065200]
Fri 03 Nov 2023 02:36:00 INFO  valid result: 
recall@10 : 0.0924    recall@20 : 0.138    recall@50 : 0.2217    ndcg@10 : 0.0652    ndcg@20 : 0.0791    ndcg@50 : 0.1011
Fri 03 Nov 2023 02:36:00 INFO  Saving current: saved/NCL-Nov-03-2023_00-56-23.pth
Fri 03 Nov 2023 02:36:00 INFO  Saving current best: saved/NCL-Nov-03-2023_00-56-23.pth
Fri 03 Nov 2023 02:36:00 INFO  Running E-step ! 
Fri 03 Nov 2023 02:36:56 INFO  epoch 99 training [time: 54.74s, train_loss1: 8.7874, train_loss2: 2.3333, train_loss3: 0.2781]
Fri 03 Nov 2023 02:37:00 INFO  epoch 99 evaluating [time: 4.18s, valid_score: 0.065200]
Fri 03 Nov 2023 02:37:00 INFO  valid result: 
recall@10 : 0.0922    recall@20 : 0.1379    recall@50 : 0.2218    ndcg@10 : 0.0652    ndcg@20 : 0.0791    ndcg@50 : 0.1011
Fri 03 Nov 2023 02:37:00 INFO  Saving current: saved/NCL-Nov-03-2023_00-56-23.pth
Fri 03 Nov 2023 02:37:00 INFO  Saving current best: saved/NCL-Nov-03-2023_00-56-23.pth
Fri 03 Nov 2023 02:37:00 INFO  Running E-step ! 
Fri 03 Nov 2023 02:37:56 INFO  epoch 100 training [time: 54.63s, train_loss1: 8.7962, train_loss2: 2.3085, train_loss3: 0.2783]
Fri 03 Nov 2023 02:38:00 INFO  epoch 100 evaluating [time: 4.17s, valid_score: 0.065200]
Fri 03 Nov 2023 02:38:00 INFO  valid result: 
recall@10 : 0.0921    recall@20 : 0.1382    recall@50 : 0.2218    ndcg@10 : 0.0652    ndcg@20 : 0.0792    ndcg@50 : 0.1012
Fri 03 Nov 2023 02:38:00 INFO  Saving current: saved/NCL-Nov-03-2023_00-56-23.pth
Fri 03 Nov 2023 02:38:00 INFO  Saving current best: saved/NCL-Nov-03-2023_00-56-23.pth
Fri 03 Nov 2023 02:38:00 INFO  Running E-step ! 
Fri 03 Nov 2023 02:38:56 INFO  epoch 101 training [time: 54.62s, train_loss1: 8.7488, train_loss2: 2.2839, train_loss3: 0.2788]
Fri 03 Nov 2023 02:39:00 INFO  epoch 101 evaluating [time: 4.29s, valid_score: 0.065100]
Fri 03 Nov 2023 02:39:00 INFO  valid result: 
recall@10 : 0.0919    recall@20 : 0.1383    recall@50 : 0.2215    ndcg@10 : 0.0651    ndcg@20 : 0.0793    ndcg@50 : 0.1011
Fri 03 Nov 2023 02:39:00 INFO  Running E-step ! 
Fri 03 Nov 2023 02:39:56 INFO  epoch 102 training [time: 54.77s, train_loss1: 8.6093, train_loss2: 2.2556, train_loss3: 0.2792]
Fri 03 Nov 2023 02:40:00 INFO  epoch 102 evaluating [time: 4.41s, valid_score: 0.065300]
Fri 03 Nov 2023 02:40:00 INFO  valid result: 
recall@10 : 0.092    recall@20 : 0.1383    recall@50 : 0.2214    ndcg@10 : 0.0653    ndcg@20 : 0.0794    ndcg@50 : 0.1012
Fri 03 Nov 2023 02:40:00 INFO  Saving current: saved/NCL-Nov-03-2023_00-56-23.pth
Fri 03 Nov 2023 02:40:00 INFO  Saving current best: saved/NCL-Nov-03-2023_00-56-23.pth
Fri 03 Nov 2023 02:40:00 INFO  Running E-step ! 
Fri 03 Nov 2023 02:40:56 INFO  epoch 103 training [time: 55.18s, train_loss1: 8.4596, train_loss2: 2.2319, train_loss3: 0.2799]
Fri 03 Nov 2023 02:41:01 INFO  epoch 103 evaluating [time: 4.59s, valid_score: 0.065400]
Fri 03 Nov 2023 02:41:01 INFO  valid result: 
recall@10 : 0.0924    recall@20 : 0.138    recall@50 : 0.2214    ndcg@10 : 0.0654    ndcg@20 : 0.0794    ndcg@50 : 0.1012
Fri 03 Nov 2023 02:41:01 INFO  Saving current: saved/NCL-Nov-03-2023_00-56-23.pth
Fri 03 Nov 2023 02:41:01 INFO  Saving current best: saved/NCL-Nov-03-2023_00-56-23.pth
Fri 03 Nov 2023 02:41:01 INFO  Running E-step ! 
Fri 03 Nov 2023 02:41:57 INFO  epoch 104 training [time: 54.86s, train_loss1: 8.4290, train_loss2: 2.2101, train_loss3: 0.2814]
Fri 03 Nov 2023 02:42:02 INFO  epoch 104 evaluating [time: 4.92s, valid_score: 0.065600]
Fri 03 Nov 2023 02:42:02 INFO  valid result: 
recall@10 : 0.0926    recall@20 : 0.138    recall@50 : 0.2216    ndcg@10 : 0.0656    ndcg@20 : 0.0795    ndcg@50 : 0.1015
Fri 03 Nov 2023 02:42:02 INFO  Saving current: saved/NCL-Nov-03-2023_00-56-23.pth
Fri 03 Nov 2023 02:42:02 INFO  Saving current best: saved/NCL-Nov-03-2023_00-56-23.pth
Fri 03 Nov 2023 02:42:02 INFO  Running E-step ! 
Fri 03 Nov 2023 02:42:58 INFO  epoch 105 training [time: 55.16s, train_loss1: 8.3097, train_loss2: 2.1880, train_loss3: 0.2817]
Fri 03 Nov 2023 02:43:02 INFO  epoch 105 evaluating [time: 4.61s, valid_score: 0.065600]
Fri 03 Nov 2023 02:43:02 INFO  valid result: 
recall@10 : 0.0923    recall@20 : 0.1381    recall@50 : 0.2219    ndcg@10 : 0.0656    ndcg@20 : 0.0796    ndcg@50 : 0.1016
Fri 03 Nov 2023 02:43:03 INFO  Saving current: saved/NCL-Nov-03-2023_00-56-23.pth
Fri 03 Nov 2023 02:43:03 INFO  Saving current best: saved/NCL-Nov-03-2023_00-56-23.pth
Fri 03 Nov 2023 02:43:03 INFO  Running E-step ! 
Fri 03 Nov 2023 02:43:59 INFO  epoch 106 training [time: 55.01s, train_loss1: 8.2684, train_loss2: 2.1658, train_loss3: 0.2822]
Fri 03 Nov 2023 02:44:03 INFO  epoch 106 evaluating [time: 4.35s, valid_score: 0.065700]
Fri 03 Nov 2023 02:44:03 INFO  valid result: 
recall@10 : 0.0926    recall@20 : 0.1383    recall@50 : 0.2217    ndcg@10 : 0.0657    ndcg@20 : 0.0797    ndcg@50 : 0.1016
Fri 03 Nov 2023 02:44:03 INFO  Saving current: saved/NCL-Nov-03-2023_00-56-23.pth
Fri 03 Nov 2023 02:44:03 INFO  Saving current best: saved/NCL-Nov-03-2023_00-56-23.pth
Fri 03 Nov 2023 02:44:03 INFO  Running E-step ! 
Fri 03 Nov 2023 02:45:00 INFO  epoch 107 training [time: 55.34s, train_loss1: 8.2602, train_loss2: 2.1427, train_loss3: 0.2830]
Fri 03 Nov 2023 02:45:04 INFO  epoch 107 evaluating [time: 4.56s, valid_score: 0.065700]
Fri 03 Nov 2023 02:45:04 INFO  valid result: 
recall@10 : 0.0927    recall@20 : 0.1384    recall@50 : 0.2215    ndcg@10 : 0.0657    ndcg@20 : 0.0797    ndcg@50 : 0.1015
Fri 03 Nov 2023 02:45:04 INFO  Saving current: saved/NCL-Nov-03-2023_00-56-23.pth
Fri 03 Nov 2023 02:45:04 INFO  Saving current best: saved/NCL-Nov-03-2023_00-56-23.pth
Fri 03 Nov 2023 02:45:04 INFO  Running E-step ! 
Fri 03 Nov 2023 02:46:01 INFO  epoch 108 training [time: 55.39s, train_loss1: 8.1035, train_loss2: 2.1207, train_loss3: 0.2836]
Fri 03 Nov 2023 02:46:06 INFO  epoch 108 evaluating [time: 4.96s, valid_score: 0.065700]
Fri 03 Nov 2023 02:46:06 INFO  valid result: 
recall@10 : 0.0924    recall@20 : 0.1383    recall@50 : 0.2214    ndcg@10 : 0.0657    ndcg@20 : 0.0797    ndcg@50 : 0.1015
Fri 03 Nov 2023 02:46:06 INFO  Saving current: saved/NCL-Nov-03-2023_00-56-23.pth
Fri 03 Nov 2023 02:46:06 INFO  Saving current best: saved/NCL-Nov-03-2023_00-56-23.pth
Fri 03 Nov 2023 02:46:06 INFO  Running E-step ! 
Fri 03 Nov 2023 02:47:01 INFO  epoch 109 training [time: 54.83s, train_loss1: 8.1726, train_loss2: 2.0971, train_loss3: 0.2837]
Fri 03 Nov 2023 02:47:06 INFO  epoch 109 evaluating [time: 4.96s, valid_score: 0.065700]
Fri 03 Nov 2023 02:47:06 INFO  valid result: 
recall@10 : 0.0924    recall@20 : 0.1383    recall@50 : 0.2213    ndcg@10 : 0.0657    ndcg@20 : 0.0797    ndcg@50 : 0.1015
Fri 03 Nov 2023 02:47:07 INFO  Saving current: saved/NCL-Nov-03-2023_00-56-23.pth
Fri 03 Nov 2023 02:47:07 INFO  Saving current best: saved/NCL-Nov-03-2023_00-56-23.pth
Fri 03 Nov 2023 02:47:07 INFO  Running E-step ! 
Fri 03 Nov 2023 02:48:02 INFO  epoch 110 training [time: 54.78s, train_loss1: 8.0489, train_loss2: 2.0743, train_loss3: 0.2848]
Fri 03 Nov 2023 02:48:06 INFO  epoch 110 evaluating [time: 4.34s, valid_score: 0.065600]
Fri 03 Nov 2023 02:48:06 INFO  valid result: 
recall@10 : 0.0924    recall@20 : 0.1381    recall@50 : 0.2215    ndcg@10 : 0.0656    ndcg@20 : 0.0796    ndcg@50 : 0.1015
Fri 03 Nov 2023 02:48:06 INFO  Running E-step ! 
Fri 03 Nov 2023 02:49:03 INFO  epoch 111 training [time: 55.35s, train_loss1: 8.0397, train_loss2: 2.0519, train_loss3: 0.2855]
Fri 03 Nov 2023 02:49:07 INFO  epoch 111 evaluating [time: 4.35s, valid_score: 0.065600]
Fri 03 Nov 2023 02:49:07 INFO  valid result: 
recall@10 : 0.0925    recall@20 : 0.1383    recall@50 : 0.2214    ndcg@10 : 0.0656    ndcg@20 : 0.0796    ndcg@50 : 0.1015
Fri 03 Nov 2023 02:49:07 INFO  Running E-step ! 
Fri 03 Nov 2023 02:50:03 INFO  epoch 112 training [time: 54.93s, train_loss1: 7.8140, train_loss2: 2.0350, train_loss3: 0.2861]
Fri 03 Nov 2023 02:50:08 INFO  epoch 112 evaluating [time: 4.80s, valid_score: 0.065700]
Fri 03 Nov 2023 02:50:08 INFO  valid result: 
recall@10 : 0.0925    recall@20 : 0.1383    recall@50 : 0.2214    ndcg@10 : 0.0657    ndcg@20 : 0.0797    ndcg@50 : 0.1015
Fri 03 Nov 2023 02:50:08 INFO  Saving current: saved/NCL-Nov-03-2023_00-56-23.pth
Fri 03 Nov 2023 02:50:08 INFO  Saving current best: saved/NCL-Nov-03-2023_00-56-23.pth
Fri 03 Nov 2023 02:50:08 INFO  Running E-step ! 
Fri 03 Nov 2023 02:51:03 INFO  epoch 113 training [time: 54.80s, train_loss1: 7.8205, train_loss2: 2.0153, train_loss3: 0.2863]
Fri 03 Nov 2023 02:51:08 INFO  epoch 113 evaluating [time: 4.63s, valid_score: 0.065700]
Fri 03 Nov 2023 02:51:08 INFO  valid result: 
recall@10 : 0.0926    recall@20 : 0.1384    recall@50 : 0.2208    ndcg@10 : 0.0657    ndcg@20 : 0.0796    ndcg@50 : 0.1013
Fri 03 Nov 2023 02:51:08 INFO  Saving current: saved/NCL-Nov-03-2023_00-56-23.pth
Fri 03 Nov 2023 02:51:08 INFO  Saving current best: saved/NCL-Nov-03-2023_00-56-23.pth
Fri 03 Nov 2023 02:51:08 INFO  Running E-step ! 
Fri 03 Nov 2023 02:52:04 INFO  epoch 114 training [time: 54.74s, train_loss1: 7.7137, train_loss2: 1.9966, train_loss3: 0.2870]
Fri 03 Nov 2023 02:52:08 INFO  epoch 114 evaluating [time: 4.21s, valid_score: 0.065700]
Fri 03 Nov 2023 02:52:08 INFO  valid result: 
recall@10 : 0.0926    recall@20 : 0.1383    recall@50 : 0.2211    ndcg@10 : 0.0657    ndcg@20 : 0.0797    ndcg@50 : 0.1014
Fri 03 Nov 2023 02:52:09 INFO  Saving current: saved/NCL-Nov-03-2023_00-56-23.pth
Fri 03 Nov 2023 02:52:09 INFO  Saving current best: saved/NCL-Nov-03-2023_00-56-23.pth
Fri 03 Nov 2023 02:52:09 INFO  Running E-step ! 
Fri 03 Nov 2023 02:53:05 INFO  epoch 115 training [time: 55.26s, train_loss1: 7.8093, train_loss2: 1.9767, train_loss3: 0.2874]
Fri 03 Nov 2023 02:53:09 INFO  epoch 115 evaluating [time: 4.55s, valid_score: 0.065700]
Fri 03 Nov 2023 02:53:09 INFO  valid result: 
recall@10 : 0.0926    recall@20 : 0.1383    recall@50 : 0.2207    ndcg@10 : 0.0657    ndcg@20 : 0.0797    ndcg@50 : 0.1014
Fri 03 Nov 2023 02:53:09 INFO  Saving current: saved/NCL-Nov-03-2023_00-56-23.pth
Fri 03 Nov 2023 02:53:09 INFO  Saving current best: saved/NCL-Nov-03-2023_00-56-23.pth
Fri 03 Nov 2023 02:53:09 INFO  Running E-step ! 
Fri 03 Nov 2023 02:54:05 INFO  epoch 116 training [time: 54.85s, train_loss1: 7.6965, train_loss2: 1.9571, train_loss3: 0.2887]
Fri 03 Nov 2023 02:54:10 INFO  epoch 116 evaluating [time: 5.17s, valid_score: 0.065800]
Fri 03 Nov 2023 02:54:10 INFO  valid result: 
recall@10 : 0.0927    recall@20 : 0.1384    recall@50 : 0.2208    ndcg@10 : 0.0658    ndcg@20 : 0.0798    ndcg@50 : 0.1015
Fri 03 Nov 2023 02:54:10 INFO  Saving current: saved/NCL-Nov-03-2023_00-56-23.pth
Fri 03 Nov 2023 02:54:10 INFO  Saving current best: saved/NCL-Nov-03-2023_00-56-23.pth
Fri 03 Nov 2023 02:54:10 INFO  Running E-step ! 
Fri 03 Nov 2023 02:55:06 INFO  epoch 117 training [time: 54.99s, train_loss1: 7.6793, train_loss2: 1.9378, train_loss3: 0.2888]
Fri 03 Nov 2023 02:55:11 INFO  epoch 117 evaluating [time: 4.71s, valid_score: 0.065900]
Fri 03 Nov 2023 02:55:11 INFO  valid result: 
recall@10 : 0.0926    recall@20 : 0.1386    recall@50 : 0.2208    ndcg@10 : 0.0659    ndcg@20 : 0.08    ndcg@50 : 0.1016
Fri 03 Nov 2023 02:55:11 INFO  Saving current: saved/NCL-Nov-03-2023_00-56-23.pth
Fri 03 Nov 2023 02:55:11 INFO  Saving current best: saved/NCL-Nov-03-2023_00-56-23.pth
Fri 03 Nov 2023 02:55:11 INFO  Running E-step ! 
Fri 03 Nov 2023 02:56:08 INFO  epoch 118 training [time: 55.08s, train_loss1: 7.5990, train_loss2: 1.9221, train_loss3: 0.2901]
Fri 03 Nov 2023 02:56:12 INFO  epoch 118 evaluating [time: 4.81s, valid_score: 0.065900]
Fri 03 Nov 2023 02:56:12 INFO  valid result: 
recall@10 : 0.0927    recall@20 : 0.1386    recall@50 : 0.2206    ndcg@10 : 0.0659    ndcg@20 : 0.08    ndcg@50 : 0.1015
Fri 03 Nov 2023 02:56:13 INFO  Saving current: saved/NCL-Nov-03-2023_00-56-23.pth
Fri 03 Nov 2023 02:56:13 INFO  Saving current best: saved/NCL-Nov-03-2023_00-56-23.pth
Fri 03 Nov 2023 02:56:13 INFO  Running E-step ! 
Fri 03 Nov 2023 02:57:09 INFO  epoch 119 training [time: 55.52s, train_loss1: 7.4365, train_loss2: 1.9041, train_loss3: 0.2901]
Fri 03 Nov 2023 02:57:14 INFO  epoch 119 evaluating [time: 4.82s, valid_score: 0.065800]
Fri 03 Nov 2023 02:57:14 INFO  valid result: 
recall@10 : 0.0926    recall@20 : 0.1387    recall@50 : 0.2208    ndcg@10 : 0.0658    ndcg@20 : 0.0799    ndcg@50 : 0.1015
Fri 03 Nov 2023 02:57:14 INFO  Running E-step ! 
Fri 03 Nov 2023 02:58:10 INFO  epoch 120 training [time: 55.09s, train_loss1: 7.3770, train_loss2: 1.8855, train_loss3: 0.2909]
Fri 03 Nov 2023 02:58:15 INFO  epoch 120 evaluating [time: 5.14s, valid_score: 0.065800]
Fri 03 Nov 2023 02:58:15 INFO  valid result: 
recall@10 : 0.0925    recall@20 : 0.1389    recall@50 : 0.2201    ndcg@10 : 0.0658    ndcg@20 : 0.08    ndcg@50 : 0.1014
Fri 03 Nov 2023 02:58:15 INFO  Running E-step ! 
Fri 03 Nov 2023 02:59:11 INFO  epoch 121 training [time: 55.18s, train_loss1: 7.3435, train_loss2: 1.8703, train_loss3: 0.2931]
Fri 03 Nov 2023 02:59:16 INFO  epoch 121 evaluating [time: 4.60s, valid_score: 0.065800]
Fri 03 Nov 2023 02:59:16 INFO  valid result: 
recall@10 : 0.0926    recall@20 : 0.1388    recall@50 : 0.2204    ndcg@10 : 0.0658    ndcg@20 : 0.0799    ndcg@50 : 0.1014
Fri 03 Nov 2023 02:59:16 INFO  Running E-step ! 
Fri 03 Nov 2023 03:00:12 INFO  epoch 122 training [time: 55.27s, train_loss1: 7.2867, train_loss2: 1.8558, train_loss3: 0.2929]
Fri 03 Nov 2023 03:00:16 INFO  epoch 122 evaluating [time: 4.40s, valid_score: 0.065800]
Fri 03 Nov 2023 03:00:16 INFO  valid result: 
recall@10 : 0.0926    recall@20 : 0.1386    recall@50 : 0.2203    ndcg@10 : 0.0658    ndcg@20 : 0.0799    ndcg@50 : 0.1014
Fri 03 Nov 2023 03:00:16 INFO  Running E-step ! 
Fri 03 Nov 2023 03:01:12 INFO  epoch 123 training [time: 55.11s, train_loss1: 7.2250, train_loss2: 1.8397, train_loss3: 0.2935]
Fri 03 Nov 2023 03:01:17 INFO  epoch 123 evaluating [time: 4.98s, valid_score: 0.065800]
Fri 03 Nov 2023 03:01:17 INFO  valid result: 
recall@10 : 0.0926    recall@20 : 0.1389    recall@50 : 0.2203    ndcg@10 : 0.0658    ndcg@20 : 0.0801    ndcg@50 : 0.1015
Fri 03 Nov 2023 03:01:17 INFO  Running E-step ! 
Fri 03 Nov 2023 03:02:13 INFO  epoch 124 training [time: 54.78s, train_loss1: 7.1405, train_loss2: 1.8239, train_loss3: 0.2934]
Fri 03 Nov 2023 03:02:18 INFO  epoch 124 evaluating [time: 5.21s, valid_score: 0.065800]
Fri 03 Nov 2023 03:02:18 INFO  valid result: 
recall@10 : 0.0925    recall@20 : 0.1389    recall@50 : 0.2201    ndcg@10 : 0.0658    ndcg@20 : 0.0801    ndcg@50 : 0.1014
Fri 03 Nov 2023 03:02:18 INFO  Running E-step ! 
Fri 03 Nov 2023 03:03:13 INFO  epoch 125 training [time: 54.66s, train_loss1: 7.1875, train_loss2: 1.8080, train_loss3: 0.2933]
Fri 03 Nov 2023 03:03:18 INFO  epoch 125 evaluating [time: 4.41s, valid_score: 0.065800]
Fri 03 Nov 2023 03:03:18 INFO  valid result: 
recall@10 : 0.0924    recall@20 : 0.1386    recall@50 : 0.22    ndcg@10 : 0.0658    ndcg@20 : 0.08    ndcg@50 : 0.1014
Fri 03 Nov 2023 03:03:18 INFO  Running E-step ! 
Fri 03 Nov 2023 03:04:14 INFO  epoch 126 training [time: 55.20s, train_loss1: 7.0857, train_loss2: 1.7935, train_loss3: 0.2960]
Fri 03 Nov 2023 03:04:19 INFO  epoch 126 evaluating [time: 4.61s, valid_score: 0.065800]
Fri 03 Nov 2023 03:04:19 INFO  valid result: 
recall@10 : 0.0924    recall@20 : 0.1387    recall@50 : 0.22    ndcg@10 : 0.0658    ndcg@20 : 0.0799    ndcg@50 : 0.1013
Fri 03 Nov 2023 03:04:19 INFO  Running E-step ! 
Fri 03 Nov 2023 03:05:14 INFO  epoch 127 training [time: 54.94s, train_loss1: 7.0423, train_loss2: 1.7768, train_loss3: 0.2964]
Fri 03 Nov 2023 03:05:20 INFO  epoch 127 evaluating [time: 5.29s, valid_score: 0.065700]
Fri 03 Nov 2023 03:05:20 INFO  valid result: 
recall@10 : 0.0922    recall@20 : 0.1386    recall@50 : 0.2198    ndcg@10 : 0.0657    ndcg@20 : 0.0799    ndcg@50 : 0.1013
Fri 03 Nov 2023 03:05:20 INFO  Running E-step ! 
Fri 03 Nov 2023 03:06:15 INFO  epoch 128 training [time: 54.76s, train_loss1: 6.9315, train_loss2: 1.7636, train_loss3: 0.2958]
Fri 03 Nov 2023 03:06:20 INFO  epoch 128 evaluating [time: 4.42s, valid_score: 0.065700]
Fri 03 Nov 2023 03:06:20 INFO  valid result: 
recall@10 : 0.0923    recall@20 : 0.1384    recall@50 : 0.2193    ndcg@10 : 0.0657    ndcg@20 : 0.0799    ndcg@50 : 0.1012
Fri 03 Nov 2023 03:06:20 INFO  Running E-step ! 
Fri 03 Nov 2023 03:07:16 INFO  epoch 129 training [time: 55.27s, train_loss1: 7.0667, train_loss2: 1.7496, train_loss3: 0.2959]
Fri 03 Nov 2023 03:07:21 INFO  epoch 129 evaluating [time: 4.71s, valid_score: 0.065800]
Fri 03 Nov 2023 03:07:21 INFO  valid result: 
recall@10 : 0.0923    recall@20 : 0.1387    recall@50 : 0.2192    ndcg@10 : 0.0658    ndcg@20 : 0.08    ndcg@50 : 0.1012
Fri 03 Nov 2023 03:07:21 INFO  Finished training, best eval result in epoch 118
Fri 03 Nov 2023 03:07:21 INFO  Loading model structure and parameters from saved/NCL-Nov-03-2023_00-56-23.pth
Fri 03 Nov 2023 03:07:25 INFO  best valid : OrderedDict([('recall@10', 0.0927), ('recall@20', 0.1386), ('recall@50', 0.2206), ('ndcg@10', 0.0659), ('ndcg@20', 0.08), ('ndcg@50', 0.1015)])
Fri 03 Nov 2023 03:07:25 INFO  test result: OrderedDict([('recall@10', 0.0946), ('recall@20', 0.1403), ('recall@50', 0.2218), ('ndcg@10', 0.0687), ('ndcg@20', 0.0825), ('ndcg@50', 0.1041)])
