Thu 02 Nov 2023 21:26:29 INFO  
General Hyper Parameters:
gpu_id = 0
use_gpu = True
seed = 2020
state = INFO
reproducibility = True
data_path = dataset/ml-1m
checkpoint_dir = saved
show_progress = True
save_dataset = False
dataset_save_path = None
save_dataloaders = False
dataloaders_save_path = None
log_wandb = False

Training Hyper Parameters:
epochs = 300
train_batch_size = 4096
learner = adam
learning_rate = 0.001
train_neg_sample_args = {'distribution': 'uniform', 'sample_num': 1, 'alpha': 1.0, 'dynamic': False, 'candidate_num': 0}
eval_step = 1
stopping_step = 10
clip_grad_norm = None
weight_decay = 0.0
loss_decimal_place = 4

Evaluation Hyper Parameters:
eval_args = {'split': {'RS': [0.8, 0.1, 0.1]}, 'order': 'RO', 'group_by': 'user', 'mode': {'valid': 'full', 'test': 'full'}}
repeatable = False
metrics = ['Recall', 'NDCG']
topk = [10, 20, 50]
valid_metric = NDCG@10
valid_metric_bigger = True
eval_batch_size = 4096000
metric_decimal_place = 4

Dataset Hyper Parameters:
field_separator = 	
seq_separator =  
USER_ID_FIELD = user_id
ITEM_ID_FIELD = item_id
RATING_FIELD = rating
TIME_FIELD = timestamp
seq_len = None
LABEL_FIELD = label
threshold = None
NEG_PREFIX = neg_
load_col = {'inter': ['user_id', 'item_id', 'rating']}
unload_col = None
unused_col = None
additional_feat_suffix = None
rm_dup_inter = None
val_interval = {'rating': '[3,inf)'}
filter_inter_by_user_or_item = True
user_inter_num_interval = [0,inf)
item_inter_num_interval = [0,inf)
alias_of_user_id = None
alias_of_item_id = None
alias_of_entity_id = None
alias_of_relation_id = None
preload_weight = None
normalize_field = None
normalize_all = None
ITEM_LIST_LENGTH_FIELD = item_length
LIST_SUFFIX = _list
MAX_ITEM_LIST_LENGTH = 50
POSITION_FIELD = position_id
HEAD_ENTITY_ID_FIELD = head_id
TAIL_ENTITY_ID_FIELD = tail_id
RELATION_ID_FIELD = relation_id
ENTITY_ID_FIELD = entity_id
benchmark_filename = None

Other Hyper Parameters: 
worker = 0
wandb_project = recbole
shuffle = True
require_pow = False
enable_amp = False
enable_scaler = False
transform = None
embedding_size = 64
n_layers = 3
reg_weight = 0.0001
ssl_temp = 0.1
ssl_reg = 1e-07
hyper_layers = 1
alpha = 1
proto_reg = 8e-08
num_clusters = 1000
m_step = 1
warm_up_step = 20
numerical_features = []
discretization = None
kg_reverse_r = False
entity_kg_num_interval = [0,inf)
relation_kg_num_interval = [0,inf)
MODEL_TYPE = ModelType.GENERAL
eval_setting = {'split': {'RS': [0.8, 0.1, 0.1]}, 'order': 'RO', 'group_by': 'user', 'mode': 'full'}
MODEL_INPUT_TYPE = InputType.PAIRWISE
eval_type = EvaluatorType.RANKING
single_spec = True
local_rank = 0
device = cuda
valid_neg_sample_args = {'distribution': 'uniform', 'sample_num': 'none'}
test_neg_sample_args = {'distribution': 'uniform', 'sample_num': 'none'}


Thu 02 Nov 2023 21:26:34 INFO  ml-1m
The number of users: 6040
Average actions of users: 138.51266766020865
The number of items: 3629
Average actions of items: 230.56174200661522
The number of inters: 836478
The sparsity of the dataset: 96.18380448885814%
Remain Fields: ['user_id', 'item_id', 'rating']
Thu 02 Nov 2023 21:26:37 INFO  [Training]: train_batch_size = [4096] train_neg_sample_args: [{'distribution': 'uniform', 'sample_num': 1, 'alpha': 1.0, 'dynamic': False, 'candidate_num': 0}]
Thu 02 Nov 2023 21:26:37 INFO  [Evaluation]: eval_batch_size = [4096000] eval_args: [{'split': {'RS': [0.8, 0.1, 0.1]}, 'order': 'RO', 'group_by': 'user', 'mode': {'valid': 'full', 'test': 'full'}}]
Thu 02 Nov 2023 21:26:47 INFO  NCL(
  (user_embedding): Embedding(6040, 64)
  (item_embedding): Embedding(3629, 64)
  (mf_loss): BPRLoss()
  (reg_loss): EmbLoss()
)
Trainable parameters: 618816
Thu 02 Nov 2023 21:26:48 INFO  Running E-step ! 
Thu 02 Nov 2023 21:26:57 INFO  epoch 0 training [time: 5.72s, train_loss1: 114.3616, train_loss2: 0.3546]
Thu 02 Nov 2023 21:26:58 INFO  epoch 0 evaluating [time: 0.69s, valid_score: 0.016500]
Thu 02 Nov 2023 21:26:58 INFO  valid result: 
recall@10 : 0.0115    recall@20 : 0.0197    recall@50 : 0.0393    ndcg@10 : 0.0165    ndcg@20 : 0.0181    ndcg@50 : 0.0243
Thu 02 Nov 2023 21:26:58 INFO  Saving current: saved/NCL-Nov-02-2023_21-26-47.pth
Thu 02 Nov 2023 21:26:58 INFO  Saving current best: saved/NCL-Nov-02-2023_21-26-47.pth
Thu 02 Nov 2023 21:26:58 INFO  Running E-step ! 
Thu 02 Nov 2023 21:27:04 INFO  epoch 1 training [time: 5.88s, train_loss1: 114.3581, train_loss2: 0.1084]
Thu 02 Nov 2023 21:27:04 INFO  epoch 1 evaluating [time: 0.16s, valid_score: 0.014300]
Thu 02 Nov 2023 21:27:04 INFO  valid result: 
recall@10 : 0.0107    recall@20 : 0.0178    recall@50 : 0.0356    ndcg@10 : 0.0143    ndcg@20 : 0.0158    ndcg@50 : 0.0214
Thu 02 Nov 2023 21:27:04 INFO  Running E-step ! 
Thu 02 Nov 2023 21:27:11 INFO  epoch 2 training [time: 5.89s, train_loss1: 114.3544, train_loss2: 0.0858]
Thu 02 Nov 2023 21:27:11 INFO  epoch 2 evaluating [time: 0.26s, valid_score: 0.014400]
Thu 02 Nov 2023 21:27:11 INFO  valid result: 
recall@10 : 0.0107    recall@20 : 0.0179    recall@50 : 0.037    ndcg@10 : 0.0144    ndcg@20 : 0.016    ndcg@50 : 0.022
Thu 02 Nov 2023 21:27:11 INFO  Running E-step ! 
Thu 02 Nov 2023 21:27:17 INFO  epoch 3 training [time: 5.82s, train_loss1: 114.3484, train_loss2: 0.0734]
Thu 02 Nov 2023 21:27:17 INFO  epoch 3 evaluating [time: 0.17s, valid_score: 0.016200]
Thu 02 Nov 2023 21:27:17 INFO  valid result: 
recall@10 : 0.0123    recall@20 : 0.0198    recall@50 : 0.0415    ndcg@10 : 0.0162    ndcg@20 : 0.0179    ndcg@50 : 0.0248
Thu 02 Nov 2023 21:27:17 INFO  Running E-step ! 
Thu 02 Nov 2023 21:27:24 INFO  epoch 4 training [time: 5.94s, train_loss1: 114.3385, train_loss2: 0.0698]
Thu 02 Nov 2023 21:27:24 INFO  epoch 4 evaluating [time: 0.28s, valid_score: 0.019300]
Thu 02 Nov 2023 21:27:24 INFO  valid result: 
recall@10 : 0.0149    recall@20 : 0.0242    recall@50 : 0.0487    ndcg@10 : 0.0193    ndcg@20 : 0.0216    ndcg@50 : 0.0292
Thu 02 Nov 2023 21:27:24 INFO  Saving current: saved/NCL-Nov-02-2023_21-26-47.pth
Thu 02 Nov 2023 21:27:24 INFO  Saving current best: saved/NCL-Nov-02-2023_21-26-47.pth
Thu 02 Nov 2023 21:27:24 INFO  Running E-step ! 
Thu 02 Nov 2023 21:27:30 INFO  epoch 5 training [time: 5.65s, train_loss1: 114.3219, train_loss2: 0.0685]
Thu 02 Nov 2023 21:27:30 INFO  epoch 5 evaluating [time: 0.17s, valid_score: 0.024700]
Thu 02 Nov 2023 21:27:30 INFO  valid result: 
recall@10 : 0.0191    recall@20 : 0.0308    recall@50 : 0.0574    ndcg@10 : 0.0247    ndcg@20 : 0.0273    ndcg@50 : 0.0355
Thu 02 Nov 2023 21:27:30 INFO  Saving current: saved/NCL-Nov-02-2023_21-26-47.pth
Thu 02 Nov 2023 21:27:30 INFO  Saving current best: saved/NCL-Nov-02-2023_21-26-47.pth
Thu 02 Nov 2023 21:27:30 INFO  Running E-step ! 
Thu 02 Nov 2023 21:27:37 INFO  epoch 6 training [time: 6.61s, train_loss1: 114.2935, train_loss2: 0.0689]
Thu 02 Nov 2023 21:27:37 INFO  epoch 6 evaluating [time: 0.18s, valid_score: 0.032000]
Thu 02 Nov 2023 21:27:37 INFO  valid result: 
recall@10 : 0.0261    recall@20 : 0.0402    recall@50 : 0.0731    ndcg@10 : 0.032    ndcg@20 : 0.0349    ndcg@50 : 0.0452
Thu 02 Nov 2023 21:27:37 INFO  Saving current: saved/NCL-Nov-02-2023_21-26-47.pth
Thu 02 Nov 2023 21:27:37 INFO  Saving current best: saved/NCL-Nov-02-2023_21-26-47.pth
Thu 02 Nov 2023 21:27:37 INFO  Running E-step ! 
Thu 02 Nov 2023 21:27:43 INFO  epoch 7 training [time: 5.54s, train_loss1: 114.2429, train_loss2: 0.0716]
Thu 02 Nov 2023 21:27:44 INFO  epoch 7 evaluating [time: 0.16s, valid_score: 0.042700]
Thu 02 Nov 2023 21:27:44 INFO  valid result: 
recall@10 : 0.0353    recall@20 : 0.0558    recall@50 : 0.0959    ndcg@10 : 0.0427    ndcg@20 : 0.0474    ndcg@50 : 0.0597
Thu 02 Nov 2023 21:27:44 INFO  Saving current: saved/NCL-Nov-02-2023_21-26-47.pth
Thu 02 Nov 2023 21:27:44 INFO  Saving current best: saved/NCL-Nov-02-2023_21-26-47.pth
Thu 02 Nov 2023 21:27:44 INFO  Running E-step ! 
Thu 02 Nov 2023 21:27:50 INFO  epoch 8 training [time: 6.12s, train_loss1: 114.1485, train_loss2: 0.0777]
Thu 02 Nov 2023 21:27:50 INFO  epoch 8 evaluating [time: 0.16s, valid_score: 0.058400]
Thu 02 Nov 2023 21:27:50 INFO  valid result: 
recall@10 : 0.0483    recall@20 : 0.0747    recall@50 : 0.1266    ndcg@10 : 0.0584    ndcg@20 : 0.0642    ndcg@50 : 0.0801
Thu 02 Nov 2023 21:27:50 INFO  Saving current: saved/NCL-Nov-02-2023_21-26-47.pth
Thu 02 Nov 2023 21:27:50 INFO  Saving current best: saved/NCL-Nov-02-2023_21-26-47.pth
Thu 02 Nov 2023 21:27:50 INFO  Running E-step ! 
Thu 02 Nov 2023 21:27:56 INFO  epoch 9 training [time: 5.54s, train_loss1: 113.9618, train_loss2: 0.0913]
Thu 02 Nov 2023 21:27:56 INFO  epoch 9 evaluating [time: 0.17s, valid_score: 0.078200]
Thu 02 Nov 2023 21:27:56 INFO  valid result: 
recall@10 : 0.066    recall@20 : 0.1007    recall@50 : 0.1631    ndcg@10 : 0.0782    ndcg@20 : 0.0858    ndcg@50 : 0.1051
Thu 02 Nov 2023 21:27:56 INFO  Saving current: saved/NCL-Nov-02-2023_21-26-47.pth
Thu 02 Nov 2023 21:27:56 INFO  Saving current best: saved/NCL-Nov-02-2023_21-26-47.pth
Thu 02 Nov 2023 21:27:56 INFO  Running E-step ! 
Thu 02 Nov 2023 21:28:03 INFO  epoch 10 training [time: 6.11s, train_loss1: 113.5404, train_loss2: 0.1361]
Thu 02 Nov 2023 21:28:03 INFO  epoch 10 evaluating [time: 0.16s, valid_score: 0.109800]
Thu 02 Nov 2023 21:28:03 INFO  valid result: 
recall@10 : 0.0899    recall@20 : 0.1348    recall@50 : 0.212    ndcg@10 : 0.1098    ndcg@20 : 0.1185    ndcg@50 : 0.1421
Thu 02 Nov 2023 21:28:03 INFO  Saving current: saved/NCL-Nov-02-2023_21-26-47.pth
Thu 02 Nov 2023 21:28:03 INFO  Saving current best: saved/NCL-Nov-02-2023_21-26-47.pth
Thu 02 Nov 2023 21:28:03 INFO  Running E-step ! 
Thu 02 Nov 2023 21:28:09 INFO  epoch 11 training [time: 5.58s, train_loss1: 80.2421, train_loss2: 0.8751]
Thu 02 Nov 2023 21:28:09 INFO  epoch 11 evaluating [time: 0.16s, valid_score: 0.101900]
Thu 02 Nov 2023 21:28:09 INFO  valid result: 
recall@10 : 0.0749    recall@20 : 0.1295    recall@50 : 0.2213    ndcg@10 : 0.1019    ndcg@20 : 0.1131    ndcg@50 : 0.1403
Thu 02 Nov 2023 21:28:09 INFO  Running E-step ! 
Thu 02 Nov 2023 21:28:16 INFO  epoch 12 training [time: 6.20s, train_loss1: 56.1389, train_loss2: 1.1157]
Thu 02 Nov 2023 21:28:16 INFO  epoch 12 evaluating [time: 0.17s, valid_score: 0.103500]
Thu 02 Nov 2023 21:28:16 INFO  valid result: 
recall@10 : 0.0771    recall@20 : 0.1306    recall@50 : 0.2252    ndcg@10 : 0.1035    ndcg@20 : 0.1142    ndcg@50 : 0.1425
Thu 02 Nov 2023 21:28:16 INFO  Running E-step ! 
Thu 02 Nov 2023 21:28:22 INFO  epoch 13 training [time: 5.67s, train_loss1: 53.6464, train_loss2: 1.0986]
Thu 02 Nov 2023 21:28:22 INFO  epoch 13 evaluating [time: 0.16s, valid_score: 0.107000]
Thu 02 Nov 2023 21:28:22 INFO  valid result: 
recall@10 : 0.0807    recall@20 : 0.1333    recall@50 : 0.2362    ndcg@10 : 0.107    ndcg@20 : 0.117    ndcg@50 : 0.1479
Thu 02 Nov 2023 21:28:22 INFO  Running E-step ! 
Thu 02 Nov 2023 21:28:28 INFO  epoch 14 training [time: 6.03s, train_loss1: 50.5731, train_loss2: 1.0611]
Thu 02 Nov 2023 21:28:29 INFO  epoch 14 evaluating [time: 0.18s, valid_score: 0.111600]
Thu 02 Nov 2023 21:28:29 INFO  valid result: 
recall@10 : 0.0849    recall@20 : 0.1403    recall@50 : 0.2509    ndcg@10 : 0.1116    ndcg@20 : 0.1227    ndcg@50 : 0.1561
Thu 02 Nov 2023 21:28:29 INFO  Saving current: saved/NCL-Nov-02-2023_21-26-47.pth
Thu 02 Nov 2023 21:28:29 INFO  Saving current best: saved/NCL-Nov-02-2023_21-26-47.pth
Thu 02 Nov 2023 21:28:29 INFO  Running E-step ! 
Thu 02 Nov 2023 21:28:35 INFO  epoch 15 training [time: 5.63s, train_loss1: 47.4590, train_loss2: 1.0263]
Thu 02 Nov 2023 21:28:35 INFO  epoch 15 evaluating [time: 0.16s, valid_score: 0.118600]
Thu 02 Nov 2023 21:28:35 INFO  valid result: 
recall@10 : 0.091    recall@20 : 0.1483    recall@50 : 0.2634    ndcg@10 : 0.1186    ndcg@20 : 0.13    ndcg@50 : 0.1648
Thu 02 Nov 2023 21:28:35 INFO  Saving current: saved/NCL-Nov-02-2023_21-26-47.pth
Thu 02 Nov 2023 21:28:35 INFO  Saving current best: saved/NCL-Nov-02-2023_21-26-47.pth
Thu 02 Nov 2023 21:28:35 INFO  Running E-step ! 
Thu 02 Nov 2023 21:28:41 INFO  epoch 16 training [time: 6.09s, train_loss1: 45.1104, train_loss2: 0.9976]
Thu 02 Nov 2023 21:28:41 INFO  epoch 16 evaluating [time: 0.17s, valid_score: 0.125100]
Thu 02 Nov 2023 21:28:41 INFO  valid result: 
recall@10 : 0.0948    recall@20 : 0.1542    recall@50 : 0.2735    ndcg@10 : 0.1251    ndcg@20 : 0.1369    ndcg@50 : 0.1731
Thu 02 Nov 2023 21:28:41 INFO  Saving current: saved/NCL-Nov-02-2023_21-26-47.pth
Thu 02 Nov 2023 21:28:41 INFO  Saving current best: saved/NCL-Nov-02-2023_21-26-47.pth
Thu 02 Nov 2023 21:28:41 INFO  Running E-step ! 
Thu 02 Nov 2023 21:28:47 INFO  epoch 17 training [time: 5.61s, train_loss1: 43.4529, train_loss2: 0.9763]
Thu 02 Nov 2023 21:28:48 INFO  epoch 17 evaluating [time: 0.17s, valid_score: 0.130600]
Thu 02 Nov 2023 21:28:48 INFO  valid result: 
recall@10 : 0.0986    recall@20 : 0.1608    recall@50 : 0.283    ndcg@10 : 0.1306    ndcg@20 : 0.1431    ndcg@50 : 0.1805
Thu 02 Nov 2023 21:28:48 INFO  Saving current: saved/NCL-Nov-02-2023_21-26-47.pth
Thu 02 Nov 2023 21:28:48 INFO  Saving current best: saved/NCL-Nov-02-2023_21-26-47.pth
Thu 02 Nov 2023 21:28:48 INFO  Running E-step ! 
Thu 02 Nov 2023 21:28:54 INFO  epoch 18 training [time: 6.11s, train_loss1: 42.1209, train_loss2: 0.9600]
Thu 02 Nov 2023 21:28:54 INFO  epoch 18 evaluating [time: 0.16s, valid_score: 0.135900]
Thu 02 Nov 2023 21:28:54 INFO  valid result: 
recall@10 : 0.1026    recall@20 : 0.1666    recall@50 : 0.2919    ndcg@10 : 0.1359    ndcg@20 : 0.1484    ndcg@50 : 0.1869
Thu 02 Nov 2023 21:28:54 INFO  Saving current: saved/NCL-Nov-02-2023_21-26-47.pth
Thu 02 Nov 2023 21:28:54 INFO  Saving current best: saved/NCL-Nov-02-2023_21-26-47.pth
Thu 02 Nov 2023 21:28:54 INFO  Running E-step ! 
Thu 02 Nov 2023 21:29:00 INFO  epoch 19 training [time: 5.59s, train_loss1: 40.7762, train_loss2: 0.9451]
Thu 02 Nov 2023 21:29:00 INFO  epoch 19 evaluating [time: 0.17s, valid_score: 0.140800]
Thu 02 Nov 2023 21:29:00 INFO  valid result: 
recall@10 : 0.1065    recall@20 : 0.1716    recall@50 : 0.3021    ndcg@10 : 0.1408    ndcg@20 : 0.1534    ndcg@50 : 0.1936
Thu 02 Nov 2023 21:29:00 INFO  Saving current: saved/NCL-Nov-02-2023_21-26-47.pth
Thu 02 Nov 2023 21:29:00 INFO  Saving current best: saved/NCL-Nov-02-2023_21-26-47.pth
Thu 02 Nov 2023 21:29:00 INFO  Running E-step ! 
Thu 02 Nov 2023 21:29:07 INFO  epoch 20 training [time: 6.20s, train_loss1: 39.7800, train_loss2: 0.9335, train_loss3: 0.3033]
Thu 02 Nov 2023 21:29:07 INFO  epoch 20 evaluating [time: 0.17s, valid_score: 0.145600]
Thu 02 Nov 2023 21:29:07 INFO  valid result: 
recall@10 : 0.1114    recall@20 : 0.1755    recall@50 : 0.309    ndcg@10 : 0.1456    ndcg@20 : 0.1577    ndcg@50 : 0.199
Thu 02 Nov 2023 21:29:07 INFO  Saving current: saved/NCL-Nov-02-2023_21-26-47.pth
Thu 02 Nov 2023 21:29:07 INFO  Saving current best: saved/NCL-Nov-02-2023_21-26-47.pth
Thu 02 Nov 2023 21:29:07 INFO  Running E-step ! 
Thu 02 Nov 2023 21:29:13 INFO  epoch 21 training [time: 5.80s, train_loss1: 38.9878, train_loss2: 0.9198, train_loss3: 0.2918]
Thu 02 Nov 2023 21:29:13 INFO  epoch 21 evaluating [time: 0.17s, valid_score: 0.149400]
Thu 02 Nov 2023 21:29:13 INFO  valid result: 
recall@10 : 0.1146    recall@20 : 0.1804    recall@50 : 0.3166    ndcg@10 : 0.1494    ndcg@20 : 0.162    ndcg@50 : 0.2042
Thu 02 Nov 2023 21:29:13 INFO  Saving current: saved/NCL-Nov-02-2023_21-26-47.pth
Thu 02 Nov 2023 21:29:13 INFO  Saving current best: saved/NCL-Nov-02-2023_21-26-47.pth
Thu 02 Nov 2023 21:29:13 INFO  Running E-step ! 
Thu 02 Nov 2023 21:29:20 INFO  epoch 22 training [time: 6.43s, train_loss1: 37.9972, train_loss2: 0.9100, train_loss3: 0.2849]
Thu 02 Nov 2023 21:29:20 INFO  epoch 22 evaluating [time: 0.18s, valid_score: 0.152900]
Thu 02 Nov 2023 21:29:20 INFO  valid result: 
recall@10 : 0.1177    recall@20 : 0.1855    recall@50 : 0.3232    ndcg@10 : 0.1529    ndcg@20 : 0.1657    ndcg@50 : 0.2085
Thu 02 Nov 2023 21:29:20 INFO  Saving current: saved/NCL-Nov-02-2023_21-26-47.pth
Thu 02 Nov 2023 21:29:20 INFO  Saving current best: saved/NCL-Nov-02-2023_21-26-47.pth
Thu 02 Nov 2023 21:29:20 INFO  Running E-step ! 
Thu 02 Nov 2023 21:29:27 INFO  epoch 23 training [time: 5.81s, train_loss1: 37.2310, train_loss2: 0.9008, train_loss3: 0.2792]
Thu 02 Nov 2023 21:29:27 INFO  epoch 23 evaluating [time: 0.17s, valid_score: 0.155900]
Thu 02 Nov 2023 21:29:27 INFO  valid result: 
recall@10 : 0.1201    recall@20 : 0.1896    recall@50 : 0.329    ndcg@10 : 0.1559    ndcg@20 : 0.1693    ndcg@50 : 0.2125
Thu 02 Nov 2023 21:29:27 INFO  Saving current: saved/NCL-Nov-02-2023_21-26-47.pth
Thu 02 Nov 2023 21:29:27 INFO  Saving current best: saved/NCL-Nov-02-2023_21-26-47.pth
Thu 02 Nov 2023 21:29:27 INFO  Running E-step ! 
Thu 02 Nov 2023 21:29:33 INFO  epoch 24 training [time: 6.35s, train_loss1: 36.5152, train_loss2: 0.8921, train_loss3: 0.2725]
Thu 02 Nov 2023 21:29:34 INFO  epoch 24 evaluating [time: 0.17s, valid_score: 0.158600]
Thu 02 Nov 2023 21:29:34 INFO  valid result: 
recall@10 : 0.1222    recall@20 : 0.1929    recall@50 : 0.3347    ndcg@10 : 0.1586    ndcg@20 : 0.172    ndcg@50 : 0.216
Thu 02 Nov 2023 21:29:34 INFO  Saving current: saved/NCL-Nov-02-2023_21-26-47.pth
Thu 02 Nov 2023 21:29:34 INFO  Saving current best: saved/NCL-Nov-02-2023_21-26-47.pth
Thu 02 Nov 2023 21:29:34 INFO  Running E-step ! 
Thu 02 Nov 2023 21:29:40 INFO  epoch 25 training [time: 5.77s, train_loss1: 35.9033, train_loss2: 0.8855, train_loss3: 0.2676]
Thu 02 Nov 2023 21:29:40 INFO  epoch 25 evaluating [time: 0.16s, valid_score: 0.162100]
Thu 02 Nov 2023 21:29:40 INFO  valid result: 
recall@10 : 0.1255    recall@20 : 0.1963    recall@50 : 0.34    ndcg@10 : 0.1621    ndcg@20 : 0.1754    ndcg@50 : 0.2198
Thu 02 Nov 2023 21:29:40 INFO  Saving current: saved/NCL-Nov-02-2023_21-26-47.pth
Thu 02 Nov 2023 21:29:40 INFO  Saving current best: saved/NCL-Nov-02-2023_21-26-47.pth
Thu 02 Nov 2023 21:29:40 INFO  Running E-step ! 
Thu 02 Nov 2023 21:29:47 INFO  epoch 26 training [time: 6.36s, train_loss1: 35.3350, train_loss2: 0.8785, train_loss3: 0.2632]
Thu 02 Nov 2023 21:29:47 INFO  epoch 26 evaluating [time: 0.18s, valid_score: 0.164600]
Thu 02 Nov 2023 21:29:47 INFO  valid result: 
recall@10 : 0.1273    recall@20 : 0.2002    recall@50 : 0.3447    ndcg@10 : 0.1646    ndcg@20 : 0.1785    ndcg@50 : 0.2233
Thu 02 Nov 2023 21:29:47 INFO  Saving current: saved/NCL-Nov-02-2023_21-26-47.pth
Thu 02 Nov 2023 21:29:47 INFO  Saving current best: saved/NCL-Nov-02-2023_21-26-47.pth
Thu 02 Nov 2023 21:29:47 INFO  Running E-step ! 
Thu 02 Nov 2023 21:29:53 INFO  epoch 27 training [time: 5.97s, train_loss1: 34.7915, train_loss2: 0.8725, train_loss3: 0.2591]
Thu 02 Nov 2023 21:29:53 INFO  epoch 27 evaluating [time: 0.20s, valid_score: 0.168000]
Thu 02 Nov 2023 21:29:53 INFO  valid result: 
recall@10 : 0.1304    recall@20 : 0.2034    recall@50 : 0.3499    ndcg@10 : 0.168    ndcg@20 : 0.1817    ndcg@50 : 0.227
Thu 02 Nov 2023 21:29:53 INFO  Saving current: saved/NCL-Nov-02-2023_21-26-47.pth
Thu 02 Nov 2023 21:29:53 INFO  Saving current best: saved/NCL-Nov-02-2023_21-26-47.pth
Thu 02 Nov 2023 21:29:53 INFO  Running E-step ! 
Thu 02 Nov 2023 21:30:00 INFO  epoch 28 training [time: 6.26s, train_loss1: 34.2102, train_loss2: 0.8672, train_loss3: 0.2542]
Thu 02 Nov 2023 21:30:00 INFO  epoch 28 evaluating [time: 0.17s, valid_score: 0.170500]
Thu 02 Nov 2023 21:30:00 INFO  valid result: 
recall@10 : 0.1326    recall@20 : 0.2059    recall@50 : 0.3541    ndcg@10 : 0.1705    ndcg@20 : 0.1842    ndcg@50 : 0.2301
Thu 02 Nov 2023 21:30:00 INFO  Saving current: saved/NCL-Nov-02-2023_21-26-47.pth
Thu 02 Nov 2023 21:30:00 INFO  Saving current best: saved/NCL-Nov-02-2023_21-26-47.pth
Thu 02 Nov 2023 21:30:00 INFO  Running E-step ! 
Thu 02 Nov 2023 21:30:07 INFO  epoch 29 training [time: 5.95s, train_loss1: 33.7306, train_loss2: 0.8621, train_loss3: 0.2506]
Thu 02 Nov 2023 21:30:07 INFO  epoch 29 evaluating [time: 0.27s, valid_score: 0.173700]
Thu 02 Nov 2023 21:30:07 INFO  valid result: 
recall@10 : 0.1349    recall@20 : 0.21    recall@50 : 0.3578    ndcg@10 : 0.1737    ndcg@20 : 0.1877    ndcg@50 : 0.2334
Thu 02 Nov 2023 21:30:07 INFO  Saving current: saved/NCL-Nov-02-2023_21-26-47.pth
Thu 02 Nov 2023 21:30:07 INFO  Saving current best: saved/NCL-Nov-02-2023_21-26-47.pth
Thu 02 Nov 2023 21:30:07 INFO  Running E-step ! 
Thu 02 Nov 2023 21:30:14 INFO  epoch 30 training [time: 6.07s, train_loss1: 33.1319, train_loss2: 0.8573, train_loss3: 0.2486]
Thu 02 Nov 2023 21:30:14 INFO  epoch 30 evaluating [time: 0.17s, valid_score: 0.176000]
Thu 02 Nov 2023 21:30:14 INFO  valid result: 
recall@10 : 0.1367    recall@20 : 0.2129    recall@50 : 0.3618    ndcg@10 : 0.176    ndcg@20 : 0.1902    ndcg@50 : 0.2361
Thu 02 Nov 2023 21:30:14 INFO  Saving current: saved/NCL-Nov-02-2023_21-26-47.pth
Thu 02 Nov 2023 21:30:14 INFO  Saving current best: saved/NCL-Nov-02-2023_21-26-47.pth
Thu 02 Nov 2023 21:30:14 INFO  Running E-step ! 
Thu 02 Nov 2023 21:30:20 INFO  epoch 31 training [time: 6.18s, train_loss1: 32.7584, train_loss2: 0.8531, train_loss3: 0.2437]
Thu 02 Nov 2023 21:30:21 INFO  epoch 31 evaluating [time: 0.27s, valid_score: 0.178500]
Thu 02 Nov 2023 21:30:21 INFO  valid result: 
recall@10 : 0.1385    recall@20 : 0.2156    recall@50 : 0.3654    ndcg@10 : 0.1785    ndcg@20 : 0.193    ndcg@50 : 0.2394
Thu 02 Nov 2023 21:30:21 INFO  Saving current: saved/NCL-Nov-02-2023_21-26-47.pth
Thu 02 Nov 2023 21:30:21 INFO  Saving current best: saved/NCL-Nov-02-2023_21-26-47.pth
Thu 02 Nov 2023 21:30:21 INFO  Running E-step ! 
Thu 02 Nov 2023 21:30:27 INFO  epoch 32 training [time: 5.87s, train_loss1: 32.4754, train_loss2: 0.8490, train_loss3: 0.2416]
Thu 02 Nov 2023 21:30:27 INFO  epoch 32 evaluating [time: 0.17s, valid_score: 0.181200]
Thu 02 Nov 2023 21:30:27 INFO  valid result: 
recall@10 : 0.1417    recall@20 : 0.2199    recall@50 : 0.3695    ndcg@10 : 0.1812    ndcg@20 : 0.1961    ndcg@50 : 0.2423
Thu 02 Nov 2023 21:30:27 INFO  Saving current: saved/NCL-Nov-02-2023_21-26-47.pth
Thu 02 Nov 2023 21:30:27 INFO  Saving current best: saved/NCL-Nov-02-2023_21-26-47.pth
Thu 02 Nov 2023 21:30:27 INFO  Running E-step ! 
Thu 02 Nov 2023 21:30:34 INFO  epoch 33 training [time: 6.39s, train_loss1: 32.1794, train_loss2: 0.8453, train_loss3: 0.2383]
Thu 02 Nov 2023 21:30:34 INFO  epoch 33 evaluating [time: 0.18s, valid_score: 0.183600]
Thu 02 Nov 2023 21:30:34 INFO  valid result: 
recall@10 : 0.1439    recall@20 : 0.2221    recall@50 : 0.3725    ndcg@10 : 0.1836    ndcg@20 : 0.1984    ndcg@50 : 0.245
Thu 02 Nov 2023 21:30:34 INFO  Saving current: saved/NCL-Nov-02-2023_21-26-47.pth
Thu 02 Nov 2023 21:30:34 INFO  Saving current best: saved/NCL-Nov-02-2023_21-26-47.pth
Thu 02 Nov 2023 21:30:34 INFO  Running E-step ! 
Thu 02 Nov 2023 21:30:40 INFO  epoch 34 training [time: 5.91s, train_loss1: 31.6804, train_loss2: 0.8419, train_loss3: 0.2353]
Thu 02 Nov 2023 21:30:41 INFO  epoch 34 evaluating [time: 0.48s, valid_score: 0.185600]
Thu 02 Nov 2023 21:30:41 INFO  valid result: 
recall@10 : 0.1457    recall@20 : 0.2256    recall@50 : 0.3761    ndcg@10 : 0.1856    ndcg@20 : 0.2011    ndcg@50 : 0.2475
Thu 02 Nov 2023 21:30:41 INFO  Saving current: saved/NCL-Nov-02-2023_21-26-47.pth
Thu 02 Nov 2023 21:30:41 INFO  Saving current best: saved/NCL-Nov-02-2023_21-26-47.pth
Thu 02 Nov 2023 21:30:41 INFO  Running E-step ! 
Thu 02 Nov 2023 21:30:48 INFO  epoch 35 training [time: 6.71s, train_loss1: 31.4672, train_loss2: 0.8386, train_loss3: 0.2328]
Thu 02 Nov 2023 21:30:48 INFO  epoch 35 evaluating [time: 0.28s, valid_score: 0.187600]
Thu 02 Nov 2023 21:30:48 INFO  valid result: 
recall@10 : 0.1472    recall@20 : 0.2285    recall@50 : 0.3792    ndcg@10 : 0.1876    ndcg@20 : 0.2035    ndcg@50 : 0.25
Thu 02 Nov 2023 21:30:48 INFO  Saving current: saved/NCL-Nov-02-2023_21-26-47.pth
Thu 02 Nov 2023 21:30:48 INFO  Saving current best: saved/NCL-Nov-02-2023_21-26-47.pth
Thu 02 Nov 2023 21:30:48 INFO  Running E-step ! 
Thu 02 Nov 2023 21:30:55 INFO  epoch 36 training [time: 5.95s, train_loss1: 30.9192, train_loss2: 0.8354, train_loss3: 0.2299]
Thu 02 Nov 2023 21:30:55 INFO  epoch 36 evaluating [time: 0.17s, valid_score: 0.189400]
Thu 02 Nov 2023 21:30:55 INFO  valid result: 
recall@10 : 0.1492    recall@20 : 0.2314    recall@50 : 0.3829    ndcg@10 : 0.1894    ndcg@20 : 0.2058    ndcg@50 : 0.2523
Thu 02 Nov 2023 21:30:55 INFO  Saving current: saved/NCL-Nov-02-2023_21-26-47.pth
Thu 02 Nov 2023 21:30:55 INFO  Saving current best: saved/NCL-Nov-02-2023_21-26-47.pth
Thu 02 Nov 2023 21:30:55 INFO  Running E-step ! 
Thu 02 Nov 2023 21:31:02 INFO  epoch 37 training [time: 6.44s, train_loss1: 30.7556, train_loss2: 0.8320, train_loss3: 0.2272]
Thu 02 Nov 2023 21:31:02 INFO  epoch 37 evaluating [time: 0.17s, valid_score: 0.191300]
Thu 02 Nov 2023 21:31:02 INFO  valid result: 
recall@10 : 0.1514    recall@20 : 0.2338    recall@50 : 0.3857    ndcg@10 : 0.1913    ndcg@20 : 0.2078    ndcg@50 : 0.2544
Thu 02 Nov 2023 21:31:02 INFO  Saving current: saved/NCL-Nov-02-2023_21-26-47.pth
Thu 02 Nov 2023 21:31:02 INFO  Saving current best: saved/NCL-Nov-02-2023_21-26-47.pth
Thu 02 Nov 2023 21:31:02 INFO  Running E-step ! 
Thu 02 Nov 2023 21:31:08 INFO  epoch 38 training [time: 5.96s, train_loss1: 30.3757, train_loss2: 0.8290, train_loss3: 0.2249]
Thu 02 Nov 2023 21:31:09 INFO  epoch 38 evaluating [time: 0.16s, valid_score: 0.192700]
Thu 02 Nov 2023 21:31:09 INFO  valid result: 
recall@10 : 0.1524    recall@20 : 0.2361    recall@50 : 0.3882    ndcg@10 : 0.1927    ndcg@20 : 0.2096    ndcg@50 : 0.2562
Thu 02 Nov 2023 21:31:09 INFO  Saving current: saved/NCL-Nov-02-2023_21-26-47.pth
Thu 02 Nov 2023 21:31:09 INFO  Saving current best: saved/NCL-Nov-02-2023_21-26-47.pth
Thu 02 Nov 2023 21:31:09 INFO  Running E-step ! 
Thu 02 Nov 2023 21:31:15 INFO  epoch 39 training [time: 6.37s, train_loss1: 30.1691, train_loss2: 0.8267, train_loss3: 0.2220]
Thu 02 Nov 2023 21:31:15 INFO  epoch 39 evaluating [time: 0.17s, valid_score: 0.194400]
Thu 02 Nov 2023 21:31:15 INFO  valid result: 
recall@10 : 0.1546    recall@20 : 0.2387    recall@50 : 0.3903    ndcg@10 : 0.1944    ndcg@20 : 0.2115    ndcg@50 : 0.2582
Thu 02 Nov 2023 21:31:15 INFO  Saving current: saved/NCL-Nov-02-2023_21-26-47.pth
Thu 02 Nov 2023 21:31:15 INFO  Saving current best: saved/NCL-Nov-02-2023_21-26-47.pth
Thu 02 Nov 2023 21:31:15 INFO  Running E-step ! 
Thu 02 Nov 2023 21:31:22 INFO  epoch 40 training [time: 5.85s, train_loss1: 29.7648, train_loss2: 0.8241, train_loss3: 0.2202]
Thu 02 Nov 2023 21:31:22 INFO  epoch 40 evaluating [time: 0.18s, valid_score: 0.195900]
Thu 02 Nov 2023 21:31:22 INFO  valid result: 
recall@10 : 0.1568    recall@20 : 0.2406    recall@50 : 0.3928    ndcg@10 : 0.1959    ndcg@20 : 0.2128    ndcg@50 : 0.2596
Thu 02 Nov 2023 21:31:22 INFO  Saving current: saved/NCL-Nov-02-2023_21-26-47.pth
Thu 02 Nov 2023 21:31:22 INFO  Saving current best: saved/NCL-Nov-02-2023_21-26-47.pth
Thu 02 Nov 2023 21:31:22 INFO  Running E-step ! 
Thu 02 Nov 2023 21:31:29 INFO  epoch 41 training [time: 6.40s, train_loss1: 29.5298, train_loss2: 0.8216, train_loss3: 0.2187]
Thu 02 Nov 2023 21:31:29 INFO  epoch 41 evaluating [time: 0.17s, valid_score: 0.197200]
Thu 02 Nov 2023 21:31:29 INFO  valid result: 
recall@10 : 0.1584    recall@20 : 0.2424    recall@50 : 0.3948    ndcg@10 : 0.1972    ndcg@20 : 0.214    ndcg@50 : 0.2611
Thu 02 Nov 2023 21:31:29 INFO  Saving current: saved/NCL-Nov-02-2023_21-26-47.pth
Thu 02 Nov 2023 21:31:29 INFO  Saving current best: saved/NCL-Nov-02-2023_21-26-47.pth
Thu 02 Nov 2023 21:31:29 INFO  Running E-step ! 
Thu 02 Nov 2023 21:31:35 INFO  epoch 42 training [time: 5.97s, train_loss1: 29.2585, train_loss2: 0.8193, train_loss3: 0.2168]
Thu 02 Nov 2023 21:31:36 INFO  epoch 42 evaluating [time: 0.28s, valid_score: 0.198500]
Thu 02 Nov 2023 21:31:36 INFO  valid result: 
recall@10 : 0.1597    recall@20 : 0.2441    recall@50 : 0.3978    ndcg@10 : 0.1985    ndcg@20 : 0.2151    ndcg@50 : 0.2626
Thu 02 Nov 2023 21:31:36 INFO  Saving current: saved/NCL-Nov-02-2023_21-26-47.pth
Thu 02 Nov 2023 21:31:36 INFO  Saving current best: saved/NCL-Nov-02-2023_21-26-47.pth
Thu 02 Nov 2023 21:31:36 INFO  Running E-step ! 
Thu 02 Nov 2023 21:31:42 INFO  epoch 43 training [time: 6.13s, train_loss1: 29.0644, train_loss2: 0.8169, train_loss3: 0.2148]
Thu 02 Nov 2023 21:31:42 INFO  epoch 43 evaluating [time: 0.17s, valid_score: 0.199700]
Thu 02 Nov 2023 21:31:42 INFO  valid result: 
recall@10 : 0.1611    recall@20 : 0.2461    recall@50 : 0.3998    ndcg@10 : 0.1997    ndcg@20 : 0.2166    ndcg@50 : 0.2641
Thu 02 Nov 2023 21:31:42 INFO  Saving current: saved/NCL-Nov-02-2023_21-26-47.pth
Thu 02 Nov 2023 21:31:42 INFO  Saving current best: saved/NCL-Nov-02-2023_21-26-47.pth
Thu 02 Nov 2023 21:31:42 INFO  Running E-step ! 
Thu 02 Nov 2023 21:31:49 INFO  epoch 44 training [time: 6.14s, train_loss1: 28.8663, train_loss2: 0.8147, train_loss3: 0.2131]
Thu 02 Nov 2023 21:31:49 INFO  epoch 44 evaluating [time: 0.28s, valid_score: 0.200300]
Thu 02 Nov 2023 21:31:49 INFO  valid result: 
recall@10 : 0.1622    recall@20 : 0.2475    recall@50 : 0.4024    ndcg@10 : 0.2003    ndcg@20 : 0.2174    ndcg@50 : 0.2654
Thu 02 Nov 2023 21:31:49 INFO  Saving current: saved/NCL-Nov-02-2023_21-26-47.pth
Thu 02 Nov 2023 21:31:49 INFO  Saving current best: saved/NCL-Nov-02-2023_21-26-47.pth
Thu 02 Nov 2023 21:31:49 INFO  Running E-step ! 
Thu 02 Nov 2023 21:31:56 INFO  epoch 45 training [time: 5.97s, train_loss1: 28.5075, train_loss2: 0.8122, train_loss3: 0.2118]
Thu 02 Nov 2023 21:31:56 INFO  epoch 45 evaluating [time: 0.19s, valid_score: 0.201000]
Thu 02 Nov 2023 21:31:56 INFO  valid result: 
recall@10 : 0.1629    recall@20 : 0.2493    recall@50 : 0.4039    ndcg@10 : 0.201    ndcg@20 : 0.2184    ndcg@50 : 0.2663
Thu 02 Nov 2023 21:31:56 INFO  Saving current: saved/NCL-Nov-02-2023_21-26-47.pth
Thu 02 Nov 2023 21:31:56 INFO  Saving current best: saved/NCL-Nov-02-2023_21-26-47.pth
Thu 02 Nov 2023 21:31:56 INFO  Running E-step ! 
Thu 02 Nov 2023 21:32:03 INFO  epoch 46 training [time: 6.36s, train_loss1: 28.4703, train_loss2: 0.8101, train_loss3: 0.2100]
Thu 02 Nov 2023 21:32:03 INFO  epoch 46 evaluating [time: 0.17s, valid_score: 0.202600]
Thu 02 Nov 2023 21:32:03 INFO  valid result: 
recall@10 : 0.1644    recall@20 : 0.2514    recall@50 : 0.4062    ndcg@10 : 0.2026    ndcg@20 : 0.2198    ndcg@50 : 0.2678
Thu 02 Nov 2023 21:32:03 INFO  Saving current: saved/NCL-Nov-02-2023_21-26-47.pth
Thu 02 Nov 2023 21:32:03 INFO  Saving current best: saved/NCL-Nov-02-2023_21-26-47.pth
Thu 02 Nov 2023 21:32:03 INFO  Running E-step ! 
Thu 02 Nov 2023 21:32:09 INFO  epoch 47 training [time: 5.82s, train_loss1: 28.1391, train_loss2: 0.8081, train_loss3: 0.2089]
Thu 02 Nov 2023 21:32:09 INFO  epoch 47 evaluating [time: 0.17s, valid_score: 0.203700]
Thu 02 Nov 2023 21:32:09 INFO  valid result: 
recall@10 : 0.1653    recall@20 : 0.2519    recall@50 : 0.408    ndcg@10 : 0.2037    ndcg@20 : 0.2207    ndcg@50 : 0.2691
Thu 02 Nov 2023 21:32:09 INFO  Saving current: saved/NCL-Nov-02-2023_21-26-47.pth
Thu 02 Nov 2023 21:32:09 INFO  Saving current best: saved/NCL-Nov-02-2023_21-26-47.pth
Thu 02 Nov 2023 21:32:09 INFO  Running E-step ! 
Thu 02 Nov 2023 21:32:16 INFO  epoch 48 training [time: 6.35s, train_loss1: 27.9877, train_loss2: 0.8062, train_loss3: 0.2071]
Thu 02 Nov 2023 21:32:16 INFO  epoch 48 evaluating [time: 0.16s, valid_score: 0.204700]
Thu 02 Nov 2023 21:32:16 INFO  valid result: 
recall@10 : 0.166    recall@20 : 0.2518    recall@50 : 0.4093    ndcg@10 : 0.2047    ndcg@20 : 0.2212    ndcg@50 : 0.2702
Thu 02 Nov 2023 21:32:16 INFO  Saving current: saved/NCL-Nov-02-2023_21-26-47.pth
Thu 02 Nov 2023 21:32:16 INFO  Saving current best: saved/NCL-Nov-02-2023_21-26-47.pth
Thu 02 Nov 2023 21:32:16 INFO  Running E-step ! 
Thu 02 Nov 2023 21:32:22 INFO  epoch 49 training [time: 5.86s, train_loss1: 27.6184, train_loss2: 0.8043, train_loss3: 0.2059]
Thu 02 Nov 2023 21:32:22 INFO  epoch 49 evaluating [time: 0.17s, valid_score: 0.205800]
Thu 02 Nov 2023 21:32:22 INFO  valid result: 
recall@10 : 0.1671    recall@20 : 0.2539    recall@50 : 0.4112    ndcg@10 : 0.2058    ndcg@20 : 0.2227    ndcg@50 : 0.2715
Thu 02 Nov 2023 21:32:23 INFO  Saving current: saved/NCL-Nov-02-2023_21-26-47.pth
Thu 02 Nov 2023 21:32:23 INFO  Saving current best: saved/NCL-Nov-02-2023_21-26-47.pth
Thu 02 Nov 2023 21:32:23 INFO  Running E-step ! 
Thu 02 Nov 2023 21:32:29 INFO  epoch 50 training [time: 6.39s, train_loss1: 27.6327, train_loss2: 0.8024, train_loss3: 0.2044]
Thu 02 Nov 2023 21:32:29 INFO  epoch 50 evaluating [time: 0.16s, valid_score: 0.206200]
Thu 02 Nov 2023 21:32:29 INFO  valid result: 
recall@10 : 0.1677    recall@20 : 0.2548    recall@50 : 0.4116    ndcg@10 : 0.2062    ndcg@20 : 0.2235    ndcg@50 : 0.2721
Thu 02 Nov 2023 21:32:29 INFO  Saving current: saved/NCL-Nov-02-2023_21-26-47.pth
Thu 02 Nov 2023 21:32:29 INFO  Saving current best: saved/NCL-Nov-02-2023_21-26-47.pth
Thu 02 Nov 2023 21:32:29 INFO  Running E-step ! 
Thu 02 Nov 2023 21:32:36 INFO  epoch 51 training [time: 6.02s, train_loss1: 27.1247, train_loss2: 0.8004, train_loss3: 0.2031]
Thu 02 Nov 2023 21:32:36 INFO  epoch 51 evaluating [time: 0.16s, valid_score: 0.206800]
Thu 02 Nov 2023 21:32:36 INFO  valid result: 
recall@10 : 0.1682    recall@20 : 0.2559    recall@50 : 0.4129    ndcg@10 : 0.2068    ndcg@20 : 0.2241    ndcg@50 : 0.2728
Thu 02 Nov 2023 21:32:36 INFO  Saving current: saved/NCL-Nov-02-2023_21-26-47.pth
Thu 02 Nov 2023 21:32:36 INFO  Saving current best: saved/NCL-Nov-02-2023_21-26-47.pth
Thu 02 Nov 2023 21:32:36 INFO  Running E-step ! 
Thu 02 Nov 2023 21:32:43 INFO  epoch 52 training [time: 6.46s, train_loss1: 27.2028, train_loss2: 0.7986, train_loss3: 0.2016]
Thu 02 Nov 2023 21:32:43 INFO  epoch 52 evaluating [time: 0.17s, valid_score: 0.207700]
Thu 02 Nov 2023 21:32:43 INFO  valid result: 
recall@10 : 0.1689    recall@20 : 0.2576    recall@50 : 0.4147    ndcg@10 : 0.2077    ndcg@20 : 0.2254    ndcg@50 : 0.274
Thu 02 Nov 2023 21:32:43 INFO  Saving current: saved/NCL-Nov-02-2023_21-26-47.pth
Thu 02 Nov 2023 21:32:43 INFO  Saving current best: saved/NCL-Nov-02-2023_21-26-47.pth
Thu 02 Nov 2023 21:32:43 INFO  Running E-step ! 
Thu 02 Nov 2023 21:32:49 INFO  epoch 53 training [time: 5.82s, train_loss1: 26.9501, train_loss2: 0.7967, train_loss3: 0.2003]
Thu 02 Nov 2023 21:32:49 INFO  epoch 53 evaluating [time: 0.17s, valid_score: 0.208000]
Thu 02 Nov 2023 21:32:49 INFO  valid result: 
recall@10 : 0.1685    recall@20 : 0.2575    recall@50 : 0.4153    ndcg@10 : 0.208    ndcg@20 : 0.2258    ndcg@50 : 0.2747
Thu 02 Nov 2023 21:32:49 INFO  Saving current: saved/NCL-Nov-02-2023_21-26-47.pth
Thu 02 Nov 2023 21:32:49 INFO  Saving current best: saved/NCL-Nov-02-2023_21-26-47.pth
Thu 02 Nov 2023 21:32:49 INFO  Running E-step ! 
Thu 02 Nov 2023 21:32:56 INFO  epoch 54 training [time: 6.38s, train_loss1: 26.7514, train_loss2: 0.7950, train_loss3: 0.1990]
Thu 02 Nov 2023 21:32:56 INFO  epoch 54 evaluating [time: 0.18s, valid_score: 0.208500]
Thu 02 Nov 2023 21:32:56 INFO  valid result: 
recall@10 : 0.1693    recall@20 : 0.2586    recall@50 : 0.4163    ndcg@10 : 0.2085    ndcg@20 : 0.2265    ndcg@50 : 0.2753
Thu 02 Nov 2023 21:32:56 INFO  Saving current: saved/NCL-Nov-02-2023_21-26-47.pth
Thu 02 Nov 2023 21:32:56 INFO  Saving current best: saved/NCL-Nov-02-2023_21-26-47.pth
Thu 02 Nov 2023 21:32:56 INFO  Running E-step ! 
Thu 02 Nov 2023 21:33:03 INFO  epoch 55 training [time: 5.90s, train_loss1: 26.5593, train_loss2: 0.7932, train_loss3: 0.1979]
Thu 02 Nov 2023 21:33:03 INFO  epoch 55 evaluating [time: 0.16s, valid_score: 0.208900]
Thu 02 Nov 2023 21:33:03 INFO  valid result: 
recall@10 : 0.1696    recall@20 : 0.2591    recall@50 : 0.4171    ndcg@10 : 0.2089    ndcg@20 : 0.2269    ndcg@50 : 0.2759
Thu 02 Nov 2023 21:33:03 INFO  Saving current: saved/NCL-Nov-02-2023_21-26-47.pth
Thu 02 Nov 2023 21:33:03 INFO  Saving current best: saved/NCL-Nov-02-2023_21-26-47.pth
Thu 02 Nov 2023 21:33:03 INFO  Running E-step ! 
Thu 02 Nov 2023 21:33:10 INFO  epoch 56 training [time: 6.36s, train_loss1: 26.5639, train_loss2: 0.7915, train_loss3: 0.1968]
Thu 02 Nov 2023 21:33:10 INFO  epoch 56 evaluating [time: 0.17s, valid_score: 0.209400]
Thu 02 Nov 2023 21:33:10 INFO  valid result: 
recall@10 : 0.1699    recall@20 : 0.2606    recall@50 : 0.4188    ndcg@10 : 0.2094    ndcg@20 : 0.2277    ndcg@50 : 0.2768
Thu 02 Nov 2023 21:33:10 INFO  Saving current: saved/NCL-Nov-02-2023_21-26-47.pth
Thu 02 Nov 2023 21:33:10 INFO  Saving current best: saved/NCL-Nov-02-2023_21-26-47.pth
Thu 02 Nov 2023 21:33:10 INFO  Running E-step ! 
Thu 02 Nov 2023 21:33:16 INFO  epoch 57 training [time: 6.00s, train_loss1: 26.3444, train_loss2: 0.7898, train_loss3: 0.1958]
Thu 02 Nov 2023 21:33:16 INFO  epoch 57 evaluating [time: 0.28s, valid_score: 0.209700]
Thu 02 Nov 2023 21:33:16 INFO  valid result: 
recall@10 : 0.1709    recall@20 : 0.2614    recall@50 : 0.4196    ndcg@10 : 0.2097    ndcg@20 : 0.2281    ndcg@50 : 0.2772
Thu 02 Nov 2023 21:33:16 INFO  Saving current: saved/NCL-Nov-02-2023_21-26-47.pth
Thu 02 Nov 2023 21:33:16 INFO  Saving current best: saved/NCL-Nov-02-2023_21-26-47.pth
Thu 02 Nov 2023 21:33:16 INFO  Running E-step ! 
Thu 02 Nov 2023 21:33:23 INFO  epoch 58 training [time: 6.31s, train_loss1: 26.0593, train_loss2: 0.7881, train_loss3: 0.1948]
Thu 02 Nov 2023 21:33:23 INFO  epoch 58 evaluating [time: 0.17s, valid_score: 0.209900]
Thu 02 Nov 2023 21:33:23 INFO  valid result: 
recall@10 : 0.171    recall@20 : 0.2623    recall@50 : 0.4212    ndcg@10 : 0.2099    ndcg@20 : 0.2285    ndcg@50 : 0.278
Thu 02 Nov 2023 21:33:23 INFO  Saving current: saved/NCL-Nov-02-2023_21-26-47.pth
Thu 02 Nov 2023 21:33:23 INFO  Saving current best: saved/NCL-Nov-02-2023_21-26-47.pth
Thu 02 Nov 2023 21:33:23 INFO  Running E-step ! 
Thu 02 Nov 2023 21:33:30 INFO  epoch 59 training [time: 6.28s, train_loss1: 26.0942, train_loss2: 0.7867, train_loss3: 0.1935]
Thu 02 Nov 2023 21:33:30 INFO  epoch 59 evaluating [time: 0.29s, valid_score: 0.210500]
Thu 02 Nov 2023 21:33:30 INFO  valid result: 
recall@10 : 0.1713    recall@20 : 0.2626    recall@50 : 0.4221    ndcg@10 : 0.2105    ndcg@20 : 0.2292    ndcg@50 : 0.2788
Thu 02 Nov 2023 21:33:30 INFO  Saving current: saved/NCL-Nov-02-2023_21-26-47.pth
Thu 02 Nov 2023 21:33:30 INFO  Saving current best: saved/NCL-Nov-02-2023_21-26-47.pth
Thu 02 Nov 2023 21:33:30 INFO  Running E-step ! 
Thu 02 Nov 2023 21:33:37 INFO  epoch 60 training [time: 6.02s, train_loss1: 25.7872, train_loss2: 0.7850, train_loss3: 0.1920]
Thu 02 Nov 2023 21:33:37 INFO  epoch 60 evaluating [time: 0.17s, valid_score: 0.211100]
Thu 02 Nov 2023 21:33:37 INFO  valid result: 
recall@10 : 0.1719    recall@20 : 0.2627    recall@50 : 0.4227    ndcg@10 : 0.2111    ndcg@20 : 0.2298    ndcg@50 : 0.2795
Thu 02 Nov 2023 21:33:37 INFO  Saving current: saved/NCL-Nov-02-2023_21-26-47.pth
Thu 02 Nov 2023 21:33:37 INFO  Saving current best: saved/NCL-Nov-02-2023_21-26-47.pth
Thu 02 Nov 2023 21:33:37 INFO  Running E-step ! 
Thu 02 Nov 2023 21:33:44 INFO  epoch 61 training [time: 6.43s, train_loss1: 25.6149, train_loss2: 0.7835, train_loss3: 0.1913]
Thu 02 Nov 2023 21:33:44 INFO  epoch 61 evaluating [time: 0.22s, valid_score: 0.211300]
Thu 02 Nov 2023 21:33:44 INFO  valid result: 
recall@10 : 0.1724    recall@20 : 0.2636    recall@50 : 0.4234    ndcg@10 : 0.2113    ndcg@20 : 0.2302    ndcg@50 : 0.2799
Thu 02 Nov 2023 21:33:44 INFO  Saving current: saved/NCL-Nov-02-2023_21-26-47.pth
Thu 02 Nov 2023 21:33:44 INFO  Saving current best: saved/NCL-Nov-02-2023_21-26-47.pth
Thu 02 Nov 2023 21:33:44 INFO  Running E-step ! 
Thu 02 Nov 2023 21:33:50 INFO  epoch 62 training [time: 5.87s, train_loss1: 25.5328, train_loss2: 0.7820, train_loss3: 0.1903]
Thu 02 Nov 2023 21:33:51 INFO  epoch 62 evaluating [time: 0.18s, valid_score: 0.212000]
Thu 02 Nov 2023 21:33:51 INFO  valid result: 
recall@10 : 0.1733    recall@20 : 0.2644    recall@50 : 0.4247    ndcg@10 : 0.212    ndcg@20 : 0.2307    ndcg@50 : 0.2807
Thu 02 Nov 2023 21:33:51 INFO  Saving current: saved/NCL-Nov-02-2023_21-26-47.pth
Thu 02 Nov 2023 21:33:51 INFO  Saving current best: saved/NCL-Nov-02-2023_21-26-47.pth
Thu 02 Nov 2023 21:33:51 INFO  Running E-step ! 
Thu 02 Nov 2023 21:33:58 INFO  epoch 63 training [time: 6.56s, train_loss1: 25.3018, train_loss2: 0.7804, train_loss3: 0.1893]
Thu 02 Nov 2023 21:33:58 INFO  epoch 63 evaluating [time: 0.18s, valid_score: 0.212400]
Thu 02 Nov 2023 21:33:58 INFO  valid result: 
recall@10 : 0.1735    recall@20 : 0.2642    recall@50 : 0.4257    ndcg@10 : 0.2124    ndcg@20 : 0.2309    ndcg@50 : 0.2813
Thu 02 Nov 2023 21:33:58 INFO  Saving current: saved/NCL-Nov-02-2023_21-26-47.pth
Thu 02 Nov 2023 21:33:58 INFO  Saving current best: saved/NCL-Nov-02-2023_21-26-47.pth
Thu 02 Nov 2023 21:33:58 INFO  Running E-step ! 
Thu 02 Nov 2023 21:34:05 INFO  epoch 64 training [time: 6.44s, train_loss1: 25.0980, train_loss2: 0.7790, train_loss3: 0.1882]
Thu 02 Nov 2023 21:34:05 INFO  epoch 64 evaluating [time: 0.18s, valid_score: 0.212800]
Thu 02 Nov 2023 21:34:05 INFO  valid result: 
recall@10 : 0.1741    recall@20 : 0.2649    recall@50 : 0.4261    ndcg@10 : 0.2128    ndcg@20 : 0.2313    ndcg@50 : 0.2817
Thu 02 Nov 2023 21:34:05 INFO  Saving current: saved/NCL-Nov-02-2023_21-26-47.pth
Thu 02 Nov 2023 21:34:05 INFO  Saving current best: saved/NCL-Nov-02-2023_21-26-47.pth
Thu 02 Nov 2023 21:34:05 INFO  Running E-step ! 
Thu 02 Nov 2023 21:34:12 INFO  epoch 65 training [time: 6.51s, train_loss1: 25.0646, train_loss2: 0.7777, train_loss3: 0.1876]
Thu 02 Nov 2023 21:34:12 INFO  epoch 65 evaluating [time: 0.18s, valid_score: 0.213400]
Thu 02 Nov 2023 21:34:12 INFO  valid result: 
recall@10 : 0.1748    recall@20 : 0.2655    recall@50 : 0.426    ndcg@10 : 0.2134    ndcg@20 : 0.2319    ndcg@50 : 0.282
Thu 02 Nov 2023 21:34:12 INFO  Saving current: saved/NCL-Nov-02-2023_21-26-47.pth
Thu 02 Nov 2023 21:34:12 INFO  Saving current best: saved/NCL-Nov-02-2023_21-26-47.pth
Thu 02 Nov 2023 21:34:12 INFO  Running E-step ! 
Thu 02 Nov 2023 21:34:18 INFO  epoch 66 training [time: 5.91s, train_loss1: 24.9385, train_loss2: 0.7763, train_loss3: 0.1868]
Thu 02 Nov 2023 21:34:18 INFO  epoch 66 evaluating [time: 0.17s, valid_score: 0.213400]
Thu 02 Nov 2023 21:34:18 INFO  valid result: 
recall@10 : 0.1747    recall@20 : 0.2659    recall@50 : 0.427    ndcg@10 : 0.2134    ndcg@20 : 0.2322    ndcg@50 : 0.2823
Thu 02 Nov 2023 21:34:18 INFO  Saving current: saved/NCL-Nov-02-2023_21-26-47.pth
Thu 02 Nov 2023 21:34:18 INFO  Saving current best: saved/NCL-Nov-02-2023_21-26-47.pth
Thu 02 Nov 2023 21:34:18 INFO  Running E-step ! 
Thu 02 Nov 2023 21:34:25 INFO  epoch 67 training [time: 6.42s, train_loss1: 24.7053, train_loss2: 0.7750, train_loss3: 0.1860]
Thu 02 Nov 2023 21:34:25 INFO  epoch 67 evaluating [time: 0.16s, valid_score: 0.213300]
Thu 02 Nov 2023 21:34:25 INFO  valid result: 
recall@10 : 0.1744    recall@20 : 0.2666    recall@50 : 0.4278    ndcg@10 : 0.2133    ndcg@20 : 0.2324    ndcg@50 : 0.2827
Thu 02 Nov 2023 21:34:25 INFO  Running E-step ! 
Thu 02 Nov 2023 21:34:32 INFO  epoch 68 training [time: 5.94s, train_loss1: 24.6884, train_loss2: 0.7735, train_loss3: 0.1852]
Thu 02 Nov 2023 21:34:32 INFO  epoch 68 evaluating [time: 0.18s, valid_score: 0.213500]
Thu 02 Nov 2023 21:34:32 INFO  valid result: 
recall@10 : 0.1747    recall@20 : 0.2667    recall@50 : 0.4278    ndcg@10 : 0.2135    ndcg@20 : 0.2325    ndcg@50 : 0.2829
Thu 02 Nov 2023 21:34:32 INFO  Saving current: saved/NCL-Nov-02-2023_21-26-47.pth
Thu 02 Nov 2023 21:34:32 INFO  Saving current best: saved/NCL-Nov-02-2023_21-26-47.pth
Thu 02 Nov 2023 21:34:32 INFO  Running E-step ! 
Thu 02 Nov 2023 21:34:39 INFO  epoch 69 training [time: 6.54s, train_loss1: 24.3913, train_loss2: 0.7721, train_loss3: 0.1847]
Thu 02 Nov 2023 21:34:39 INFO  epoch 69 evaluating [time: 0.51s, valid_score: 0.213800]
Thu 02 Nov 2023 21:34:39 INFO  valid result: 
recall@10 : 0.1755    recall@20 : 0.2676    recall@50 : 0.4286    ndcg@10 : 0.2138    ndcg@20 : 0.2327    ndcg@50 : 0.2831
Thu 02 Nov 2023 21:34:39 INFO  Saving current: saved/NCL-Nov-02-2023_21-26-47.pth
Thu 02 Nov 2023 21:34:39 INFO  Saving current best: saved/NCL-Nov-02-2023_21-26-47.pth
Thu 02 Nov 2023 21:34:39 INFO  Running E-step ! 
Thu 02 Nov 2023 21:34:46 INFO  epoch 70 training [time: 6.10s, train_loss1: 24.4245, train_loss2: 0.7707, train_loss3: 0.1839]
Thu 02 Nov 2023 21:34:46 INFO  epoch 70 evaluating [time: 0.29s, valid_score: 0.213500]
Thu 02 Nov 2023 21:34:46 INFO  valid result: 
recall@10 : 0.1755    recall@20 : 0.267    recall@50 : 0.429    ndcg@10 : 0.2135    ndcg@20 : 0.2323    ndcg@50 : 0.2831
Thu 02 Nov 2023 21:34:46 INFO  Running E-step ! 
Thu 02 Nov 2023 21:34:53 INFO  epoch 71 training [time: 6.21s, train_loss1: 24.4900, train_loss2: 0.7694, train_loss3: 0.1836]
Thu 02 Nov 2023 21:34:53 INFO  epoch 71 evaluating [time: 0.17s, valid_score: 0.213900]
Thu 02 Nov 2023 21:34:53 INFO  valid result: 
recall@10 : 0.1756    recall@20 : 0.267    recall@50 : 0.4299    ndcg@10 : 0.2139    ndcg@20 : 0.2328    ndcg@50 : 0.2837
Thu 02 Nov 2023 21:34:53 INFO  Saving current: saved/NCL-Nov-02-2023_21-26-47.pth
Thu 02 Nov 2023 21:34:53 INFO  Saving current best: saved/NCL-Nov-02-2023_21-26-47.pth
Thu 02 Nov 2023 21:34:53 INFO  Running E-step ! 
Thu 02 Nov 2023 21:35:00 INFO  epoch 72 training [time: 6.36s, train_loss1: 24.1303, train_loss2: 0.7682, train_loss3: 0.1824]
Thu 02 Nov 2023 21:35:00 INFO  epoch 72 evaluating [time: 0.28s, valid_score: 0.214100]
Thu 02 Nov 2023 21:35:00 INFO  valid result: 
recall@10 : 0.1761    recall@20 : 0.2673    recall@50 : 0.4307    ndcg@10 : 0.2141    ndcg@20 : 0.2331    ndcg@50 : 0.2841
Thu 02 Nov 2023 21:35:00 INFO  Saving current: saved/NCL-Nov-02-2023_21-26-47.pth
Thu 02 Nov 2023 21:35:00 INFO  Saving current best: saved/NCL-Nov-02-2023_21-26-47.pth
Thu 02 Nov 2023 21:35:00 INFO  Running E-step ! 
Thu 02 Nov 2023 21:35:07 INFO  epoch 73 training [time: 5.99s, train_loss1: 24.1338, train_loss2: 0.7669, train_loss3: 0.1815]
Thu 02 Nov 2023 21:35:07 INFO  epoch 73 evaluating [time: 0.18s, valid_score: 0.214300]
Thu 02 Nov 2023 21:35:07 INFO  valid result: 
recall@10 : 0.176    recall@20 : 0.2684    recall@50 : 0.4309    ndcg@10 : 0.2143    ndcg@20 : 0.2335    ndcg@50 : 0.2843
Thu 02 Nov 2023 21:35:07 INFO  Saving current: saved/NCL-Nov-02-2023_21-26-47.pth
Thu 02 Nov 2023 21:35:07 INFO  Saving current best: saved/NCL-Nov-02-2023_21-26-47.pth
Thu 02 Nov 2023 21:35:07 INFO  Running E-step ! 
Thu 02 Nov 2023 21:35:14 INFO  epoch 74 training [time: 6.47s, train_loss1: 23.8362, train_loss2: 0.7658, train_loss3: 0.1815]
Thu 02 Nov 2023 21:35:14 INFO  epoch 74 evaluating [time: 0.19s, valid_score: 0.215000]
Thu 02 Nov 2023 21:35:14 INFO  valid result: 
recall@10 : 0.177    recall@20 : 0.2686    recall@50 : 0.432    ndcg@10 : 0.215    ndcg@20 : 0.2339    ndcg@50 : 0.2849
Thu 02 Nov 2023 21:35:14 INFO  Saving current: saved/NCL-Nov-02-2023_21-26-47.pth
Thu 02 Nov 2023 21:35:14 INFO  Saving current best: saved/NCL-Nov-02-2023_21-26-47.pth
Thu 02 Nov 2023 21:35:14 INFO  Running E-step ! 
Thu 02 Nov 2023 21:35:20 INFO  epoch 75 training [time: 5.93s, train_loss1: 23.9318, train_loss2: 0.7643, train_loss3: 0.1808]
Thu 02 Nov 2023 21:35:20 INFO  epoch 75 evaluating [time: 0.18s, valid_score: 0.215000]
Thu 02 Nov 2023 21:35:20 INFO  valid result: 
recall@10 : 0.1769    recall@20 : 0.2689    recall@50 : 0.4331    ndcg@10 : 0.215    ndcg@20 : 0.2341    ndcg@50 : 0.2853
Thu 02 Nov 2023 21:35:20 INFO  Saving current: saved/NCL-Nov-02-2023_21-26-47.pth
Thu 02 Nov 2023 21:35:20 INFO  Saving current best: saved/NCL-Nov-02-2023_21-26-47.pth
Thu 02 Nov 2023 21:35:20 INFO  Running E-step ! 
Thu 02 Nov 2023 21:35:27 INFO  epoch 76 training [time: 6.49s, train_loss1: 23.5624, train_loss2: 0.7632, train_loss3: 0.1807]
Thu 02 Nov 2023 21:35:27 INFO  epoch 76 evaluating [time: 0.16s, valid_score: 0.215000]
Thu 02 Nov 2023 21:35:27 INFO  valid result: 
recall@10 : 0.1773    recall@20 : 0.2695    recall@50 : 0.4332    ndcg@10 : 0.215    ndcg@20 : 0.2342    ndcg@50 : 0.2853
Thu 02 Nov 2023 21:35:27 INFO  Saving current: saved/NCL-Nov-02-2023_21-26-47.pth
Thu 02 Nov 2023 21:35:27 INFO  Saving current best: saved/NCL-Nov-02-2023_21-26-47.pth
Thu 02 Nov 2023 21:35:27 INFO  Running E-step ! 
Thu 02 Nov 2023 21:35:34 INFO  epoch 77 training [time: 5.91s, train_loss1: 23.4790, train_loss2: 0.7620, train_loss3: 0.1798]
Thu 02 Nov 2023 21:35:34 INFO  epoch 77 evaluating [time: 0.16s, valid_score: 0.215300]
Thu 02 Nov 2023 21:35:34 INFO  valid result: 
recall@10 : 0.1774    recall@20 : 0.2698    recall@50 : 0.4327    ndcg@10 : 0.2153    ndcg@20 : 0.2343    ndcg@50 : 0.2853
Thu 02 Nov 2023 21:35:34 INFO  Saving current: saved/NCL-Nov-02-2023_21-26-47.pth
Thu 02 Nov 2023 21:35:34 INFO  Saving current best: saved/NCL-Nov-02-2023_21-26-47.pth
Thu 02 Nov 2023 21:35:34 INFO  Running E-step ! 
Thu 02 Nov 2023 21:35:41 INFO  epoch 78 training [time: 6.44s, train_loss1: 23.3911, train_loss2: 0.7608, train_loss3: 0.1793]
Thu 02 Nov 2023 21:35:41 INFO  epoch 78 evaluating [time: 0.18s, valid_score: 0.215600]
Thu 02 Nov 2023 21:35:41 INFO  valid result: 
recall@10 : 0.1777    recall@20 : 0.2702    recall@50 : 0.433    ndcg@10 : 0.2156    ndcg@20 : 0.2345    ndcg@50 : 0.2856
Thu 02 Nov 2023 21:35:41 INFO  Saving current: saved/NCL-Nov-02-2023_21-26-47.pth
Thu 02 Nov 2023 21:35:41 INFO  Saving current best: saved/NCL-Nov-02-2023_21-26-47.pth
Thu 02 Nov 2023 21:35:41 INFO  Running E-step ! 
Thu 02 Nov 2023 21:35:47 INFO  epoch 79 training [time: 6.01s, train_loss1: 23.3946, train_loss2: 0.7597, train_loss3: 0.1791]
Thu 02 Nov 2023 21:35:47 INFO  epoch 79 evaluating [time: 0.17s, valid_score: 0.216100]
Thu 02 Nov 2023 21:35:47 INFO  valid result: 
recall@10 : 0.1782    recall@20 : 0.2704    recall@50 : 0.435    ndcg@10 : 0.2161    ndcg@20 : 0.235    ndcg@50 : 0.2864
Thu 02 Nov 2023 21:35:47 INFO  Saving current: saved/NCL-Nov-02-2023_21-26-47.pth
Thu 02 Nov 2023 21:35:47 INFO  Saving current best: saved/NCL-Nov-02-2023_21-26-47.pth
Thu 02 Nov 2023 21:35:47 INFO  Running E-step ! 
Thu 02 Nov 2023 21:35:54 INFO  epoch 80 training [time: 6.44s, train_loss1: 23.0982, train_loss2: 0.7585, train_loss3: 0.1789]
Thu 02 Nov 2023 21:35:54 INFO  epoch 80 evaluating [time: 0.17s, valid_score: 0.215900]
Thu 02 Nov 2023 21:35:54 INFO  valid result: 
recall@10 : 0.1779    recall@20 : 0.2695    recall@50 : 0.435    ndcg@10 : 0.2159    ndcg@20 : 0.2349    ndcg@50 : 0.2866
Thu 02 Nov 2023 21:35:54 INFO  Running E-step ! 
Thu 02 Nov 2023 21:36:01 INFO  epoch 81 training [time: 5.95s, train_loss1: 23.1825, train_loss2: 0.7573, train_loss3: 0.1779]
Thu 02 Nov 2023 21:36:01 INFO  epoch 81 evaluating [time: 0.17s, valid_score: 0.216400]
Thu 02 Nov 2023 21:36:01 INFO  valid result: 
recall@10 : 0.1784    recall@20 : 0.2703    recall@50 : 0.4361    ndcg@10 : 0.2164    ndcg@20 : 0.2354    ndcg@50 : 0.2872
Thu 02 Nov 2023 21:36:01 INFO  Saving current: saved/NCL-Nov-02-2023_21-26-47.pth
Thu 02 Nov 2023 21:36:01 INFO  Saving current best: saved/NCL-Nov-02-2023_21-26-47.pth
Thu 02 Nov 2023 21:36:01 INFO  Running E-step ! 
Thu 02 Nov 2023 21:36:08 INFO  epoch 82 training [time: 6.51s, train_loss1: 23.0032, train_loss2: 0.7562, train_loss3: 0.1776]
Thu 02 Nov 2023 21:36:08 INFO  epoch 82 evaluating [time: 0.18s, valid_score: 0.216600]
Thu 02 Nov 2023 21:36:08 INFO  valid result: 
recall@10 : 0.179    recall@20 : 0.2701    recall@50 : 0.4368    ndcg@10 : 0.2166    ndcg@20 : 0.2354    ndcg@50 : 0.2874
Thu 02 Nov 2023 21:36:08 INFO  Saving current: saved/NCL-Nov-02-2023_21-26-47.pth
Thu 02 Nov 2023 21:36:08 INFO  Saving current best: saved/NCL-Nov-02-2023_21-26-47.pth
Thu 02 Nov 2023 21:36:08 INFO  Running E-step ! 
Thu 02 Nov 2023 21:36:14 INFO  epoch 83 training [time: 5.99s, train_loss1: 22.9319, train_loss2: 0.7552, train_loss3: 0.1776]
Thu 02 Nov 2023 21:36:15 INFO  epoch 83 evaluating [time: 0.27s, valid_score: 0.216300]
Thu 02 Nov 2023 21:36:15 INFO  valid result: 
recall@10 : 0.1785    recall@20 : 0.2699    recall@50 : 0.437    ndcg@10 : 0.2163    ndcg@20 : 0.2353    ndcg@50 : 0.2873
Thu 02 Nov 2023 21:36:15 INFO  Running E-step ! 
Thu 02 Nov 2023 21:36:21 INFO  epoch 84 training [time: 6.27s, train_loss1: 22.7546, train_loss2: 0.7541, train_loss3: 0.1769]
Thu 02 Nov 2023 21:36:22 INFO  epoch 84 evaluating [time: 0.17s, valid_score: 0.216400]
Thu 02 Nov 2023 21:36:22 INFO  valid result: 
recall@10 : 0.1784    recall@20 : 0.2706    recall@50 : 0.4379    ndcg@10 : 0.2164    ndcg@20 : 0.2355    ndcg@50 : 0.2878
Thu 02 Nov 2023 21:36:22 INFO  Running E-step ! 
Thu 02 Nov 2023 21:36:28 INFO  epoch 85 training [time: 6.24s, train_loss1: 22.6909, train_loss2: 0.7531, train_loss3: 0.1765]
Thu 02 Nov 2023 21:36:29 INFO  epoch 85 evaluating [time: 0.28s, valid_score: 0.216400]
Thu 02 Nov 2023 21:36:29 INFO  valid result: 
recall@10 : 0.1784    recall@20 : 0.2701    recall@50 : 0.4381    ndcg@10 : 0.2164    ndcg@20 : 0.2352    ndcg@50 : 0.2878
Thu 02 Nov 2023 21:36:29 INFO  Running E-step ! 
Thu 02 Nov 2023 21:36:35 INFO  epoch 86 training [time: 6.08s, train_loss1: 22.4869, train_loss2: 0.7520, train_loss3: 0.1760]
Thu 02 Nov 2023 21:36:35 INFO  epoch 86 evaluating [time: 0.18s, valid_score: 0.216400]
Thu 02 Nov 2023 21:36:35 INFO  valid result: 
recall@10 : 0.1779    recall@20 : 0.2707    recall@50 : 0.4387    ndcg@10 : 0.2164    ndcg@20 : 0.2355    ndcg@50 : 0.2881
Thu 02 Nov 2023 21:36:35 INFO  Running E-step ! 
Thu 02 Nov 2023 21:36:42 INFO  epoch 87 training [time: 6.36s, train_loss1: 22.4505, train_loss2: 0.7511, train_loss3: 0.1759]
Thu 02 Nov 2023 21:36:42 INFO  epoch 87 evaluating [time: 0.28s, valid_score: 0.216600]
Thu 02 Nov 2023 21:36:42 INFO  valid result: 
recall@10 : 0.1783    recall@20 : 0.2704    recall@50 : 0.4389    ndcg@10 : 0.2166    ndcg@20 : 0.2356    ndcg@50 : 0.2882
Thu 02 Nov 2023 21:36:42 INFO  Saving current: saved/NCL-Nov-02-2023_21-26-47.pth
Thu 02 Nov 2023 21:36:42 INFO  Saving current best: saved/NCL-Nov-02-2023_21-26-47.pth
Thu 02 Nov 2023 21:36:42 INFO  Running E-step ! 
Thu 02 Nov 2023 21:36:49 INFO  epoch 88 training [time: 5.92s, train_loss1: 22.4445, train_loss2: 0.7500, train_loss3: 0.1753]
Thu 02 Nov 2023 21:36:49 INFO  epoch 88 evaluating [time: 0.18s, valid_score: 0.217000]
Thu 02 Nov 2023 21:36:49 INFO  valid result: 
recall@10 : 0.1789    recall@20 : 0.2712    recall@50 : 0.4395    ndcg@10 : 0.217    ndcg@20 : 0.2361    ndcg@50 : 0.2885
Thu 02 Nov 2023 21:36:49 INFO  Saving current: saved/NCL-Nov-02-2023_21-26-47.pth
Thu 02 Nov 2023 21:36:49 INFO  Saving current best: saved/NCL-Nov-02-2023_21-26-47.pth
Thu 02 Nov 2023 21:36:49 INFO  Running E-step ! 
Thu 02 Nov 2023 21:36:56 INFO  epoch 89 training [time: 6.43s, train_loss1: 22.2995, train_loss2: 0.7492, train_loss3: 0.1751]
Thu 02 Nov 2023 21:36:56 INFO  epoch 89 evaluating [time: 0.17s, valid_score: 0.216900]
Thu 02 Nov 2023 21:36:56 INFO  valid result: 
recall@10 : 0.1791    recall@20 : 0.2714    recall@50 : 0.4397    ndcg@10 : 0.2169    ndcg@20 : 0.236    ndcg@50 : 0.2884
Thu 02 Nov 2023 21:36:56 INFO  Running E-step ! 
Thu 02 Nov 2023 21:37:02 INFO  epoch 90 training [time: 5.94s, train_loss1: 22.2384, train_loss2: 0.7482, train_loss3: 0.1745]
Thu 02 Nov 2023 21:37:02 INFO  epoch 90 evaluating [time: 0.17s, valid_score: 0.217500]
Thu 02 Nov 2023 21:37:02 INFO  valid result: 
recall@10 : 0.1795    recall@20 : 0.2712    recall@50 : 0.4393    ndcg@10 : 0.2175    ndcg@20 : 0.2362    ndcg@50 : 0.2887
Thu 02 Nov 2023 21:37:02 INFO  Saving current: saved/NCL-Nov-02-2023_21-26-47.pth
Thu 02 Nov 2023 21:37:02 INFO  Saving current best: saved/NCL-Nov-02-2023_21-26-47.pth
Thu 02 Nov 2023 21:37:02 INFO  Running E-step ! 
Thu 02 Nov 2023 21:37:09 INFO  epoch 91 training [time: 6.47s, train_loss1: 22.0786, train_loss2: 0.7471, train_loss3: 0.1745]
Thu 02 Nov 2023 21:37:09 INFO  epoch 91 evaluating [time: 0.17s, valid_score: 0.217500]
Thu 02 Nov 2023 21:37:09 INFO  valid result: 
recall@10 : 0.1793    recall@20 : 0.2713    recall@50 : 0.4403    ndcg@10 : 0.2175    ndcg@20 : 0.2364    ndcg@50 : 0.2892
Thu 02 Nov 2023 21:37:09 INFO  Saving current: saved/NCL-Nov-02-2023_21-26-47.pth
Thu 02 Nov 2023 21:37:09 INFO  Saving current best: saved/NCL-Nov-02-2023_21-26-47.pth
Thu 02 Nov 2023 21:37:09 INFO  Running E-step ! 
Thu 02 Nov 2023 21:37:16 INFO  epoch 92 training [time: 6.45s, train_loss1: 22.1082, train_loss2: 0.7460, train_loss3: 0.1738]
Thu 02 Nov 2023 21:37:16 INFO  epoch 92 evaluating [time: 0.17s, valid_score: 0.217500]
Thu 02 Nov 2023 21:37:16 INFO  valid result: 
recall@10 : 0.1799    recall@20 : 0.2718    recall@50 : 0.4404    ndcg@10 : 0.2175    ndcg@20 : 0.2364    ndcg@50 : 0.2892
Thu 02 Nov 2023 21:37:16 INFO  Saving current: saved/NCL-Nov-02-2023_21-26-47.pth
Thu 02 Nov 2023 21:37:16 INFO  Saving current best: saved/NCL-Nov-02-2023_21-26-47.pth
Thu 02 Nov 2023 21:37:16 INFO  Running E-step ! 
Thu 02 Nov 2023 21:37:23 INFO  epoch 93 training [time: 6.55s, train_loss1: 21.8824, train_loss2: 0.7451, train_loss3: 0.1730]
Thu 02 Nov 2023 21:37:23 INFO  epoch 93 evaluating [time: 0.18s, valid_score: 0.217800]
Thu 02 Nov 2023 21:37:23 INFO  valid result: 
recall@10 : 0.1795    recall@20 : 0.2716    recall@50 : 0.4404    ndcg@10 : 0.2178    ndcg@20 : 0.2366    ndcg@50 : 0.2894
Thu 02 Nov 2023 21:37:24 INFO  Saving current: saved/NCL-Nov-02-2023_21-26-47.pth
Thu 02 Nov 2023 21:37:24 INFO  Saving current best: saved/NCL-Nov-02-2023_21-26-47.pth
Thu 02 Nov 2023 21:37:24 INFO  Running E-step ! 
Thu 02 Nov 2023 21:37:30 INFO  epoch 94 training [time: 5.91s, train_loss1: 21.8814, train_loss2: 0.7442, train_loss3: 0.1730]
Thu 02 Nov 2023 21:37:30 INFO  epoch 94 evaluating [time: 0.17s, valid_score: 0.217900]
Thu 02 Nov 2023 21:37:30 INFO  valid result: 
recall@10 : 0.1794    recall@20 : 0.272    recall@50 : 0.4413    ndcg@10 : 0.2179    ndcg@20 : 0.2369    ndcg@50 : 0.2898
Thu 02 Nov 2023 21:37:30 INFO  Saving current: saved/NCL-Nov-02-2023_21-26-47.pth
Thu 02 Nov 2023 21:37:30 INFO  Saving current best: saved/NCL-Nov-02-2023_21-26-47.pth
Thu 02 Nov 2023 21:37:30 INFO  Running E-step ! 
Thu 02 Nov 2023 21:37:37 INFO  epoch 95 training [time: 6.48s, train_loss1: 21.7423, train_loss2: 0.7433, train_loss3: 0.1728]
Thu 02 Nov 2023 21:37:37 INFO  epoch 95 evaluating [time: 0.17s, valid_score: 0.217800]
Thu 02 Nov 2023 21:37:37 INFO  valid result: 
recall@10 : 0.1793    recall@20 : 0.2724    recall@50 : 0.4422    ndcg@10 : 0.2178    ndcg@20 : 0.2371    ndcg@50 : 0.2902
Thu 02 Nov 2023 21:37:37 INFO  Running E-step ! 
Thu 02 Nov 2023 21:37:43 INFO  epoch 96 training [time: 5.96s, train_loss1: 21.6539, train_loss2: 0.7425, train_loss3: 0.1724]
Thu 02 Nov 2023 21:37:44 INFO  epoch 96 evaluating [time: 0.18s, valid_score: 0.217600]
Thu 02 Nov 2023 21:37:44 INFO  valid result: 
recall@10 : 0.1786    recall@20 : 0.2728    recall@50 : 0.4419    ndcg@10 : 0.2176    ndcg@20 : 0.2375    ndcg@50 : 0.2902
Thu 02 Nov 2023 21:37:44 INFO  Running E-step ! 
Thu 02 Nov 2023 21:37:50 INFO  epoch 97 training [time: 6.40s, train_loss1: 21.5515, train_loss2: 0.7417, train_loss3: 0.1720]
Thu 02 Nov 2023 21:37:51 INFO  epoch 97 evaluating [time: 0.17s, valid_score: 0.218000]
Thu 02 Nov 2023 21:37:51 INFO  valid result: 
recall@10 : 0.179    recall@20 : 0.2725    recall@50 : 0.4421    ndcg@10 : 0.218    ndcg@20 : 0.2376    ndcg@50 : 0.2905
Thu 02 Nov 2023 21:37:51 INFO  Saving current: saved/NCL-Nov-02-2023_21-26-47.pth
Thu 02 Nov 2023 21:37:51 INFO  Saving current best: saved/NCL-Nov-02-2023_21-26-47.pth
Thu 02 Nov 2023 21:37:51 INFO  Running E-step ! 
Thu 02 Nov 2023 21:37:57 INFO  epoch 98 training [time: 6.10s, train_loss1: 21.4586, train_loss2: 0.7410, train_loss3: 0.1722]
Thu 02 Nov 2023 21:37:57 INFO  epoch 98 evaluating [time: 0.28s, valid_score: 0.218100]
Thu 02 Nov 2023 21:37:57 INFO  valid result: 
recall@10 : 0.179    recall@20 : 0.2727    recall@50 : 0.4431    ndcg@10 : 0.2181    ndcg@20 : 0.2378    ndcg@50 : 0.2909
Thu 02 Nov 2023 21:37:57 INFO  Saving current: saved/NCL-Nov-02-2023_21-26-47.pth
Thu 02 Nov 2023 21:37:57 INFO  Saving current best: saved/NCL-Nov-02-2023_21-26-47.pth
Thu 02 Nov 2023 21:37:57 INFO  Running E-step ! 
Thu 02 Nov 2023 21:38:04 INFO  epoch 99 training [time: 6.11s, train_loss1: 21.3290, train_loss2: 0.7403, train_loss3: 0.1717]
Thu 02 Nov 2023 21:38:04 INFO  epoch 99 evaluating [time: 0.18s, valid_score: 0.218100]
Thu 02 Nov 2023 21:38:04 INFO  valid result: 
recall@10 : 0.1786    recall@20 : 0.2725    recall@50 : 0.4435    ndcg@10 : 0.2181    ndcg@20 : 0.2379    ndcg@50 : 0.2913
Thu 02 Nov 2023 21:38:04 INFO  Saving current: saved/NCL-Nov-02-2023_21-26-47.pth
Thu 02 Nov 2023 21:38:04 INFO  Saving current best: saved/NCL-Nov-02-2023_21-26-47.pth
Thu 02 Nov 2023 21:38:04 INFO  Running E-step ! 
Thu 02 Nov 2023 21:38:11 INFO  epoch 100 training [time: 6.36s, train_loss1: 21.3263, train_loss2: 0.7395, train_loss3: 0.1713]
Thu 02 Nov 2023 21:38:11 INFO  epoch 100 evaluating [time: 0.28s, valid_score: 0.217900]
Thu 02 Nov 2023 21:38:11 INFO  valid result: 
recall@10 : 0.1788    recall@20 : 0.2731    recall@50 : 0.4435    ndcg@10 : 0.2179    ndcg@20 : 0.238    ndcg@50 : 0.2912
Thu 02 Nov 2023 21:38:11 INFO  Running E-step ! 
Thu 02 Nov 2023 21:38:18 INFO  epoch 101 training [time: 5.98s, train_loss1: 21.1549, train_loss2: 0.7387, train_loss3: 0.1716]
Thu 02 Nov 2023 21:38:18 INFO  epoch 101 evaluating [time: 0.17s, valid_score: 0.217600]
Thu 02 Nov 2023 21:38:18 INFO  valid result: 
recall@10 : 0.1786    recall@20 : 0.2731    recall@50 : 0.4434    ndcg@10 : 0.2176    ndcg@20 : 0.238    ndcg@50 : 0.291
Thu 02 Nov 2023 21:38:18 INFO  Running E-step ! 
Thu 02 Nov 2023 21:38:25 INFO  epoch 102 training [time: 6.45s, train_loss1: 20.9901, train_loss2: 0.7377, train_loss3: 0.1713]
Thu 02 Nov 2023 21:38:25 INFO  epoch 102 evaluating [time: 0.19s, valid_score: 0.217800]
Thu 02 Nov 2023 21:38:25 INFO  valid result: 
recall@10 : 0.179    recall@20 : 0.2733    recall@50 : 0.4433    ndcg@10 : 0.2178    ndcg@20 : 0.238    ndcg@50 : 0.2909
Thu 02 Nov 2023 21:38:25 INFO  Running E-step ! 
Thu 02 Nov 2023 21:38:31 INFO  epoch 103 training [time: 5.93s, train_loss1: 21.0832, train_loss2: 0.7367, train_loss3: 0.1714]
Thu 02 Nov 2023 21:38:31 INFO  epoch 103 evaluating [time: 0.18s, valid_score: 0.217600]
Thu 02 Nov 2023 21:38:31 INFO  valid result: 
recall@10 : 0.1787    recall@20 : 0.2732    recall@50 : 0.4435    ndcg@10 : 0.2176    ndcg@20 : 0.238    ndcg@50 : 0.2911
Thu 02 Nov 2023 21:38:31 INFO  Running E-step ! 
Thu 02 Nov 2023 21:38:38 INFO  epoch 104 training [time: 6.50s, train_loss1: 20.9041, train_loss2: 0.7359, train_loss3: 0.1710]
Thu 02 Nov 2023 21:38:39 INFO  epoch 104 evaluating [time: 0.50s, valid_score: 0.217700]
Thu 02 Nov 2023 21:38:39 INFO  valid result: 
recall@10 : 0.1787    recall@20 : 0.2733    recall@50 : 0.4438    ndcg@10 : 0.2177    ndcg@20 : 0.2381    ndcg@50 : 0.2912
Thu 02 Nov 2023 21:38:39 INFO  Running E-step ! 
Thu 02 Nov 2023 21:38:45 INFO  epoch 105 training [time: 5.89s, train_loss1: 20.9682, train_loss2: 0.7352, train_loss3: 0.1707]
Thu 02 Nov 2023 21:38:45 INFO  epoch 105 evaluating [time: 0.17s, valid_score: 0.217500]
Thu 02 Nov 2023 21:38:45 INFO  valid result: 
recall@10 : 0.1789    recall@20 : 0.2734    recall@50 : 0.4442    ndcg@10 : 0.2175    ndcg@20 : 0.238    ndcg@50 : 0.2912
Thu 02 Nov 2023 21:38:45 INFO  Running E-step ! 
Thu 02 Nov 2023 21:38:52 INFO  epoch 106 training [time: 6.50s, train_loss1: 20.7753, train_loss2: 0.7345, train_loss3: 0.1710]
Thu 02 Nov 2023 21:38:52 INFO  epoch 106 evaluating [time: 0.17s, valid_score: 0.217300]
Thu 02 Nov 2023 21:38:52 INFO  valid result: 
recall@10 : 0.1786    recall@20 : 0.2729    recall@50 : 0.4442    ndcg@10 : 0.2173    ndcg@20 : 0.2378    ndcg@50 : 0.2911
Thu 02 Nov 2023 21:38:52 INFO  Running E-step ! 
Thu 02 Nov 2023 21:38:59 INFO  epoch 107 training [time: 5.94s, train_loss1: 20.5901, train_loss2: 0.7340, train_loss3: 0.1703]
Thu 02 Nov 2023 21:38:59 INFO  epoch 107 evaluating [time: 0.19s, valid_score: 0.217600]
Thu 02 Nov 2023 21:38:59 INFO  valid result: 
recall@10 : 0.1784    recall@20 : 0.2736    recall@50 : 0.4441    ndcg@10 : 0.2176    ndcg@20 : 0.238    ndcg@50 : 0.2912
Thu 02 Nov 2023 21:38:59 INFO  Running E-step ! 
Thu 02 Nov 2023 21:39:06 INFO  epoch 108 training [time: 6.51s, train_loss1: 20.8039, train_loss2: 0.7332, train_loss3: 0.1706]
Thu 02 Nov 2023 21:39:06 INFO  epoch 108 evaluating [time: 0.18s, valid_score: 0.217300]
Thu 02 Nov 2023 21:39:06 INFO  valid result: 
recall@10 : 0.178    recall@20 : 0.273    recall@50 : 0.4447    ndcg@10 : 0.2173    ndcg@20 : 0.2377    ndcg@50 : 0.2913
Thu 02 Nov 2023 21:39:06 INFO  Running E-step ! 
Thu 02 Nov 2023 21:39:12 INFO  epoch 109 training [time: 5.90s, train_loss1: 20.5458, train_loss2: 0.7324, train_loss3: 0.1703]
Thu 02 Nov 2023 21:39:12 INFO  epoch 109 evaluating [time: 0.17s, valid_score: 0.217200]
Thu 02 Nov 2023 21:39:12 INFO  valid result: 
recall@10 : 0.1785    recall@20 : 0.2738    recall@50 : 0.4445    ndcg@10 : 0.2172    ndcg@20 : 0.2379    ndcg@50 : 0.2912
Thu 02 Nov 2023 21:39:12 INFO  Running E-step ! 
Thu 02 Nov 2023 21:39:19 INFO  epoch 110 training [time: 6.60s, train_loss1: 20.4390, train_loss2: 0.7317, train_loss3: 0.1699]
Thu 02 Nov 2023 21:39:19 INFO  epoch 110 evaluating [time: 0.18s, valid_score: 0.217000]
Thu 02 Nov 2023 21:39:19 INFO  valid result: 
recall@10 : 0.178    recall@20 : 0.2743    recall@50 : 0.4446    ndcg@10 : 0.217    ndcg@20 : 0.2382    ndcg@50 : 0.2913
Thu 02 Nov 2023 21:39:19 INFO  Finished training, best eval result in epoch 99
Thu 02 Nov 2023 21:39:20 INFO  Loading model structure and parameters from saved/NCL-Nov-02-2023_21-26-47.pth
Thu 02 Nov 2023 21:39:20 INFO  best valid : OrderedDict([('recall@10', 0.1786), ('recall@20', 0.2725), ('recall@50', 0.4435), ('ndcg@10', 0.2181), ('ndcg@20', 0.2379), ('ndcg@50', 0.2913)])
Thu 02 Nov 2023 21:39:20 INFO  test result: OrderedDict([('recall@10', 0.2038), ('recall@20', 0.3047), ('recall@50', 0.4706), ('ndcg@10', 0.2713), ('ndcg@20', 0.2836), ('ndcg@50', 0.3297)])
